

processing file: fitmultiMK_model_curation.Rmd
1/20                  
2/20 [setup]          
3/20                  
4/20 [environment]    
5/20                  
6/20 [unnamed-chunk-1]
7/20                  
8/20 [unnamed-chunk-2]
9/20                  
10/20 [unnamed-chunk-3]
11/20                  
12/20 [unnamed-chunk-4]
13/20                  
14/20 [ARD multi]      
15/20                  
16/20 [ER multi]       
17/20                  
18/20 [ARD single]     
19/20                  
20/20 [ER single]      
output file: fitmultiMK_model_curation.knit.md

/home/kgontjes/.conda/envs/phytools_v2_4_4/bin/pandoc +RTS -K512m -RTS fitmultiMK_model_curation.knit.md --to html4 --from markdown+autolink_bare_uris+tex_math_single_backslash --output fitmultiMK_model_curation.html --lua-filter /home/kgontjes/.conda/envs/phytools_v2_4_4/lib/R/library/rmarkdown/rmarkdown/lua/pagebreak.lua --lua-filter /home/kgontjes/.conda/envs/phytools_v2_4_4/lib/R/library/rmarkdown/rmarkdown/lua/latex-div.lua --lua-filter /home/kgontjes/.conda/envs/phytools_v2_4_4/lib/R/library/rmarkdown/rmarkdown/lua/table-classes.lua --embed-resources --standalone --variable bs3=TRUE --section-divs --template /home/kgontjes/.conda/envs/phytools_v2_4_4/lib/R/library/rmarkdown/rmd/h/default.html --no-highlight --variable highlightjs=1 --variable theme=bootstrap --mathjax --variable 'mathjax-url=https://mathjax.rstudio.com/latest/MathJax.js?config=TeX-AMS-MML_HTMLorMML' --include-in-header /tmp/RtmpZQdgN7/rmarkdown-str3e7ec4468edb75.html 

Output created: fitmultiMK_model_curation.html
