mob_recon 3.1.9
mob_typer 3.1.9
PCMP_H148
mob_recon --infile /nfs/turbo/umms-esnitkin/Project_Penn_KPC/Sequence_data/assembly/hybrid/polypolish/PCMP_H148/PCMP_H148/PCMP_H148\_flye_medaka_polypolish.fasta --outdir /nfs/turbo/umms-esnitkin/Project_Penn_KPC/Analysis/Combination_resistance/pre-intro-blbli-resistance-ms/data/mobsuite_hybrid/PCMP_H148 
PCMP_H15
mob_recon --infile /nfs/turbo/umms-esnitkin/Project_Penn_KPC/Sequence_data/assembly/hybrid/polypolish/PCMP_H15/PCMP_H15/PCMP_H15\_flye_medaka_polypolish.fasta --outdir /nfs/turbo/umms-esnitkin/Project_Penn_KPC/Analysis/Combination_resistance/pre-intro-blbli-resistance-ms/data/mobsuite_hybrid/PCMP_H15 
PCMP_H173
mob_recon --infile /nfs/turbo/umms-esnitkin/Project_Penn_KPC/Sequence_data/assembly/hybrid/polypolish/PCMP_H173/PCMP_H173/PCMP_H173\_flye_medaka_polypolish.fasta --outdir /nfs/turbo/umms-esnitkin/Project_Penn_KPC/Analysis/Combination_resistance/pre-intro-blbli-resistance-ms/data/mobsuite_hybrid/PCMP_H173 
PCMP_H276
mob_recon --infile /nfs/turbo/umms-esnitkin/Project_Penn_KPC/Sequence_data/assembly/hybrid/polypolish/PCMP_H276/PCMP_H276/PCMP_H276\_flye_medaka_polypolish.fasta --outdir /nfs/turbo/umms-esnitkin/Project_Penn_KPC/Analysis/Combination_resistance/pre-intro-blbli-resistance-ms/data/mobsuite_hybrid/PCMP_H276 
PCMP_H307
mob_recon --infile /nfs/turbo/umms-esnitkin/Project_Penn_KPC/Sequence_data/assembly/hybrid/polypolish/PCMP_H307/PCMP_H307/PCMP_H307\_flye_medaka_polypolish.fasta --outdir /nfs/turbo/umms-esnitkin/Project_Penn_KPC/Analysis/Combination_resistance/pre-intro-blbli-resistance-ms/data/mobsuite_hybrid/PCMP_H307 
PCMP_H339
mob_recon --infile /nfs/turbo/umms-esnitkin/Project_Penn_KPC/Sequence_data/assembly/hybrid/polypolish/PCMP_H339/PCMP_H339/PCMP_H339\_flye_medaka_polypolish.fasta --outdir /nfs/turbo/umms-esnitkin/Project_Penn_KPC/Analysis/Combination_resistance/pre-intro-blbli-resistance-ms/data/mobsuite_hybrid/PCMP_H339 
PCMP_H416
mob_recon --infile /nfs/turbo/umms-esnitkin/Project_Penn_KPC/Sequence_data/assembly/hybrid/polypolish/PCMP_H416/PCMP_H416/PCMP_H416\_flye_medaka_polypolish.fasta --outdir /nfs/turbo/umms-esnitkin/Project_Penn_KPC/Analysis/Combination_resistance/pre-intro-blbli-resistance-ms/data/mobsuite_hybrid/PCMP_H416 
PCMP_H434
mob_recon --infile /nfs/turbo/umms-esnitkin/Project_Penn_KPC/Sequence_data/assembly/hybrid/polypolish/PCMP_H434/PCMP_H434/PCMP_H434\_flye_medaka_polypolish.fasta --outdir /nfs/turbo/umms-esnitkin/Project_Penn_KPC/Analysis/Combination_resistance/pre-intro-blbli-resistance-ms/data/mobsuite_hybrid/PCMP_H434 
2025-06-23 15:25:10,939 mob_suite.mob_recon INFO: MOB-recon version 3.1.9  [in /home/kgontjes/.conda/envs/mobsuite_v3_1_9/lib/python3.11/site-packages/mob_suite/mob_recon.py:984]
2025-06-23 15:25:10,939 mob_suite.mob_recon INFO: SUCCESS: Found program blastn at /home/kgontjes/.conda/envs/mobsuite_v3_1_9/bin/blastn [in /home/kgontjes/.conda/envs/mobsuite_v3_1_9/lib/python3.11/site-packages/mob_suite/utils.py:597]
2025-06-23 15:25:10,939 mob_suite.mob_recon INFO: SUCCESS: Found program makeblastdb at /home/kgontjes/.conda/envs/mobsuite_v3_1_9/bin/makeblastdb [in /home/kgontjes/.conda/envs/mobsuite_v3_1_9/lib/python3.11/site-packages/mob_suite/utils.py:597]
2025-06-23 15:25:10,939 mob_suite.mob_recon INFO: SUCCESS: Found program tblastn at /home/kgontjes/.conda/envs/mobsuite_v3_1_9/bin/tblastn [in /home/kgontjes/.conda/envs/mobsuite_v3_1_9/lib/python3.11/site-packages/mob_suite/utils.py:597]
2025-06-23 15:25:10,942 mob_suite.mob_recon INFO: Processing fasta file /nfs/turbo/umms-esnitkin/Project_Penn_KPC/Sequence_data/assembly/hybrid/polypolish/PCMP_H173/PCMP_H173/PCMP_H173_flye_medaka_polypolish.fasta [in /home/kgontjes/.conda/envs/mobsuite_v3_1_9/lib/python3.11/site-packages/mob_suite/mob_recon.py:1011]
2025-06-23 15:25:10,942 mob_suite.mob_recon INFO: Analysis directory /nfs/turbo/umms-esnitkin/Project_Penn_KPC/Analysis/Combination_resistance/pre-intro-blbli-resistance-ms/data/mobsuite_hybrid/PCMP_H173 [in /home/kgontjes/.conda/envs/mobsuite_v3_1_9/lib/python3.11/site-packages/mob_suite/mob_recon.py:1012]
2025-06-23 15:25:13,105 mob_suite.mob_recon INFO: Writing cleaned header input fasta file from /nfs/turbo/umms-esnitkin/Project_Penn_KPC/Sequence_data/assembly/hybrid/polypolish/PCMP_H173/PCMP_H173/PCMP_H173_flye_medaka_polypolish.fasta to /nfs/turbo/umms-esnitkin/Project_Penn_KPC/Analysis/Combination_resistance/pre-intro-blbli-resistance-ms/data/mobsuite_hybrid/PCMP_H173/__tmp/fixed.input.fasta [in /home/kgontjes/.conda/envs/mobsuite_v3_1_9/lib/python3.11/site-packages/mob_suite/mob_recon.py:1107]
2025-06-23 15:25:14,197 root INFO: Blasting replicon sequences /home/kgontjes/.conda/envs/mobsuite_v3_1_9/lib/python3.11/site-packages/mob_suite/databases/rep.dna.fas against /nfs/turbo/umms-esnitkin/Project_Penn_KPC/Analysis/Combination_resistance/pre-intro-blbli-resistance-ms/data/mobsuite_hybrid/PCMP_H173/__tmp/fixed.input.fasta [in /home/kgontjes/.conda/envs/mobsuite_v3_1_9/lib/python3.11/site-packages/mob_suite/utils.py:1163]
/home/kgontjes/.conda/envs/mobsuite_v3_1_9/lib/python3.11/site-packages/mob_suite/utils.py:338: FutureWarning: the 'line_terminator'' keyword is deprecated, use 'lineterminator' instead.
  blast_df.to_csv(blast_results_file, sep='\t', header=True, line_terminator='\n', index=False)
2025-06-23 15:25:15,052 root INFO: Filtering replicon blast results /nfs/turbo/umms-esnitkin/Project_Penn_KPC/Analysis/Combination_resistance/pre-intro-blbli-resistance-ms/data/mobsuite_hybrid/PCMP_H173/__tmp/replicon_blast_results.txt  [in /home/kgontjes/.conda/envs/mobsuite_v3_1_9/lib/python3.11/site-packages/mob_suite/utils.py:1168]
2025-06-23 15:25:15,111 root INFO: Blasting relaxase sequences /home/kgontjes/.conda/envs/mobsuite_v3_1_9/lib/python3.11/site-packages/mob_suite/databases/mob.proteins.faa against /nfs/turbo/umms-esnitkin/Project_Penn_KPC/Analysis/Combination_resistance/pre-intro-blbli-resistance-ms/data/mobsuite_hybrid/PCMP_H173/__tmp/fixed.input.fasta [in /home/kgontjes/.conda/envs/mobsuite_v3_1_9/lib/python3.11/site-packages/mob_suite/utils.py:1186]
/home/kgontjes/.conda/envs/mobsuite_v3_1_9/lib/python3.11/site-packages/mob_suite/utils.py:365: FutureWarning: the 'line_terminator'' keyword is deprecated, use 'lineterminator' instead.
  blast_df.to_csv(blast_results_file, sep='\t', header=True, line_terminator='\n', index=False)
2025-06-23 15:26:42,444 root INFO: Filtering relaxase blast results /nfs/turbo/umms-esnitkin/Project_Penn_KPC/Analysis/Combination_resistance/pre-intro-blbli-resistance-ms/data/mobsuite_hybrid/PCMP_H173/__tmp/mob_blast_results.txt  [in /home/kgontjes/.conda/envs/mobsuite_v3_1_9/lib/python3.11/site-packages/mob_suite/utils.py:1191]
2025-06-23 15:26:42,461 root INFO: Blasting MPF sequences /home/kgontjes/.conda/envs/mobsuite_v3_1_9/lib/python3.11/site-packages/mob_suite/databases/mpf.proteins.faa against /nfs/turbo/umms-esnitkin/Project_Penn_KPC/Analysis/Combination_resistance/pre-intro-blbli-resistance-ms/data/mobsuite_hybrid/PCMP_H173/__tmp/fixed.input.fasta [in /home/kgontjes/.conda/envs/mobsuite_v3_1_9/lib/python3.11/site-packages/mob_suite/utils.py:1210]
/home/kgontjes/.conda/envs/mobsuite_v3_1_9/lib/python3.11/site-packages/mob_suite/utils.py:365: FutureWarning: the 'line_terminator'' keyword is deprecated, use 'lineterminator' instead.
  blast_df.to_csv(blast_results_file, sep='\t', header=True, line_terminator='\n', index=False)
2025-06-23 15:27:41,205 root INFO: Filtering MPF blast results /nfs/turbo/umms-esnitkin/Project_Penn_KPC/Analysis/Combination_resistance/pre-intro-blbli-resistance-ms/data/mobsuite_hybrid/PCMP_H173/__tmp/mpf_blast_results.txt  [in /home/kgontjes/.conda/envs/mobsuite_v3_1_9/lib/python3.11/site-packages/mob_suite/utils.py:1225]
2025-06-23 15:27:41,206 root INFO: Blasting orit sequences /home/kgontjes/.conda/envs/mobsuite_v3_1_9/lib/python3.11/site-packages/mob_suite/databases/orit.fas against /nfs/turbo/umms-esnitkin/Project_Penn_KPC/Analysis/Combination_resistance/pre-intro-blbli-resistance-ms/data/mobsuite_hybrid/PCMP_H173/__tmp/fixed.input.fasta [in /home/kgontjes/.conda/envs/mobsuite_v3_1_9/lib/python3.11/site-packages/mob_suite/utils.py:1234]
/home/kgontjes/.conda/envs/mobsuite_v3_1_9/lib/python3.11/site-packages/mob_suite/utils.py:338: FutureWarning: the 'line_terminator'' keyword is deprecated, use 'lineterminator' instead.
  blast_df.to_csv(blast_results_file, sep='\t', header=True, line_terminator='\n', index=False)
2025-06-23 15:27:41,411 root INFO: Filtering orit blast results /nfs/turbo/umms-esnitkin/Project_Penn_KPC/Analysis/Combination_resistance/pre-intro-blbli-resistance-ms/data/mobsuite_hybrid/PCMP_H173/__tmp/orit_blast_results.txt  [in /home/kgontjes/.conda/envs/mobsuite_v3_1_9/lib/python3.11/site-packages/mob_suite/utils.py:1239]
2025-06-23 15:27:41,437 root INFO: Blasting contigs against repetitive sequences db: /home/kgontjes/.conda/envs/mobsuite_v3_1_9/lib/python3.11/site-packages/mob_suite/databases/repetitive.dna.fas [in /home/kgontjes/.conda/envs/mobsuite_v3_1_9/lib/python3.11/site-packages/mob_suite/utils.py:1256]
/home/kgontjes/.conda/envs/mobsuite_v3_1_9/lib/python3.11/site-packages/mob_suite/utils.py:338: FutureWarning: the 'line_terminator'' keyword is deprecated, use 'lineterminator' instead.
  blast_df.to_csv(blast_results_file, sep='\t', header=True, line_terminator='\n', index=False)
2025-06-23 15:27:42,772 root INFO: Filtering repetitive blast results /nfs/turbo/umms-esnitkin/Project_Penn_KPC/Analysis/Combination_resistance/pre-intro-blbli-resistance-ms/data/mobsuite_hybrid/PCMP_H173/__tmp/repetitive_blast_results.txt  [in /home/kgontjes/.conda/envs/mobsuite_v3_1_9/lib/python3.11/site-packages/mob_suite/utils.py:1260]
2025-06-23 15:27:42,778 root INFO: Blasting contigs against reference sequence db: /home/kgontjes/.conda/envs/mobsuite_v3_1_9/lib/python3.11/site-packages/mob_suite/databases/ncbi_plasmid_full_seqs.fas [in /home/kgontjes/.conda/envs/mobsuite_v3_1_9/lib/python3.11/site-packages/mob_suite/mob_recon.py:1264]
/home/kgontjes/.conda/envs/mobsuite_v3_1_9/lib/python3.11/site-packages/mob_suite/utils.py:338: FutureWarning: the 'line_terminator'' keyword is deprecated, use 'lineterminator' instead.
  blast_df.to_csv(blast_results_file, sep='\t', header=True, line_terminator='\n', index=False)
2025-06-23 15:28:26,065 root INFO: Filtering contig blast results: /nfs/turbo/umms-esnitkin/Project_Penn_KPC/Analysis/Combination_resistance/pre-intro-blbli-resistance-ms/data/mobsuite_hybrid/PCMP_H173/__tmp/contig_blast_results.txt [in /home/kgontjes/.conda/envs/mobsuite_v3_1_9/lib/python3.11/site-packages/mob_suite/mob_recon.py:1269]
2025-06-23 15:28:26,283 root INFO: Assigning contigs to plasmid groups [in /home/kgontjes/.conda/envs/mobsuite_v3_1_9/lib/python3.11/site-packages/mob_suite/mob_recon.py:1284]
2025-06-23 15:28:29,235 root INFO: Writting contig results to /nfs/turbo/umms-esnitkin/Project_Penn_KPC/Analysis/Combination_resistance/pre-intro-blbli-resistance-ms/data/mobsuite_hybrid/PCMP_H173/contig_report.txt [in /home/kgontjes/.conda/envs/mobsuite_v3_1_9/lib/python3.11/site-packages/mob_suite/mob_recon.py:1387]
2025-06-23 15:28:30,834 root INFO: Writting plasmid sequences to /nfs/turbo/umms-esnitkin/Project_Penn_KPC/Analysis/Combination_resistance/pre-intro-blbli-resistance-ms/data/mobsuite_hybrid/PCMP_H173/plasmid_AA552.fasta [in /home/kgontjes/.conda/envs/mobsuite_v3_1_9/lib/python3.11/site-packages/mob_suite/utils.py:971]
2025-06-23 15:28:32,935 root INFO: Writting chromosome sequences to /nfs/turbo/umms-esnitkin/Project_Penn_KPC/Analysis/Combination_resistance/pre-intro-blbli-resistance-ms/data/mobsuite_hybrid/PCMP_H173/chromosome.fasta [in /home/kgontjes/.conda/envs/mobsuite_v3_1_9/lib/python3.11/site-packages/mob_suite/mob_recon.py:1404]
/home/kgontjes/.conda/envs/mobsuite_v3_1_9/lib/python3.11/site-packages/mob_suite/utils.py:338: FutureWarning: the 'line_terminator'' keyword is deprecated, use 'lineterminator' instead.
  blast_df.to_csv(blast_results_file, sep='\t', header=True, line_terminator='\n', index=False)
2025-06-23 15:28:34,004 root INFO: Creating plasmid biomarkers report ... [in /home/kgontjes/.conda/envs/mobsuite_v3_1_9/lib/python3.11/site-packages/mob_suite/utils.py:1382]
2025-06-23 15:28:34,116 root INFO: Writting plasmid biomarkers report contaning 13 biomarkers [in /home/kgontjes/.conda/envs/mobsuite_v3_1_9/lib/python3.11/site-packages/mob_suite/mob_recon.py:1478]
2025-06-23 15:28:34,119 root INFO: Cleaning up temporary files /nfs/turbo/umms-esnitkin/Project_Penn_KPC/Analysis/Combination_resistance/pre-intro-blbli-resistance-ms/data/mobsuite_hybrid/PCMP_H173/__tmp [in /home/kgontjes/.conda/envs/mobsuite_v3_1_9/lib/python3.11/site-packages/mob_suite/mob_recon.py:1484]
2025-06-23 15:28:34,141 mob_suite.mob_recon INFO: MOB-recon completed and results written to /nfs/turbo/umms-esnitkin/Project_Penn_KPC/Analysis/Combination_resistance/pre-intro-blbli-resistance-ms/data/mobsuite_hybrid/PCMP_H173 [in /home/kgontjes/.conda/envs/mobsuite_v3_1_9/lib/python3.11/site-packages/mob_suite/mob_recon.py:1486]
2025-06-23 15:25:10,819 mob_suite.mob_recon INFO: MOB-recon version 3.1.9  [in /home/kgontjes/.conda/envs/mobsuite_v3_1_9/lib/python3.11/site-packages/mob_suite/mob_recon.py:984]
2025-06-23 15:25:10,820 mob_suite.mob_recon INFO: SUCCESS: Found program blastn at /home/kgontjes/.conda/envs/mobsuite_v3_1_9/bin/blastn [in /home/kgontjes/.conda/envs/mobsuite_v3_1_9/lib/python3.11/site-packages/mob_suite/utils.py:597]
2025-06-23 15:25:10,820 mob_suite.mob_recon INFO: SUCCESS: Found program makeblastdb at /home/kgontjes/.conda/envs/mobsuite_v3_1_9/bin/makeblastdb [in /home/kgontjes/.conda/envs/mobsuite_v3_1_9/lib/python3.11/site-packages/mob_suite/utils.py:597]
2025-06-23 15:25:10,821 mob_suite.mob_recon INFO: SUCCESS: Found program tblastn at /home/kgontjes/.conda/envs/mobsuite_v3_1_9/bin/tblastn [in /home/kgontjes/.conda/envs/mobsuite_v3_1_9/lib/python3.11/site-packages/mob_suite/utils.py:597]
2025-06-23 15:25:10,823 mob_suite.mob_recon INFO: Processing fasta file /nfs/turbo/umms-esnitkin/Project_Penn_KPC/Sequence_data/assembly/hybrid/polypolish/PCMP_H148/PCMP_H148/PCMP_H148_flye_medaka_polypolish.fasta [in /home/kgontjes/.conda/envs/mobsuite_v3_1_9/lib/python3.11/site-packages/mob_suite/mob_recon.py:1011]
2025-06-23 15:25:10,823 mob_suite.mob_recon INFO: Analysis directory /nfs/turbo/umms-esnitkin/Project_Penn_KPC/Analysis/Combination_resistance/pre-intro-blbli-resistance-ms/data/mobsuite_hybrid/PCMP_H148 [in /home/kgontjes/.conda/envs/mobsuite_v3_1_9/lib/python3.11/site-packages/mob_suite/mob_recon.py:1012]
2025-06-23 15:25:12,980 mob_suite.mob_recon INFO: Writing cleaned header input fasta file from /nfs/turbo/umms-esnitkin/Project_Penn_KPC/Sequence_data/assembly/hybrid/polypolish/PCMP_H148/PCMP_H148/PCMP_H148_flye_medaka_polypolish.fasta to /nfs/turbo/umms-esnitkin/Project_Penn_KPC/Analysis/Combination_resistance/pre-intro-blbli-resistance-ms/data/mobsuite_hybrid/PCMP_H148/__tmp/fixed.input.fasta [in /home/kgontjes/.conda/envs/mobsuite_v3_1_9/lib/python3.11/site-packages/mob_suite/mob_recon.py:1107]
2025-06-23 15:25:14,194 root INFO: Blasting replicon sequences /home/kgontjes/.conda/envs/mobsuite_v3_1_9/lib/python3.11/site-packages/mob_suite/databases/rep.dna.fas against /nfs/turbo/umms-esnitkin/Project_Penn_KPC/Analysis/Combination_resistance/pre-intro-blbli-resistance-ms/data/mobsuite_hybrid/PCMP_H148/__tmp/fixed.input.fasta [in /home/kgontjes/.conda/envs/mobsuite_v3_1_9/lib/python3.11/site-packages/mob_suite/utils.py:1163]
/home/kgontjes/.conda/envs/mobsuite_v3_1_9/lib/python3.11/site-packages/mob_suite/utils.py:338: FutureWarning: the 'line_terminator'' keyword is deprecated, use 'lineterminator' instead.
  blast_df.to_csv(blast_results_file, sep='\t', header=True, line_terminator='\n', index=False)
2025-06-23 15:25:14,983 root INFO: Filtering replicon blast results /nfs/turbo/umms-esnitkin/Project_Penn_KPC/Analysis/Combination_resistance/pre-intro-blbli-resistance-ms/data/mobsuite_hybrid/PCMP_H148/__tmp/replicon_blast_results.txt  [in /home/kgontjes/.conda/envs/mobsuite_v3_1_9/lib/python3.11/site-packages/mob_suite/utils.py:1168]
2025-06-23 15:25:15,029 root INFO: Blasting relaxase sequences /home/kgontjes/.conda/envs/mobsuite_v3_1_9/lib/python3.11/site-packages/mob_suite/databases/mob.proteins.faa against /nfs/turbo/umms-esnitkin/Project_Penn_KPC/Analysis/Combination_resistance/pre-intro-blbli-resistance-ms/data/mobsuite_hybrid/PCMP_H148/__tmp/fixed.input.fasta [in /home/kgontjes/.conda/envs/mobsuite_v3_1_9/lib/python3.11/site-packages/mob_suite/utils.py:1186]
/home/kgontjes/.conda/envs/mobsuite_v3_1_9/lib/python3.11/site-packages/mob_suite/utils.py:365: FutureWarning: the 'line_terminator'' keyword is deprecated, use 'lineterminator' instead.
  blast_df.to_csv(blast_results_file, sep='\t', header=True, line_terminator='\n', index=False)
2025-06-23 15:26:42,482 root INFO: Filtering relaxase blast results /nfs/turbo/umms-esnitkin/Project_Penn_KPC/Analysis/Combination_resistance/pre-intro-blbli-resistance-ms/data/mobsuite_hybrid/PCMP_H148/__tmp/mob_blast_results.txt  [in /home/kgontjes/.conda/envs/mobsuite_v3_1_9/lib/python3.11/site-packages/mob_suite/utils.py:1191]
2025-06-23 15:26:42,544 root INFO: Blasting MPF sequences /home/kgontjes/.conda/envs/mobsuite_v3_1_9/lib/python3.11/site-packages/mob_suite/databases/mpf.proteins.faa against /nfs/turbo/umms-esnitkin/Project_Penn_KPC/Analysis/Combination_resistance/pre-intro-blbli-resistance-ms/data/mobsuite_hybrid/PCMP_H148/__tmp/fixed.input.fasta [in /home/kgontjes/.conda/envs/mobsuite_v3_1_9/lib/python3.11/site-packages/mob_suite/utils.py:1210]
/home/kgontjes/.conda/envs/mobsuite_v3_1_9/lib/python3.11/site-packages/mob_suite/utils.py:365: FutureWarning: the 'line_terminator'' keyword is deprecated, use 'lineterminator' instead.
  blast_df.to_csv(blast_results_file, sep='\t', header=True, line_terminator='\n', index=False)
2025-06-23 15:27:43,241 root INFO: Filtering MPF blast results /nfs/turbo/umms-esnitkin/Project_Penn_KPC/Analysis/Combination_resistance/pre-intro-blbli-resistance-ms/data/mobsuite_hybrid/PCMP_H148/__tmp/mpf_blast_results.txt  [in /home/kgontjes/.conda/envs/mobsuite_v3_1_9/lib/python3.11/site-packages/mob_suite/utils.py:1225]
2025-06-23 15:27:43,242 root INFO: Blasting orit sequences /home/kgontjes/.conda/envs/mobsuite_v3_1_9/lib/python3.11/site-packages/mob_suite/databases/orit.fas against /nfs/turbo/umms-esnitkin/Project_Penn_KPC/Analysis/Combination_resistance/pre-intro-blbli-resistance-ms/data/mobsuite_hybrid/PCMP_H148/__tmp/fixed.input.fasta [in /home/kgontjes/.conda/envs/mobsuite_v3_1_9/lib/python3.11/site-packages/mob_suite/utils.py:1234]
/home/kgontjes/.conda/envs/mobsuite_v3_1_9/lib/python3.11/site-packages/mob_suite/utils.py:338: FutureWarning: the 'line_terminator'' keyword is deprecated, use 'lineterminator' instead.
  blast_df.to_csv(blast_results_file, sep='\t', header=True, line_terminator='\n', index=False)
2025-06-23 15:27:43,693 root INFO: Filtering orit blast results /nfs/turbo/umms-esnitkin/Project_Penn_KPC/Analysis/Combination_resistance/pre-intro-blbli-resistance-ms/data/mobsuite_hybrid/PCMP_H148/__tmp/orit_blast_results.txt  [in /home/kgontjes/.conda/envs/mobsuite_v3_1_9/lib/python3.11/site-packages/mob_suite/utils.py:1239]
2025-06-23 15:27:43,718 root INFO: Blasting contigs against repetitive sequences db: /home/kgontjes/.conda/envs/mobsuite_v3_1_9/lib/python3.11/site-packages/mob_suite/databases/repetitive.dna.fas [in /home/kgontjes/.conda/envs/mobsuite_v3_1_9/lib/python3.11/site-packages/mob_suite/utils.py:1256]
/home/kgontjes/.conda/envs/mobsuite_v3_1_9/lib/python3.11/site-packages/mob_suite/utils.py:338: FutureWarning: the 'line_terminator'' keyword is deprecated, use 'lineterminator' instead.
  blast_df.to_csv(blast_results_file, sep='\t', header=True, line_terminator='\n', index=False)
2025-06-23 15:27:44,719 root INFO: Filtering repetitive blast results /nfs/turbo/umms-esnitkin/Project_Penn_KPC/Analysis/Combination_resistance/pre-intro-blbli-resistance-ms/data/mobsuite_hybrid/PCMP_H148/__tmp/repetitive_blast_results.txt  [in /home/kgontjes/.conda/envs/mobsuite_v3_1_9/lib/python3.11/site-packages/mob_suite/utils.py:1260]
2025-06-23 15:27:44,724 root INFO: Blasting contigs against reference sequence db: /home/kgontjes/.conda/envs/mobsuite_v3_1_9/lib/python3.11/site-packages/mob_suite/databases/ncbi_plasmid_full_seqs.fas [in /home/kgontjes/.conda/envs/mobsuite_v3_1_9/lib/python3.11/site-packages/mob_suite/mob_recon.py:1264]
/home/kgontjes/.conda/envs/mobsuite_v3_1_9/lib/python3.11/site-packages/mob_suite/utils.py:338: FutureWarning: the 'line_terminator'' keyword is deprecated, use 'lineterminator' instead.
  blast_df.to_csv(blast_results_file, sep='\t', header=True, line_terminator='\n', index=False)
2025-06-23 15:28:41,592 root INFO: Filtering contig blast results: /nfs/turbo/umms-esnitkin/Project_Penn_KPC/Analysis/Combination_resistance/pre-intro-blbli-resistance-ms/data/mobsuite_hybrid/PCMP_H148/__tmp/contig_blast_results.txt [in /home/kgontjes/.conda/envs/mobsuite_v3_1_9/lib/python3.11/site-packages/mob_suite/mob_recon.py:1269]
2025-06-23 15:28:41,799 root INFO: Assigning contigs to plasmid groups [in /home/kgontjes/.conda/envs/mobsuite_v3_1_9/lib/python3.11/site-packages/mob_suite/mob_recon.py:1284]
2025-06-23 15:28:47,425 root INFO: Writting contig results to /nfs/turbo/umms-esnitkin/Project_Penn_KPC/Analysis/Combination_resistance/pre-intro-blbli-resistance-ms/data/mobsuite_hybrid/PCMP_H148/contig_report.txt [in /home/kgontjes/.conda/envs/mobsuite_v3_1_9/lib/python3.11/site-packages/mob_suite/mob_recon.py:1387]
2025-06-23 15:28:49,111 root INFO: Writting plasmid sequences to /nfs/turbo/umms-esnitkin/Project_Penn_KPC/Analysis/Combination_resistance/pre-intro-blbli-resistance-ms/data/mobsuite_hybrid/PCMP_H148/plasmid_AA018.fasta [in /home/kgontjes/.conda/envs/mobsuite_v3_1_9/lib/python3.11/site-packages/mob_suite/utils.py:971]
2025-06-23 15:28:49,395 root INFO: Writting plasmid sequences to /nfs/turbo/umms-esnitkin/Project_Penn_KPC/Analysis/Combination_resistance/pre-intro-blbli-resistance-ms/data/mobsuite_hybrid/PCMP_H148/plasmid_AA552.fasta [in /home/kgontjes/.conda/envs/mobsuite_v3_1_9/lib/python3.11/site-packages/mob_suite/utils.py:971]
2025-06-23 15:28:51,269 root INFO: Writting plasmid sequences to /nfs/turbo/umms-esnitkin/Project_Penn_KPC/Analysis/Combination_resistance/pre-intro-blbli-resistance-ms/data/mobsuite_hybrid/PCMP_H148/plasmid_AA941.fasta [in /home/kgontjes/.conda/envs/mobsuite_v3_1_9/lib/python3.11/site-packages/mob_suite/utils.py:971]
2025-06-23 15:28:52,313 root INFO: Writting chromosome sequences to /nfs/turbo/umms-esnitkin/Project_Penn_KPC/Analysis/Combination_resistance/pre-intro-blbli-resistance-ms/data/mobsuite_hybrid/PCMP_H148/chromosome.fasta [in /home/kgontjes/.conda/envs/mobsuite_v3_1_9/lib/python3.11/site-packages/mob_suite/mob_recon.py:1404]
/home/kgontjes/.conda/envs/mobsuite_v3_1_9/lib/python3.11/site-packages/mob_suite/utils.py:338: FutureWarning: the 'line_terminator'' keyword is deprecated, use 'lineterminator' instead.
  blast_df.to_csv(blast_results_file, sep='\t', header=True, line_terminator='\n', index=False)
2025-06-23 15:28:53,435 root INFO: Creating plasmid biomarkers report ... [in /home/kgontjes/.conda/envs/mobsuite_v3_1_9/lib/python3.11/site-packages/mob_suite/utils.py:1382]
2025-06-23 15:28:53,587 root INFO: Writting plasmid biomarkers report contaning 23 biomarkers [in /home/kgontjes/.conda/envs/mobsuite_v3_1_9/lib/python3.11/site-packages/mob_suite/mob_recon.py:1478]
2025-06-23 15:28:53,591 root INFO: Cleaning up temporary files /nfs/turbo/umms-esnitkin/Project_Penn_KPC/Analysis/Combination_resistance/pre-intro-blbli-resistance-ms/data/mobsuite_hybrid/PCMP_H148/__tmp [in /home/kgontjes/.conda/envs/mobsuite_v3_1_9/lib/python3.11/site-packages/mob_suite/mob_recon.py:1484]
2025-06-23 15:28:53,615 mob_suite.mob_recon INFO: MOB-recon completed and results written to /nfs/turbo/umms-esnitkin/Project_Penn_KPC/Analysis/Combination_resistance/pre-intro-blbli-resistance-ms/data/mobsuite_hybrid/PCMP_H148 [in /home/kgontjes/.conda/envs/mobsuite_v3_1_9/lib/python3.11/site-packages/mob_suite/mob_recon.py:1486]
2025-06-23 15:25:10,897 mob_suite.mob_recon INFO: MOB-recon version 3.1.9  [in /home/kgontjes/.conda/envs/mobsuite_v3_1_9/lib/python3.11/site-packages/mob_suite/mob_recon.py:984]
2025-06-23 15:25:10,897 mob_suite.mob_recon INFO: SUCCESS: Found program blastn at /home/kgontjes/.conda/envs/mobsuite_v3_1_9/bin/blastn [in /home/kgontjes/.conda/envs/mobsuite_v3_1_9/lib/python3.11/site-packages/mob_suite/utils.py:597]
2025-06-23 15:25:10,898 mob_suite.mob_recon INFO: SUCCESS: Found program makeblastdb at /home/kgontjes/.conda/envs/mobsuite_v3_1_9/bin/makeblastdb [in /home/kgontjes/.conda/envs/mobsuite_v3_1_9/lib/python3.11/site-packages/mob_suite/utils.py:597]
2025-06-23 15:25:10,898 mob_suite.mob_recon INFO: SUCCESS: Found program tblastn at /home/kgontjes/.conda/envs/mobsuite_v3_1_9/bin/tblastn [in /home/kgontjes/.conda/envs/mobsuite_v3_1_9/lib/python3.11/site-packages/mob_suite/utils.py:597]
2025-06-23 15:25:10,900 mob_suite.mob_recon INFO: Processing fasta file /nfs/turbo/umms-esnitkin/Project_Penn_KPC/Sequence_data/assembly/hybrid/polypolish/PCMP_H276/PCMP_H276/PCMP_H276_flye_medaka_polypolish.fasta [in /home/kgontjes/.conda/envs/mobsuite_v3_1_9/lib/python3.11/site-packages/mob_suite/mob_recon.py:1011]
2025-06-23 15:25:10,900 mob_suite.mob_recon INFO: Analysis directory /nfs/turbo/umms-esnitkin/Project_Penn_KPC/Analysis/Combination_resistance/pre-intro-blbli-resistance-ms/data/mobsuite_hybrid/PCMP_H276 [in /home/kgontjes/.conda/envs/mobsuite_v3_1_9/lib/python3.11/site-packages/mob_suite/mob_recon.py:1012]
2025-06-23 15:25:13,029 mob_suite.mob_recon INFO: Writing cleaned header input fasta file from /nfs/turbo/umms-esnitkin/Project_Penn_KPC/Sequence_data/assembly/hybrid/polypolish/PCMP_H276/PCMP_H276/PCMP_H276_flye_medaka_polypolish.fasta to /nfs/turbo/umms-esnitkin/Project_Penn_KPC/Analysis/Combination_resistance/pre-intro-blbli-resistance-ms/data/mobsuite_hybrid/PCMP_H276/__tmp/fixed.input.fasta [in /home/kgontjes/.conda/envs/mobsuite_v3_1_9/lib/python3.11/site-packages/mob_suite/mob_recon.py:1107]
2025-06-23 15:25:14,214 root INFO: Blasting replicon sequences /home/kgontjes/.conda/envs/mobsuite_v3_1_9/lib/python3.11/site-packages/mob_suite/databases/rep.dna.fas against /nfs/turbo/umms-esnitkin/Project_Penn_KPC/Analysis/Combination_resistance/pre-intro-blbli-resistance-ms/data/mobsuite_hybrid/PCMP_H276/__tmp/fixed.input.fasta [in /home/kgontjes/.conda/envs/mobsuite_v3_1_9/lib/python3.11/site-packages/mob_suite/utils.py:1163]
/home/kgontjes/.conda/envs/mobsuite_v3_1_9/lib/python3.11/site-packages/mob_suite/utils.py:338: FutureWarning: the 'line_terminator'' keyword is deprecated, use 'lineterminator' instead.
  blast_df.to_csv(blast_results_file, sep='\t', header=True, line_terminator='\n', index=False)
2025-06-23 15:25:15,003 root INFO: Filtering replicon blast results /nfs/turbo/umms-esnitkin/Project_Penn_KPC/Analysis/Combination_resistance/pre-intro-blbli-resistance-ms/data/mobsuite_hybrid/PCMP_H276/__tmp/replicon_blast_results.txt  [in /home/kgontjes/.conda/envs/mobsuite_v3_1_9/lib/python3.11/site-packages/mob_suite/utils.py:1168]
2025-06-23 15:25:15,053 root INFO: Blasting relaxase sequences /home/kgontjes/.conda/envs/mobsuite_v3_1_9/lib/python3.11/site-packages/mob_suite/databases/mob.proteins.faa against /nfs/turbo/umms-esnitkin/Project_Penn_KPC/Analysis/Combination_resistance/pre-intro-blbli-resistance-ms/data/mobsuite_hybrid/PCMP_H276/__tmp/fixed.input.fasta [in /home/kgontjes/.conda/envs/mobsuite_v3_1_9/lib/python3.11/site-packages/mob_suite/utils.py:1186]
/home/kgontjes/.conda/envs/mobsuite_v3_1_9/lib/python3.11/site-packages/mob_suite/utils.py:365: FutureWarning: the 'line_terminator'' keyword is deprecated, use 'lineterminator' instead.
  blast_df.to_csv(blast_results_file, sep='\t', header=True, line_terminator='\n', index=False)
2025-06-23 15:26:43,950 root INFO: Filtering relaxase blast results /nfs/turbo/umms-esnitkin/Project_Penn_KPC/Analysis/Combination_resistance/pre-intro-blbli-resistance-ms/data/mobsuite_hybrid/PCMP_H276/__tmp/mob_blast_results.txt  [in /home/kgontjes/.conda/envs/mobsuite_v3_1_9/lib/python3.11/site-packages/mob_suite/utils.py:1191]
2025-06-23 15:26:43,987 root INFO: Blasting MPF sequences /home/kgontjes/.conda/envs/mobsuite_v3_1_9/lib/python3.11/site-packages/mob_suite/databases/mpf.proteins.faa against /nfs/turbo/umms-esnitkin/Project_Penn_KPC/Analysis/Combination_resistance/pre-intro-blbli-resistance-ms/data/mobsuite_hybrid/PCMP_H276/__tmp/fixed.input.fasta [in /home/kgontjes/.conda/envs/mobsuite_v3_1_9/lib/python3.11/site-packages/mob_suite/utils.py:1210]
/home/kgontjes/.conda/envs/mobsuite_v3_1_9/lib/python3.11/site-packages/mob_suite/utils.py:365: FutureWarning: the 'line_terminator'' keyword is deprecated, use 'lineterminator' instead.
  blast_df.to_csv(blast_results_file, sep='\t', header=True, line_terminator='\n', index=False)
2025-06-23 15:27:45,215 root INFO: Filtering MPF blast results /nfs/turbo/umms-esnitkin/Project_Penn_KPC/Analysis/Combination_resistance/pre-intro-blbli-resistance-ms/data/mobsuite_hybrid/PCMP_H276/__tmp/mpf_blast_results.txt  [in /home/kgontjes/.conda/envs/mobsuite_v3_1_9/lib/python3.11/site-packages/mob_suite/utils.py:1225]
2025-06-23 15:27:45,216 root INFO: Blasting orit sequences /home/kgontjes/.conda/envs/mobsuite_v3_1_9/lib/python3.11/site-packages/mob_suite/databases/orit.fas against /nfs/turbo/umms-esnitkin/Project_Penn_KPC/Analysis/Combination_resistance/pre-intro-blbli-resistance-ms/data/mobsuite_hybrid/PCMP_H276/__tmp/fixed.input.fasta [in /home/kgontjes/.conda/envs/mobsuite_v3_1_9/lib/python3.11/site-packages/mob_suite/utils.py:1234]
/home/kgontjes/.conda/envs/mobsuite_v3_1_9/lib/python3.11/site-packages/mob_suite/utils.py:338: FutureWarning: the 'line_terminator'' keyword is deprecated, use 'lineterminator' instead.
  blast_df.to_csv(blast_results_file, sep='\t', header=True, line_terminator='\n', index=False)
2025-06-23 15:27:45,442 root INFO: Filtering orit blast results /nfs/turbo/umms-esnitkin/Project_Penn_KPC/Analysis/Combination_resistance/pre-intro-blbli-resistance-ms/data/mobsuite_hybrid/PCMP_H276/__tmp/orit_blast_results.txt  [in /home/kgontjes/.conda/envs/mobsuite_v3_1_9/lib/python3.11/site-packages/mob_suite/utils.py:1239]
2025-06-23 15:27:45,481 root INFO: Blasting contigs against repetitive sequences db: /home/kgontjes/.conda/envs/mobsuite_v3_1_9/lib/python3.11/site-packages/mob_suite/databases/repetitive.dna.fas [in /home/kgontjes/.conda/envs/mobsuite_v3_1_9/lib/python3.11/site-packages/mob_suite/utils.py:1256]
/home/kgontjes/.conda/envs/mobsuite_v3_1_9/lib/python3.11/site-packages/mob_suite/utils.py:338: FutureWarning: the 'line_terminator'' keyword is deprecated, use 'lineterminator' instead.
  blast_df.to_csv(blast_results_file, sep='\t', header=True, line_terminator='\n', index=False)
2025-06-23 15:27:47,505 root INFO: Filtering repetitive blast results /nfs/turbo/umms-esnitkin/Project_Penn_KPC/Analysis/Combination_resistance/pre-intro-blbli-resistance-ms/data/mobsuite_hybrid/PCMP_H276/__tmp/repetitive_blast_results.txt  [in /home/kgontjes/.conda/envs/mobsuite_v3_1_9/lib/python3.11/site-packages/mob_suite/utils.py:1260]
2025-06-23 15:27:47,510 root INFO: Blasting contigs against reference sequence db: /home/kgontjes/.conda/envs/mobsuite_v3_1_9/lib/python3.11/site-packages/mob_suite/databases/ncbi_plasmid_full_seqs.fas [in /home/kgontjes/.conda/envs/mobsuite_v3_1_9/lib/python3.11/site-packages/mob_suite/mob_recon.py:1264]
/home/kgontjes/.conda/envs/mobsuite_v3_1_9/lib/python3.11/site-packages/mob_suite/utils.py:338: FutureWarning: the 'line_terminator'' keyword is deprecated, use 'lineterminator' instead.
  blast_df.to_csv(blast_results_file, sep='\t', header=True, line_terminator='\n', index=False)
2025-06-23 15:28:46,224 root INFO: Filtering contig blast results: /nfs/turbo/umms-esnitkin/Project_Penn_KPC/Analysis/Combination_resistance/pre-intro-blbli-resistance-ms/data/mobsuite_hybrid/PCMP_H276/__tmp/contig_blast_results.txt [in /home/kgontjes/.conda/envs/mobsuite_v3_1_9/lib/python3.11/site-packages/mob_suite/mob_recon.py:1269]
2025-06-23 15:28:47,082 root INFO: Assigning contigs to plasmid groups [in /home/kgontjes/.conda/envs/mobsuite_v3_1_9/lib/python3.11/site-packages/mob_suite/mob_recon.py:1284]
2025-06-23 15:28:54,190 root INFO: Writting contig results to /nfs/turbo/umms-esnitkin/Project_Penn_KPC/Analysis/Combination_resistance/pre-intro-blbli-resistance-ms/data/mobsuite_hybrid/PCMP_H276/contig_report.txt [in /home/kgontjes/.conda/envs/mobsuite_v3_1_9/lib/python3.11/site-packages/mob_suite/mob_recon.py:1387]
2025-06-23 15:28:55,857 root INFO: Writting plasmid sequences to /nfs/turbo/umms-esnitkin/Project_Penn_KPC/Analysis/Combination_resistance/pre-intro-blbli-resistance-ms/data/mobsuite_hybrid/PCMP_H276/plasmid_AA018.fasta [in /home/kgontjes/.conda/envs/mobsuite_v3_1_9/lib/python3.11/site-packages/mob_suite/utils.py:971]
2025-06-23 15:28:56,340 root INFO: Writting plasmid sequences to /nfs/turbo/umms-esnitkin/Project_Penn_KPC/Analysis/Combination_resistance/pre-intro-blbli-resistance-ms/data/mobsuite_hybrid/PCMP_H276/plasmid_AA552.fasta [in /home/kgontjes/.conda/envs/mobsuite_v3_1_9/lib/python3.11/site-packages/mob_suite/utils.py:971]
2025-06-23 15:28:58,509 root INFO: Writting plasmid sequences to /nfs/turbo/umms-esnitkin/Project_Penn_KPC/Analysis/Combination_resistance/pre-intro-blbli-resistance-ms/data/mobsuite_hybrid/PCMP_H276/plasmid_AA941.fasta [in /home/kgontjes/.conda/envs/mobsuite_v3_1_9/lib/python3.11/site-packages/mob_suite/utils.py:971]
2025-06-23 15:28:59,582 root INFO: Writting chromosome sequences to /nfs/turbo/umms-esnitkin/Project_Penn_KPC/Analysis/Combination_resistance/pre-intro-blbli-resistance-ms/data/mobsuite_hybrid/PCMP_H276/chromosome.fasta [in /home/kgontjes/.conda/envs/mobsuite_v3_1_9/lib/python3.11/site-packages/mob_suite/mob_recon.py:1404]
/home/kgontjes/.conda/envs/mobsuite_v3_1_9/lib/python3.11/site-packages/mob_suite/utils.py:338: FutureWarning: the 'line_terminator'' keyword is deprecated, use 'lineterminator' instead.
  blast_df.to_csv(blast_results_file, sep='\t', header=True, line_terminator='\n', index=False)
2025-06-23 15:29:00,907 root INFO: Creating plasmid biomarkers report ... [in /home/kgontjes/.conda/envs/mobsuite_v3_1_9/lib/python3.11/site-packages/mob_suite/utils.py:1382]
2025-06-23 15:29:01,235 root INFO: Writting plasmid biomarkers report contaning 28 biomarkers [in /home/kgontjes/.conda/envs/mobsuite_v3_1_9/lib/python3.11/site-packages/mob_suite/mob_recon.py:1478]
2025-06-23 15:29:01,251 root INFO: Cleaning up temporary files /nfs/turbo/umms-esnitkin/Project_Penn_KPC/Analysis/Combination_resistance/pre-intro-blbli-resistance-ms/data/mobsuite_hybrid/PCMP_H276/__tmp [in /home/kgontjes/.conda/envs/mobsuite_v3_1_9/lib/python3.11/site-packages/mob_suite/mob_recon.py:1484]
2025-06-23 15:29:01,274 mob_suite.mob_recon INFO: MOB-recon completed and results written to /nfs/turbo/umms-esnitkin/Project_Penn_KPC/Analysis/Combination_resistance/pre-intro-blbli-resistance-ms/data/mobsuite_hybrid/PCMP_H276 [in /home/kgontjes/.conda/envs/mobsuite_v3_1_9/lib/python3.11/site-packages/mob_suite/mob_recon.py:1486]
2025-06-23 15:25:10,819 mob_suite.mob_recon INFO: MOB-recon version 3.1.9  [in /home/kgontjes/.conda/envs/mobsuite_v3_1_9/lib/python3.11/site-packages/mob_suite/mob_recon.py:984]
2025-06-23 15:25:10,820 mob_suite.mob_recon INFO: SUCCESS: Found program blastn at /home/kgontjes/.conda/envs/mobsuite_v3_1_9/bin/blastn [in /home/kgontjes/.conda/envs/mobsuite_v3_1_9/lib/python3.11/site-packages/mob_suite/utils.py:597]
2025-06-23 15:25:10,820 mob_suite.mob_recon INFO: SUCCESS: Found program makeblastdb at /home/kgontjes/.conda/envs/mobsuite_v3_1_9/bin/makeblastdb [in /home/kgontjes/.conda/envs/mobsuite_v3_1_9/lib/python3.11/site-packages/mob_suite/utils.py:597]
2025-06-23 15:25:10,821 mob_suite.mob_recon INFO: SUCCESS: Found program tblastn at /home/kgontjes/.conda/envs/mobsuite_v3_1_9/bin/tblastn [in /home/kgontjes/.conda/envs/mobsuite_v3_1_9/lib/python3.11/site-packages/mob_suite/utils.py:597]
2025-06-23 15:25:10,823 mob_suite.mob_recon INFO: Processing fasta file /nfs/turbo/umms-esnitkin/Project_Penn_KPC/Sequence_data/assembly/hybrid/polypolish/PCMP_H15/PCMP_H15/PCMP_H15_flye_medaka_polypolish.fasta [in /home/kgontjes/.conda/envs/mobsuite_v3_1_9/lib/python3.11/site-packages/mob_suite/mob_recon.py:1011]
2025-06-23 15:25:10,823 mob_suite.mob_recon INFO: Analysis directory /nfs/turbo/umms-esnitkin/Project_Penn_KPC/Analysis/Combination_resistance/pre-intro-blbli-resistance-ms/data/mobsuite_hybrid/PCMP_H15 [in /home/kgontjes/.conda/envs/mobsuite_v3_1_9/lib/python3.11/site-packages/mob_suite/mob_recon.py:1012]
2025-06-23 15:25:12,980 mob_suite.mob_recon INFO: Writing cleaned header input fasta file from /nfs/turbo/umms-esnitkin/Project_Penn_KPC/Sequence_data/assembly/hybrid/polypolish/PCMP_H15/PCMP_H15/PCMP_H15_flye_medaka_polypolish.fasta to /nfs/turbo/umms-esnitkin/Project_Penn_KPC/Analysis/Combination_resistance/pre-intro-blbli-resistance-ms/data/mobsuite_hybrid/PCMP_H15/__tmp/fixed.input.fasta [in /home/kgontjes/.conda/envs/mobsuite_v3_1_9/lib/python3.11/site-packages/mob_suite/mob_recon.py:1107]
2025-06-23 15:25:14,217 root INFO: Blasting replicon sequences /home/kgontjes/.conda/envs/mobsuite_v3_1_9/lib/python3.11/site-packages/mob_suite/databases/rep.dna.fas against /nfs/turbo/umms-esnitkin/Project_Penn_KPC/Analysis/Combination_resistance/pre-intro-blbli-resistance-ms/data/mobsuite_hybrid/PCMP_H15/__tmp/fixed.input.fasta [in /home/kgontjes/.conda/envs/mobsuite_v3_1_9/lib/python3.11/site-packages/mob_suite/utils.py:1163]
/home/kgontjes/.conda/envs/mobsuite_v3_1_9/lib/python3.11/site-packages/mob_suite/utils.py:338: FutureWarning: the 'line_terminator'' keyword is deprecated, use 'lineterminator' instead.
  blast_df.to_csv(blast_results_file, sep='\t', header=True, line_terminator='\n', index=False)
2025-06-23 15:25:14,977 root INFO: Filtering replicon blast results /nfs/turbo/umms-esnitkin/Project_Penn_KPC/Analysis/Combination_resistance/pre-intro-blbli-resistance-ms/data/mobsuite_hybrid/PCMP_H15/__tmp/replicon_blast_results.txt  [in /home/kgontjes/.conda/envs/mobsuite_v3_1_9/lib/python3.11/site-packages/mob_suite/utils.py:1168]
2025-06-23 15:25:15,026 root INFO: Blasting relaxase sequences /home/kgontjes/.conda/envs/mobsuite_v3_1_9/lib/python3.11/site-packages/mob_suite/databases/mob.proteins.faa against /nfs/turbo/umms-esnitkin/Project_Penn_KPC/Analysis/Combination_resistance/pre-intro-blbli-resistance-ms/data/mobsuite_hybrid/PCMP_H15/__tmp/fixed.input.fasta [in /home/kgontjes/.conda/envs/mobsuite_v3_1_9/lib/python3.11/site-packages/mob_suite/utils.py:1186]
/home/kgontjes/.conda/envs/mobsuite_v3_1_9/lib/python3.11/site-packages/mob_suite/utils.py:365: FutureWarning: the 'line_terminator'' keyword is deprecated, use 'lineterminator' instead.
  blast_df.to_csv(blast_results_file, sep='\t', header=True, line_terminator='\n', index=False)
2025-06-23 15:26:44,019 root INFO: Filtering relaxase blast results /nfs/turbo/umms-esnitkin/Project_Penn_KPC/Analysis/Combination_resistance/pre-intro-blbli-resistance-ms/data/mobsuite_hybrid/PCMP_H15/__tmp/mob_blast_results.txt  [in /home/kgontjes/.conda/envs/mobsuite_v3_1_9/lib/python3.11/site-packages/mob_suite/utils.py:1191]
2025-06-23 15:26:44,039 root INFO: Blasting MPF sequences /home/kgontjes/.conda/envs/mobsuite_v3_1_9/lib/python3.11/site-packages/mob_suite/databases/mpf.proteins.faa against /nfs/turbo/umms-esnitkin/Project_Penn_KPC/Analysis/Combination_resistance/pre-intro-blbli-resistance-ms/data/mobsuite_hybrid/PCMP_H15/__tmp/fixed.input.fasta [in /home/kgontjes/.conda/envs/mobsuite_v3_1_9/lib/python3.11/site-packages/mob_suite/utils.py:1210]
/home/kgontjes/.conda/envs/mobsuite_v3_1_9/lib/python3.11/site-packages/mob_suite/utils.py:365: FutureWarning: the 'line_terminator'' keyword is deprecated, use 'lineterminator' instead.
  blast_df.to_csv(blast_results_file, sep='\t', header=True, line_terminator='\n', index=False)
2025-06-23 15:27:46,103 root INFO: Filtering MPF blast results /nfs/turbo/umms-esnitkin/Project_Penn_KPC/Analysis/Combination_resistance/pre-intro-blbli-resistance-ms/data/mobsuite_hybrid/PCMP_H15/__tmp/mpf_blast_results.txt  [in /home/kgontjes/.conda/envs/mobsuite_v3_1_9/lib/python3.11/site-packages/mob_suite/utils.py:1225]
2025-06-23 15:27:46,104 root INFO: Blasting orit sequences /home/kgontjes/.conda/envs/mobsuite_v3_1_9/lib/python3.11/site-packages/mob_suite/databases/orit.fas against /nfs/turbo/umms-esnitkin/Project_Penn_KPC/Analysis/Combination_resistance/pre-intro-blbli-resistance-ms/data/mobsuite_hybrid/PCMP_H15/__tmp/fixed.input.fasta [in /home/kgontjes/.conda/envs/mobsuite_v3_1_9/lib/python3.11/site-packages/mob_suite/utils.py:1234]
/home/kgontjes/.conda/envs/mobsuite_v3_1_9/lib/python3.11/site-packages/mob_suite/utils.py:338: FutureWarning: the 'line_terminator'' keyword is deprecated, use 'lineterminator' instead.
  blast_df.to_csv(blast_results_file, sep='\t', header=True, line_terminator='\n', index=False)
2025-06-23 15:27:46,298 root INFO: Filtering orit blast results /nfs/turbo/umms-esnitkin/Project_Penn_KPC/Analysis/Combination_resistance/pre-intro-blbli-resistance-ms/data/mobsuite_hybrid/PCMP_H15/__tmp/orit_blast_results.txt  [in /home/kgontjes/.conda/envs/mobsuite_v3_1_9/lib/python3.11/site-packages/mob_suite/utils.py:1239]
2025-06-23 15:27:46,314 root INFO: Blasting contigs against repetitive sequences db: /home/kgontjes/.conda/envs/mobsuite_v3_1_9/lib/python3.11/site-packages/mob_suite/databases/repetitive.dna.fas [in /home/kgontjes/.conda/envs/mobsuite_v3_1_9/lib/python3.11/site-packages/mob_suite/utils.py:1256]
/home/kgontjes/.conda/envs/mobsuite_v3_1_9/lib/python3.11/site-packages/mob_suite/utils.py:338: FutureWarning: the 'line_terminator'' keyword is deprecated, use 'lineterminator' instead.
  blast_df.to_csv(blast_results_file, sep='\t', header=True, line_terminator='\n', index=False)
2025-06-23 15:27:47,351 root INFO: Filtering repetitive blast results /nfs/turbo/umms-esnitkin/Project_Penn_KPC/Analysis/Combination_resistance/pre-intro-blbli-resistance-ms/data/mobsuite_hybrid/PCMP_H15/__tmp/repetitive_blast_results.txt  [in /home/kgontjes/.conda/envs/mobsuite_v3_1_9/lib/python3.11/site-packages/mob_suite/utils.py:1260]
2025-06-23 15:27:47,356 root INFO: Blasting contigs against reference sequence db: /home/kgontjes/.conda/envs/mobsuite_v3_1_9/lib/python3.11/site-packages/mob_suite/databases/ncbi_plasmid_full_seqs.fas [in /home/kgontjes/.conda/envs/mobsuite_v3_1_9/lib/python3.11/site-packages/mob_suite/mob_recon.py:1264]
/home/kgontjes/.conda/envs/mobsuite_v3_1_9/lib/python3.11/site-packages/mob_suite/utils.py:338: FutureWarning: the 'line_terminator'' keyword is deprecated, use 'lineterminator' instead.
  blast_df.to_csv(blast_results_file, sep='\t', header=True, line_terminator='\n', index=False)
2025-06-23 15:28:55,190 root INFO: Filtering contig blast results: /nfs/turbo/umms-esnitkin/Project_Penn_KPC/Analysis/Combination_resistance/pre-intro-blbli-resistance-ms/data/mobsuite_hybrid/PCMP_H15/__tmp/contig_blast_results.txt [in /home/kgontjes/.conda/envs/mobsuite_v3_1_9/lib/python3.11/site-packages/mob_suite/mob_recon.py:1269]
2025-06-23 15:28:56,005 root INFO: Assigning contigs to plasmid groups [in /home/kgontjes/.conda/envs/mobsuite_v3_1_9/lib/python3.11/site-packages/mob_suite/mob_recon.py:1284]
2025-06-23 15:29:01,294 root INFO: Writting contig results to /nfs/turbo/umms-esnitkin/Project_Penn_KPC/Analysis/Combination_resistance/pre-intro-blbli-resistance-ms/data/mobsuite_hybrid/PCMP_H15/contig_report.txt [in /home/kgontjes/.conda/envs/mobsuite_v3_1_9/lib/python3.11/site-packages/mob_suite/mob_recon.py:1387]
2025-06-23 15:29:02,991 root INFO: Writting plasmid sequences to /nfs/turbo/umms-esnitkin/Project_Penn_KPC/Analysis/Combination_resistance/pre-intro-blbli-resistance-ms/data/mobsuite_hybrid/PCMP_H15/plasmid_AA860.fasta [in /home/kgontjes/.conda/envs/mobsuite_v3_1_9/lib/python3.11/site-packages/mob_suite/utils.py:971]
2025-06-23 15:29:05,772 root INFO: Writting plasmid sequences to /nfs/turbo/umms-esnitkin/Project_Penn_KPC/Analysis/Combination_resistance/pre-intro-blbli-resistance-ms/data/mobsuite_hybrid/PCMP_H15/plasmid_AA018.fasta [in /home/kgontjes/.conda/envs/mobsuite_v3_1_9/lib/python3.11/site-packages/mob_suite/utils.py:971]
2025-06-23 15:29:06,263 root INFO: Writting plasmid sequences to /nfs/turbo/umms-esnitkin/Project_Penn_KPC/Analysis/Combination_resistance/pre-intro-blbli-resistance-ms/data/mobsuite_hybrid/PCMP_H15/plasmid_AA941.fasta [in /home/kgontjes/.conda/envs/mobsuite_v3_1_9/lib/python3.11/site-packages/mob_suite/utils.py:971]
2025-06-23 15:29:07,291 root INFO: Writting chromosome sequences to /nfs/turbo/umms-esnitkin/Project_Penn_KPC/Analysis/Combination_resistance/pre-intro-blbli-resistance-ms/data/mobsuite_hybrid/PCMP_H15/chromosome.fasta [in /home/kgontjes/.conda/envs/mobsuite_v3_1_9/lib/python3.11/site-packages/mob_suite/mob_recon.py:1404]
/home/kgontjes/.conda/envs/mobsuite_v3_1_9/lib/python3.11/site-packages/mob_suite/utils.py:338: FutureWarning: the 'line_terminator'' keyword is deprecated, use 'lineterminator' instead.
  blast_df.to_csv(blast_results_file, sep='\t', header=True, line_terminator='\n', index=False)
2025-06-23 15:29:08,463 root INFO: Creating plasmid biomarkers report ... [in /home/kgontjes/.conda/envs/mobsuite_v3_1_9/lib/python3.11/site-packages/mob_suite/utils.py:1382]
2025-06-23 15:29:08,589 root INFO: Writting plasmid biomarkers report contaning 31 biomarkers [in /home/kgontjes/.conda/envs/mobsuite_v3_1_9/lib/python3.11/site-packages/mob_suite/mob_recon.py:1478]
2025-06-23 15:29:08,593 root INFO: Cleaning up temporary files /nfs/turbo/umms-esnitkin/Project_Penn_KPC/Analysis/Combination_resistance/pre-intro-blbli-resistance-ms/data/mobsuite_hybrid/PCMP_H15/__tmp [in /home/kgontjes/.conda/envs/mobsuite_v3_1_9/lib/python3.11/site-packages/mob_suite/mob_recon.py:1484]
2025-06-23 15:29:08,620 mob_suite.mob_recon INFO: MOB-recon completed and results written to /nfs/turbo/umms-esnitkin/Project_Penn_KPC/Analysis/Combination_resistance/pre-intro-blbli-resistance-ms/data/mobsuite_hybrid/PCMP_H15 [in /home/kgontjes/.conda/envs/mobsuite_v3_1_9/lib/python3.11/site-packages/mob_suite/mob_recon.py:1486]
Not 1_9c59748dfa5f43905a981427cbf0fbe7_circular=true_75256 to cluster AA552 assigned as already present in cluster AA552
Not 2_87bea16d78cbc4e0ee2e6bc280f2326a_circular=true_12183 to cluster AA552 assigned as already present in cluster AA552
Not 3_98c0f80c53bb65c022455f711b4a7b52_circular=false_11289 to cluster AA552 assigned as already present in cluster AA552
Not 4_00443a51c509c86b6a4e647cc46d41b0_circular=false_7854 to cluster AA552 assigned as already present in cluster AA552
2025-06-23 15:28:35,523 mob_suite.mob_recon INFO: MOB-recon version 3.1.9  [in /home/kgontjes/.conda/envs/mobsuite_v3_1_9/lib/python3.11/site-packages/mob_suite/mob_recon.py:984]
2025-06-23 15:28:35,523 mob_suite.mob_recon INFO: SUCCESS: Found program blastn at /home/kgontjes/.conda/envs/mobsuite_v3_1_9/bin/blastn [in /home/kgontjes/.conda/envs/mobsuite_v3_1_9/lib/python3.11/site-packages/mob_suite/utils.py:597]
2025-06-23 15:28:35,524 mob_suite.mob_recon INFO: SUCCESS: Found program makeblastdb at /home/kgontjes/.conda/envs/mobsuite_v3_1_9/bin/makeblastdb [in /home/kgontjes/.conda/envs/mobsuite_v3_1_9/lib/python3.11/site-packages/mob_suite/utils.py:597]
2025-06-23 15:28:35,524 mob_suite.mob_recon INFO: SUCCESS: Found program tblastn at /home/kgontjes/.conda/envs/mobsuite_v3_1_9/bin/tblastn [in /home/kgontjes/.conda/envs/mobsuite_v3_1_9/lib/python3.11/site-packages/mob_suite/utils.py:597]
2025-06-23 15:28:35,527 mob_suite.mob_recon INFO: Processing fasta file /nfs/turbo/umms-esnitkin/Project_Penn_KPC/Sequence_data/assembly/hybrid/polypolish/PCMP_H307/PCMP_H307/PCMP_H307_flye_medaka_polypolish.fasta [in /home/kgontjes/.conda/envs/mobsuite_v3_1_9/lib/python3.11/site-packages/mob_suite/mob_recon.py:1011]
2025-06-23 15:28:35,527 mob_suite.mob_recon INFO: Analysis directory /nfs/turbo/umms-esnitkin/Project_Penn_KPC/Analysis/Combination_resistance/pre-intro-blbli-resistance-ms/data/mobsuite_hybrid/PCMP_H307 [in /home/kgontjes/.conda/envs/mobsuite_v3_1_9/lib/python3.11/site-packages/mob_suite/mob_recon.py:1012]
2025-06-23 15:28:37,540 mob_suite.mob_recon INFO: Writing cleaned header input fasta file from /nfs/turbo/umms-esnitkin/Project_Penn_KPC/Sequence_data/assembly/hybrid/polypolish/PCMP_H307/PCMP_H307/PCMP_H307_flye_medaka_polypolish.fasta to /nfs/turbo/umms-esnitkin/Project_Penn_KPC/Analysis/Combination_resistance/pre-intro-blbli-resistance-ms/data/mobsuite_hybrid/PCMP_H307/__tmp/fixed.input.fasta [in /home/kgontjes/.conda/envs/mobsuite_v3_1_9/lib/python3.11/site-packages/mob_suite/mob_recon.py:1107]
2025-06-23 15:28:38,059 root INFO: Blasting replicon sequences /home/kgontjes/.conda/envs/mobsuite_v3_1_9/lib/python3.11/site-packages/mob_suite/databases/rep.dna.fas against /nfs/turbo/umms-esnitkin/Project_Penn_KPC/Analysis/Combination_resistance/pre-intro-blbli-resistance-ms/data/mobsuite_hybrid/PCMP_H307/__tmp/fixed.input.fasta [in /home/kgontjes/.conda/envs/mobsuite_v3_1_9/lib/python3.11/site-packages/mob_suite/utils.py:1163]
/home/kgontjes/.conda/envs/mobsuite_v3_1_9/lib/python3.11/site-packages/mob_suite/utils.py:338: FutureWarning: the 'line_terminator'' keyword is deprecated, use 'lineterminator' instead.
  blast_df.to_csv(blast_results_file, sep='\t', header=True, line_terminator='\n', index=False)
2025-06-23 15:28:39,598 root INFO: Filtering replicon blast results /nfs/turbo/umms-esnitkin/Project_Penn_KPC/Analysis/Combination_resistance/pre-intro-blbli-resistance-ms/data/mobsuite_hybrid/PCMP_H307/__tmp/replicon_blast_results.txt  [in /home/kgontjes/.conda/envs/mobsuite_v3_1_9/lib/python3.11/site-packages/mob_suite/utils.py:1168]
2025-06-23 15:28:39,646 root INFO: Blasting relaxase sequences /home/kgontjes/.conda/envs/mobsuite_v3_1_9/lib/python3.11/site-packages/mob_suite/databases/mob.proteins.faa against /nfs/turbo/umms-esnitkin/Project_Penn_KPC/Analysis/Combination_resistance/pre-intro-blbli-resistance-ms/data/mobsuite_hybrid/PCMP_H307/__tmp/fixed.input.fasta [in /home/kgontjes/.conda/envs/mobsuite_v3_1_9/lib/python3.11/site-packages/mob_suite/utils.py:1186]
/home/kgontjes/.conda/envs/mobsuite_v3_1_9/lib/python3.11/site-packages/mob_suite/utils.py:365: FutureWarning: the 'line_terminator'' keyword is deprecated, use 'lineterminator' instead.
  blast_df.to_csv(blast_results_file, sep='\t', header=True, line_terminator='\n', index=False)
2025-06-23 15:30:11,283 root INFO: Filtering relaxase blast results /nfs/turbo/umms-esnitkin/Project_Penn_KPC/Analysis/Combination_resistance/pre-intro-blbli-resistance-ms/data/mobsuite_hybrid/PCMP_H307/__tmp/mob_blast_results.txt  [in /home/kgontjes/.conda/envs/mobsuite_v3_1_9/lib/python3.11/site-packages/mob_suite/utils.py:1191]
2025-06-23 15:30:11,301 root INFO: Blasting MPF sequences /home/kgontjes/.conda/envs/mobsuite_v3_1_9/lib/python3.11/site-packages/mob_suite/databases/mpf.proteins.faa against /nfs/turbo/umms-esnitkin/Project_Penn_KPC/Analysis/Combination_resistance/pre-intro-blbli-resistance-ms/data/mobsuite_hybrid/PCMP_H307/__tmp/fixed.input.fasta [in /home/kgontjes/.conda/envs/mobsuite_v3_1_9/lib/python3.11/site-packages/mob_suite/utils.py:1210]
/home/kgontjes/.conda/envs/mobsuite_v3_1_9/lib/python3.11/site-packages/mob_suite/utils.py:365: FutureWarning: the 'line_terminator'' keyword is deprecated, use 'lineterminator' instead.
  blast_df.to_csv(blast_results_file, sep='\t', header=True, line_terminator='\n', index=False)
2025-06-23 15:31:12,863 root INFO: Filtering MPF blast results /nfs/turbo/umms-esnitkin/Project_Penn_KPC/Analysis/Combination_resistance/pre-intro-blbli-resistance-ms/data/mobsuite_hybrid/PCMP_H307/__tmp/mpf_blast_results.txt  [in /home/kgontjes/.conda/envs/mobsuite_v3_1_9/lib/python3.11/site-packages/mob_suite/utils.py:1225]
2025-06-23 15:31:12,864 root INFO: Blasting orit sequences /home/kgontjes/.conda/envs/mobsuite_v3_1_9/lib/python3.11/site-packages/mob_suite/databases/orit.fas against /nfs/turbo/umms-esnitkin/Project_Penn_KPC/Analysis/Combination_resistance/pre-intro-blbli-resistance-ms/data/mobsuite_hybrid/PCMP_H307/__tmp/fixed.input.fasta [in /home/kgontjes/.conda/envs/mobsuite_v3_1_9/lib/python3.11/site-packages/mob_suite/utils.py:1234]
/home/kgontjes/.conda/envs/mobsuite_v3_1_9/lib/python3.11/site-packages/mob_suite/utils.py:338: FutureWarning: the 'line_terminator'' keyword is deprecated, use 'lineterminator' instead.
  blast_df.to_csv(blast_results_file, sep='\t', header=True, line_terminator='\n', index=False)
2025-06-23 15:31:13,103 root INFO: Filtering orit blast results /nfs/turbo/umms-esnitkin/Project_Penn_KPC/Analysis/Combination_resistance/pre-intro-blbli-resistance-ms/data/mobsuite_hybrid/PCMP_H307/__tmp/orit_blast_results.txt  [in /home/kgontjes/.conda/envs/mobsuite_v3_1_9/lib/python3.11/site-packages/mob_suite/utils.py:1239]
2025-06-23 15:31:13,135 root INFO: Blasting contigs against repetitive sequences db: /home/kgontjes/.conda/envs/mobsuite_v3_1_9/lib/python3.11/site-packages/mob_suite/databases/repetitive.dna.fas [in /home/kgontjes/.conda/envs/mobsuite_v3_1_9/lib/python3.11/site-packages/mob_suite/utils.py:1256]
/home/kgontjes/.conda/envs/mobsuite_v3_1_9/lib/python3.11/site-packages/mob_suite/utils.py:338: FutureWarning: the 'line_terminator'' keyword is deprecated, use 'lineterminator' instead.
  blast_df.to_csv(blast_results_file, sep='\t', header=True, line_terminator='\n', index=False)
2025-06-23 15:31:14,268 root INFO: Filtering repetitive blast results /nfs/turbo/umms-esnitkin/Project_Penn_KPC/Analysis/Combination_resistance/pre-intro-blbli-resistance-ms/data/mobsuite_hybrid/PCMP_H307/__tmp/repetitive_blast_results.txt  [in /home/kgontjes/.conda/envs/mobsuite_v3_1_9/lib/python3.11/site-packages/mob_suite/utils.py:1260]
2025-06-23 15:31:14,274 root INFO: Blasting contigs against reference sequence db: /home/kgontjes/.conda/envs/mobsuite_v3_1_9/lib/python3.11/site-packages/mob_suite/databases/ncbi_plasmid_full_seqs.fas [in /home/kgontjes/.conda/envs/mobsuite_v3_1_9/lib/python3.11/site-packages/mob_suite/mob_recon.py:1264]
/home/kgontjes/.conda/envs/mobsuite_v3_1_9/lib/python3.11/site-packages/mob_suite/utils.py:338: FutureWarning: the 'line_terminator'' keyword is deprecated, use 'lineterminator' instead.
  blast_df.to_csv(blast_results_file, sep='\t', header=True, line_terminator='\n', index=False)
2025-06-23 15:32:07,988 root INFO: Filtering contig blast results: /nfs/turbo/umms-esnitkin/Project_Penn_KPC/Analysis/Combination_resistance/pre-intro-blbli-resistance-ms/data/mobsuite_hybrid/PCMP_H307/__tmp/contig_blast_results.txt [in /home/kgontjes/.conda/envs/mobsuite_v3_1_9/lib/python3.11/site-packages/mob_suite/mob_recon.py:1269]
2025-06-23 15:32:08,251 root INFO: Assigning contigs to plasmid groups [in /home/kgontjes/.conda/envs/mobsuite_v3_1_9/lib/python3.11/site-packages/mob_suite/mob_recon.py:1284]
2025-06-23 15:32:10,742 root INFO: Writting contig results to /nfs/turbo/umms-esnitkin/Project_Penn_KPC/Analysis/Combination_resistance/pre-intro-blbli-resistance-ms/data/mobsuite_hybrid/PCMP_H307/contig_report.txt [in /home/kgontjes/.conda/envs/mobsuite_v3_1_9/lib/python3.11/site-packages/mob_suite/mob_recon.py:1387]
2025-06-23 15:32:12,638 root INFO: Writting plasmid sequences to /nfs/turbo/umms-esnitkin/Project_Penn_KPC/Analysis/Combination_resistance/pre-intro-blbli-resistance-ms/data/mobsuite_hybrid/PCMP_H307/plasmid_AA552.fasta [in /home/kgontjes/.conda/envs/mobsuite_v3_1_9/lib/python3.11/site-packages/mob_suite/utils.py:971]
2025-06-23 15:32:16,185 root INFO: Writting chromosome sequences to /nfs/turbo/umms-esnitkin/Project_Penn_KPC/Analysis/Combination_resistance/pre-intro-blbli-resistance-ms/data/mobsuite_hybrid/PCMP_H307/chromosome.fasta [in /home/kgontjes/.conda/envs/mobsuite_v3_1_9/lib/python3.11/site-packages/mob_suite/mob_recon.py:1404]
/home/kgontjes/.conda/envs/mobsuite_v3_1_9/lib/python3.11/site-packages/mob_suite/utils.py:338: FutureWarning: the 'line_terminator'' keyword is deprecated, use 'lineterminator' instead.
  blast_df.to_csv(blast_results_file, sep='\t', header=True, line_terminator='\n', index=False)
2025-06-23 15:32:17,416 root INFO: Creating plasmid biomarkers report ... [in /home/kgontjes/.conda/envs/mobsuite_v3_1_9/lib/python3.11/site-packages/mob_suite/utils.py:1382]
2025-06-23 15:32:17,531 root INFO: Writting plasmid biomarkers report contaning 19 biomarkers [in /home/kgontjes/.conda/envs/mobsuite_v3_1_9/lib/python3.11/site-packages/mob_suite/mob_recon.py:1478]
2025-06-23 15:32:17,534 root INFO: Cleaning up temporary files /nfs/turbo/umms-esnitkin/Project_Penn_KPC/Analysis/Combination_resistance/pre-intro-blbli-resistance-ms/data/mobsuite_hybrid/PCMP_H307/__tmp [in /home/kgontjes/.conda/envs/mobsuite_v3_1_9/lib/python3.11/site-packages/mob_suite/mob_recon.py:1484]
2025-06-23 15:32:17,556 mob_suite.mob_recon INFO: MOB-recon completed and results written to /nfs/turbo/umms-esnitkin/Project_Penn_KPC/Analysis/Combination_resistance/pre-intro-blbli-resistance-ms/data/mobsuite_hybrid/PCMP_H307 [in /home/kgontjes/.conda/envs/mobsuite_v3_1_9/lib/python3.11/site-packages/mob_suite/mob_recon.py:1486]
Not 1_a8cdf05a1ea672c42f2b396b7b35edf8_circular=true_71018 to cluster AA552 assigned as already present in cluster AA552
Not 2_25cacac88f40951313aafd0af10dc8dc_circular=true_13841 to cluster AA552 assigned as already present in cluster AA552
2025-06-23 15:29:02,512 mob_suite.mob_recon INFO: MOB-recon version 3.1.9  [in /home/kgontjes/.conda/envs/mobsuite_v3_1_9/lib/python3.11/site-packages/mob_suite/mob_recon.py:984]
2025-06-23 15:29:02,512 mob_suite.mob_recon INFO: SUCCESS: Found program blastn at /home/kgontjes/.conda/envs/mobsuite_v3_1_9/bin/blastn [in /home/kgontjes/.conda/envs/mobsuite_v3_1_9/lib/python3.11/site-packages/mob_suite/utils.py:597]
2025-06-23 15:29:02,512 mob_suite.mob_recon INFO: SUCCESS: Found program makeblastdb at /home/kgontjes/.conda/envs/mobsuite_v3_1_9/bin/makeblastdb [in /home/kgontjes/.conda/envs/mobsuite_v3_1_9/lib/python3.11/site-packages/mob_suite/utils.py:597]
2025-06-23 15:29:02,512 mob_suite.mob_recon INFO: SUCCESS: Found program tblastn at /home/kgontjes/.conda/envs/mobsuite_v3_1_9/bin/tblastn [in /home/kgontjes/.conda/envs/mobsuite_v3_1_9/lib/python3.11/site-packages/mob_suite/utils.py:597]
2025-06-23 15:29:02,515 mob_suite.mob_recon INFO: Processing fasta file /nfs/turbo/umms-esnitkin/Project_Penn_KPC/Sequence_data/assembly/hybrid/polypolish/PCMP_H416/PCMP_H416/PCMP_H416_flye_medaka_polypolish.fasta [in /home/kgontjes/.conda/envs/mobsuite_v3_1_9/lib/python3.11/site-packages/mob_suite/mob_recon.py:1011]
2025-06-23 15:29:02,515 mob_suite.mob_recon INFO: Analysis directory /nfs/turbo/umms-esnitkin/Project_Penn_KPC/Analysis/Combination_resistance/pre-intro-blbli-resistance-ms/data/mobsuite_hybrid/PCMP_H416 [in /home/kgontjes/.conda/envs/mobsuite_v3_1_9/lib/python3.11/site-packages/mob_suite/mob_recon.py:1012]
2025-06-23 15:29:04,587 mob_suite.mob_recon INFO: Writing cleaned header input fasta file from /nfs/turbo/umms-esnitkin/Project_Penn_KPC/Sequence_data/assembly/hybrid/polypolish/PCMP_H416/PCMP_H416/PCMP_H416_flye_medaka_polypolish.fasta to /nfs/turbo/umms-esnitkin/Project_Penn_KPC/Analysis/Combination_resistance/pre-intro-blbli-resistance-ms/data/mobsuite_hybrid/PCMP_H416/__tmp/fixed.input.fasta [in /home/kgontjes/.conda/envs/mobsuite_v3_1_9/lib/python3.11/site-packages/mob_suite/mob_recon.py:1107]
2025-06-23 15:29:05,050 root INFO: Blasting replicon sequences /home/kgontjes/.conda/envs/mobsuite_v3_1_9/lib/python3.11/site-packages/mob_suite/databases/rep.dna.fas against /nfs/turbo/umms-esnitkin/Project_Penn_KPC/Analysis/Combination_resistance/pre-intro-blbli-resistance-ms/data/mobsuite_hybrid/PCMP_H416/__tmp/fixed.input.fasta [in /home/kgontjes/.conda/envs/mobsuite_v3_1_9/lib/python3.11/site-packages/mob_suite/utils.py:1163]
/home/kgontjes/.conda/envs/mobsuite_v3_1_9/lib/python3.11/site-packages/mob_suite/utils.py:338: FutureWarning: the 'line_terminator'' keyword is deprecated, use 'lineterminator' instead.
  blast_df.to_csv(blast_results_file, sep='\t', header=True, line_terminator='\n', index=False)
2025-06-23 15:29:05,832 root INFO: Filtering replicon blast results /nfs/turbo/umms-esnitkin/Project_Penn_KPC/Analysis/Combination_resistance/pre-intro-blbli-resistance-ms/data/mobsuite_hybrid/PCMP_H416/__tmp/replicon_blast_results.txt  [in /home/kgontjes/.conda/envs/mobsuite_v3_1_9/lib/python3.11/site-packages/mob_suite/utils.py:1168]
2025-06-23 15:29:05,869 root INFO: Blasting relaxase sequences /home/kgontjes/.conda/envs/mobsuite_v3_1_9/lib/python3.11/site-packages/mob_suite/databases/mob.proteins.faa against /nfs/turbo/umms-esnitkin/Project_Penn_KPC/Analysis/Combination_resistance/pre-intro-blbli-resistance-ms/data/mobsuite_hybrid/PCMP_H416/__tmp/fixed.input.fasta [in /home/kgontjes/.conda/envs/mobsuite_v3_1_9/lib/python3.11/site-packages/mob_suite/utils.py:1186]
/home/kgontjes/.conda/envs/mobsuite_v3_1_9/lib/python3.11/site-packages/mob_suite/utils.py:365: FutureWarning: the 'line_terminator'' keyword is deprecated, use 'lineterminator' instead.
  blast_df.to_csv(blast_results_file, sep='\t', header=True, line_terminator='\n', index=False)
2025-06-23 15:30:31,318 root INFO: Filtering relaxase blast results /nfs/turbo/umms-esnitkin/Project_Penn_KPC/Analysis/Combination_resistance/pre-intro-blbli-resistance-ms/data/mobsuite_hybrid/PCMP_H416/__tmp/mob_blast_results.txt  [in /home/kgontjes/.conda/envs/mobsuite_v3_1_9/lib/python3.11/site-packages/mob_suite/utils.py:1191]
2025-06-23 15:30:31,333 root INFO: Blasting MPF sequences /home/kgontjes/.conda/envs/mobsuite_v3_1_9/lib/python3.11/site-packages/mob_suite/databases/mpf.proteins.faa against /nfs/turbo/umms-esnitkin/Project_Penn_KPC/Analysis/Combination_resistance/pre-intro-blbli-resistance-ms/data/mobsuite_hybrid/PCMP_H416/__tmp/fixed.input.fasta [in /home/kgontjes/.conda/envs/mobsuite_v3_1_9/lib/python3.11/site-packages/mob_suite/utils.py:1210]
/home/kgontjes/.conda/envs/mobsuite_v3_1_9/lib/python3.11/site-packages/mob_suite/utils.py:365: FutureWarning: the 'line_terminator'' keyword is deprecated, use 'lineterminator' instead.
  blast_df.to_csv(blast_results_file, sep='\t', header=True, line_terminator='\n', index=False)
2025-06-23 15:31:29,147 root INFO: Filtering MPF blast results /nfs/turbo/umms-esnitkin/Project_Penn_KPC/Analysis/Combination_resistance/pre-intro-blbli-resistance-ms/data/mobsuite_hybrid/PCMP_H416/__tmp/mpf_blast_results.txt  [in /home/kgontjes/.conda/envs/mobsuite_v3_1_9/lib/python3.11/site-packages/mob_suite/utils.py:1225]
2025-06-23 15:31:29,148 root INFO: Blasting orit sequences /home/kgontjes/.conda/envs/mobsuite_v3_1_9/lib/python3.11/site-packages/mob_suite/databases/orit.fas against /nfs/turbo/umms-esnitkin/Project_Penn_KPC/Analysis/Combination_resistance/pre-intro-blbli-resistance-ms/data/mobsuite_hybrid/PCMP_H416/__tmp/fixed.input.fasta [in /home/kgontjes/.conda/envs/mobsuite_v3_1_9/lib/python3.11/site-packages/mob_suite/utils.py:1234]
/home/kgontjes/.conda/envs/mobsuite_v3_1_9/lib/python3.11/site-packages/mob_suite/utils.py:338: FutureWarning: the 'line_terminator'' keyword is deprecated, use 'lineterminator' instead.
  blast_df.to_csv(blast_results_file, sep='\t', header=True, line_terminator='\n', index=False)
2025-06-23 15:31:29,351 root INFO: Filtering orit blast results /nfs/turbo/umms-esnitkin/Project_Penn_KPC/Analysis/Combination_resistance/pre-intro-blbli-resistance-ms/data/mobsuite_hybrid/PCMP_H416/__tmp/orit_blast_results.txt  [in /home/kgontjes/.conda/envs/mobsuite_v3_1_9/lib/python3.11/site-packages/mob_suite/utils.py:1239]
2025-06-23 15:31:29,377 root INFO: Blasting contigs against repetitive sequences db: /home/kgontjes/.conda/envs/mobsuite_v3_1_9/lib/python3.11/site-packages/mob_suite/databases/repetitive.dna.fas [in /home/kgontjes/.conda/envs/mobsuite_v3_1_9/lib/python3.11/site-packages/mob_suite/utils.py:1256]
/home/kgontjes/.conda/envs/mobsuite_v3_1_9/lib/python3.11/site-packages/mob_suite/utils.py:338: FutureWarning: the 'line_terminator'' keyword is deprecated, use 'lineterminator' instead.
  blast_df.to_csv(blast_results_file, sep='\t', header=True, line_terminator='\n', index=False)
2025-06-23 15:31:30,285 root INFO: Filtering repetitive blast results /nfs/turbo/umms-esnitkin/Project_Penn_KPC/Analysis/Combination_resistance/pre-intro-blbli-resistance-ms/data/mobsuite_hybrid/PCMP_H416/__tmp/repetitive_blast_results.txt  [in /home/kgontjes/.conda/envs/mobsuite_v3_1_9/lib/python3.11/site-packages/mob_suite/utils.py:1260]
2025-06-23 15:31:30,290 root INFO: Blasting contigs against reference sequence db: /home/kgontjes/.conda/envs/mobsuite_v3_1_9/lib/python3.11/site-packages/mob_suite/databases/ncbi_plasmid_full_seqs.fas [in /home/kgontjes/.conda/envs/mobsuite_v3_1_9/lib/python3.11/site-packages/mob_suite/mob_recon.py:1264]
/home/kgontjes/.conda/envs/mobsuite_v3_1_9/lib/python3.11/site-packages/mob_suite/utils.py:338: FutureWarning: the 'line_terminator'' keyword is deprecated, use 'lineterminator' instead.
  blast_df.to_csv(blast_results_file, sep='\t', header=True, line_terminator='\n', index=False)
2025-06-23 15:32:11,848 root INFO: Filtering contig blast results: /nfs/turbo/umms-esnitkin/Project_Penn_KPC/Analysis/Combination_resistance/pre-intro-blbli-resistance-ms/data/mobsuite_hybrid/PCMP_H416/__tmp/contig_blast_results.txt [in /home/kgontjes/.conda/envs/mobsuite_v3_1_9/lib/python3.11/site-packages/mob_suite/mob_recon.py:1269]
2025-06-23 15:32:11,967 root INFO: Assigning contigs to plasmid groups [in /home/kgontjes/.conda/envs/mobsuite_v3_1_9/lib/python3.11/site-packages/mob_suite/mob_recon.py:1284]
2025-06-23 15:32:14,110 root INFO: Writting contig results to /nfs/turbo/umms-esnitkin/Project_Penn_KPC/Analysis/Combination_resistance/pre-intro-blbli-resistance-ms/data/mobsuite_hybrid/PCMP_H416/contig_report.txt [in /home/kgontjes/.conda/envs/mobsuite_v3_1_9/lib/python3.11/site-packages/mob_suite/mob_recon.py:1387]
2025-06-23 15:32:15,910 root INFO: Writting plasmid sequences to /nfs/turbo/umms-esnitkin/Project_Penn_KPC/Analysis/Combination_resistance/pre-intro-blbli-resistance-ms/data/mobsuite_hybrid/PCMP_H416/plasmid_AA552.fasta [in /home/kgontjes/.conda/envs/mobsuite_v3_1_9/lib/python3.11/site-packages/mob_suite/utils.py:971]
2025-06-23 15:32:18,720 root INFO: Writting chromosome sequences to /nfs/turbo/umms-esnitkin/Project_Penn_KPC/Analysis/Combination_resistance/pre-intro-blbli-resistance-ms/data/mobsuite_hybrid/PCMP_H416/chromosome.fasta [in /home/kgontjes/.conda/envs/mobsuite_v3_1_9/lib/python3.11/site-packages/mob_suite/mob_recon.py:1404]
/home/kgontjes/.conda/envs/mobsuite_v3_1_9/lib/python3.11/site-packages/mob_suite/utils.py:338: FutureWarning: the 'line_terminator'' keyword is deprecated, use 'lineterminator' instead.
  blast_df.to_csv(blast_results_file, sep='\t', header=True, line_terminator='\n', index=False)
2025-06-23 15:32:19,915 root INFO: Creating plasmid biomarkers report ... [in /home/kgontjes/.conda/envs/mobsuite_v3_1_9/lib/python3.11/site-packages/mob_suite/utils.py:1382]
2025-06-23 15:32:20,017 root INFO: Writting plasmid biomarkers report contaning 11 biomarkers [in /home/kgontjes/.conda/envs/mobsuite_v3_1_9/lib/python3.11/site-packages/mob_suite/mob_recon.py:1478]
2025-06-23 15:32:20,020 root INFO: Cleaning up temporary files /nfs/turbo/umms-esnitkin/Project_Penn_KPC/Analysis/Combination_resistance/pre-intro-blbli-resistance-ms/data/mobsuite_hybrid/PCMP_H416/__tmp [in /home/kgontjes/.conda/envs/mobsuite_v3_1_9/lib/python3.11/site-packages/mob_suite/mob_recon.py:1484]
2025-06-23 15:32:20,042 mob_suite.mob_recon INFO: MOB-recon completed and results written to /nfs/turbo/umms-esnitkin/Project_Penn_KPC/Analysis/Combination_resistance/pre-intro-blbli-resistance-ms/data/mobsuite_hybrid/PCMP_H416 [in /home/kgontjes/.conda/envs/mobsuite_v3_1_9/lib/python3.11/site-packages/mob_suite/mob_recon.py:1486]
Not 4_d17e993ec1e8efb672a1e4fd64e2a5da_circular=false_14338 to cluster AA032 assigned as already present in cluster AA274
Not 8_b737667c5dd408c2f1d745dd261b60c1_circular=false_5597 to cluster AA032 assigned as already present in cluster AA541
Not 1_f496af3846f67447acd176e7c3b5e2ed_circular=true_337571 to cluster AA275 assigned as already present in cluster AA274
Not 4_d17e993ec1e8efb672a1e4fd64e2a5da_circular=false_14338 to cluster AA275 assigned as already present in cluster AA274
2025-06-23 15:28:55,175 mob_suite.mob_recon INFO: MOB-recon version 3.1.9  [in /home/kgontjes/.conda/envs/mobsuite_v3_1_9/lib/python3.11/site-packages/mob_suite/mob_recon.py:984]
2025-06-23 15:28:55,175 mob_suite.mob_recon INFO: SUCCESS: Found program blastn at /home/kgontjes/.conda/envs/mobsuite_v3_1_9/bin/blastn [in /home/kgontjes/.conda/envs/mobsuite_v3_1_9/lib/python3.11/site-packages/mob_suite/utils.py:597]
2025-06-23 15:28:55,175 mob_suite.mob_recon INFO: SUCCESS: Found program makeblastdb at /home/kgontjes/.conda/envs/mobsuite_v3_1_9/bin/makeblastdb [in /home/kgontjes/.conda/envs/mobsuite_v3_1_9/lib/python3.11/site-packages/mob_suite/utils.py:597]
2025-06-23 15:28:55,175 mob_suite.mob_recon INFO: SUCCESS: Found program tblastn at /home/kgontjes/.conda/envs/mobsuite_v3_1_9/bin/tblastn [in /home/kgontjes/.conda/envs/mobsuite_v3_1_9/lib/python3.11/site-packages/mob_suite/utils.py:597]
2025-06-23 15:28:55,178 mob_suite.mob_recon INFO: Processing fasta file /nfs/turbo/umms-esnitkin/Project_Penn_KPC/Sequence_data/assembly/hybrid/polypolish/PCMP_H339/PCMP_H339/PCMP_H339_flye_medaka_polypolish.fasta [in /home/kgontjes/.conda/envs/mobsuite_v3_1_9/lib/python3.11/site-packages/mob_suite/mob_recon.py:1011]
2025-06-23 15:28:55,178 mob_suite.mob_recon INFO: Analysis directory /nfs/turbo/umms-esnitkin/Project_Penn_KPC/Analysis/Combination_resistance/pre-intro-blbli-resistance-ms/data/mobsuite_hybrid/PCMP_H339 [in /home/kgontjes/.conda/envs/mobsuite_v3_1_9/lib/python3.11/site-packages/mob_suite/mob_recon.py:1012]
2025-06-23 15:28:57,220 mob_suite.mob_recon INFO: Writing cleaned header input fasta file from /nfs/turbo/umms-esnitkin/Project_Penn_KPC/Sequence_data/assembly/hybrid/polypolish/PCMP_H339/PCMP_H339/PCMP_H339_flye_medaka_polypolish.fasta to /nfs/turbo/umms-esnitkin/Project_Penn_KPC/Analysis/Combination_resistance/pre-intro-blbli-resistance-ms/data/mobsuite_hybrid/PCMP_H339/__tmp/fixed.input.fasta [in /home/kgontjes/.conda/envs/mobsuite_v3_1_9/lib/python3.11/site-packages/mob_suite/mob_recon.py:1107]
2025-06-23 15:28:57,792 root INFO: Blasting replicon sequences /home/kgontjes/.conda/envs/mobsuite_v3_1_9/lib/python3.11/site-packages/mob_suite/databases/rep.dna.fas against /nfs/turbo/umms-esnitkin/Project_Penn_KPC/Analysis/Combination_resistance/pre-intro-blbli-resistance-ms/data/mobsuite_hybrid/PCMP_H339/__tmp/fixed.input.fasta [in /home/kgontjes/.conda/envs/mobsuite_v3_1_9/lib/python3.11/site-packages/mob_suite/utils.py:1163]
/home/kgontjes/.conda/envs/mobsuite_v3_1_9/lib/python3.11/site-packages/mob_suite/utils.py:338: FutureWarning: the 'line_terminator'' keyword is deprecated, use 'lineterminator' instead.
  blast_df.to_csv(blast_results_file, sep='\t', header=True, line_terminator='\n', index=False)
2025-06-23 15:28:58,731 root INFO: Filtering replicon blast results /nfs/turbo/umms-esnitkin/Project_Penn_KPC/Analysis/Combination_resistance/pre-intro-blbli-resistance-ms/data/mobsuite_hybrid/PCMP_H339/__tmp/replicon_blast_results.txt  [in /home/kgontjes/.conda/envs/mobsuite_v3_1_9/lib/python3.11/site-packages/mob_suite/utils.py:1168]
2025-06-23 15:28:58,869 root INFO: Blasting relaxase sequences /home/kgontjes/.conda/envs/mobsuite_v3_1_9/lib/python3.11/site-packages/mob_suite/databases/mob.proteins.faa against /nfs/turbo/umms-esnitkin/Project_Penn_KPC/Analysis/Combination_resistance/pre-intro-blbli-resistance-ms/data/mobsuite_hybrid/PCMP_H339/__tmp/fixed.input.fasta [in /home/kgontjes/.conda/envs/mobsuite_v3_1_9/lib/python3.11/site-packages/mob_suite/utils.py:1186]
/home/kgontjes/.conda/envs/mobsuite_v3_1_9/lib/python3.11/site-packages/mob_suite/utils.py:365: FutureWarning: the 'line_terminator'' keyword is deprecated, use 'lineterminator' instead.
  blast_df.to_csv(blast_results_file, sep='\t', header=True, line_terminator='\n', index=False)
2025-06-23 15:30:32,931 root INFO: Filtering relaxase blast results /nfs/turbo/umms-esnitkin/Project_Penn_KPC/Analysis/Combination_resistance/pre-intro-blbli-resistance-ms/data/mobsuite_hybrid/PCMP_H339/__tmp/mob_blast_results.txt  [in /home/kgontjes/.conda/envs/mobsuite_v3_1_9/lib/python3.11/site-packages/mob_suite/utils.py:1191]
2025-06-23 15:30:32,974 root INFO: Blasting MPF sequences /home/kgontjes/.conda/envs/mobsuite_v3_1_9/lib/python3.11/site-packages/mob_suite/databases/mpf.proteins.faa against /nfs/turbo/umms-esnitkin/Project_Penn_KPC/Analysis/Combination_resistance/pre-intro-blbli-resistance-ms/data/mobsuite_hybrid/PCMP_H339/__tmp/fixed.input.fasta [in /home/kgontjes/.conda/envs/mobsuite_v3_1_9/lib/python3.11/site-packages/mob_suite/utils.py:1210]
/home/kgontjes/.conda/envs/mobsuite_v3_1_9/lib/python3.11/site-packages/mob_suite/utils.py:365: FutureWarning: the 'line_terminator'' keyword is deprecated, use 'lineterminator' instead.
  blast_df.to_csv(blast_results_file, sep='\t', header=True, line_terminator='\n', index=False)
2025-06-23 15:31:38,100 root INFO: Filtering MPF blast results /nfs/turbo/umms-esnitkin/Project_Penn_KPC/Analysis/Combination_resistance/pre-intro-blbli-resistance-ms/data/mobsuite_hybrid/PCMP_H339/__tmp/mpf_blast_results.txt  [in /home/kgontjes/.conda/envs/mobsuite_v3_1_9/lib/python3.11/site-packages/mob_suite/utils.py:1225]
2025-06-23 15:31:38,101 root INFO: Blasting orit sequences /home/kgontjes/.conda/envs/mobsuite_v3_1_9/lib/python3.11/site-packages/mob_suite/databases/orit.fas against /nfs/turbo/umms-esnitkin/Project_Penn_KPC/Analysis/Combination_resistance/pre-intro-blbli-resistance-ms/data/mobsuite_hybrid/PCMP_H339/__tmp/fixed.input.fasta [in /home/kgontjes/.conda/envs/mobsuite_v3_1_9/lib/python3.11/site-packages/mob_suite/utils.py:1234]
/home/kgontjes/.conda/envs/mobsuite_v3_1_9/lib/python3.11/site-packages/mob_suite/utils.py:338: FutureWarning: the 'line_terminator'' keyword is deprecated, use 'lineterminator' instead.
  blast_df.to_csv(blast_results_file, sep='\t', header=True, line_terminator='\n', index=False)
2025-06-23 15:31:38,425 root INFO: Filtering orit blast results /nfs/turbo/umms-esnitkin/Project_Penn_KPC/Analysis/Combination_resistance/pre-intro-blbli-resistance-ms/data/mobsuite_hybrid/PCMP_H339/__tmp/orit_blast_results.txt  [in /home/kgontjes/.conda/envs/mobsuite_v3_1_9/lib/python3.11/site-packages/mob_suite/utils.py:1239]
2025-06-23 15:31:38,470 root INFO: Blasting contigs against repetitive sequences db: /home/kgontjes/.conda/envs/mobsuite_v3_1_9/lib/python3.11/site-packages/mob_suite/databases/repetitive.dna.fas [in /home/kgontjes/.conda/envs/mobsuite_v3_1_9/lib/python3.11/site-packages/mob_suite/utils.py:1256]
/home/kgontjes/.conda/envs/mobsuite_v3_1_9/lib/python3.11/site-packages/mob_suite/utils.py:338: FutureWarning: the 'line_terminator'' keyword is deprecated, use 'lineterminator' instead.
  blast_df.to_csv(blast_results_file, sep='\t', header=True, line_terminator='\n', index=False)
2025-06-23 15:31:39,770 root INFO: Filtering repetitive blast results /nfs/turbo/umms-esnitkin/Project_Penn_KPC/Analysis/Combination_resistance/pre-intro-blbli-resistance-ms/data/mobsuite_hybrid/PCMP_H339/__tmp/repetitive_blast_results.txt  [in /home/kgontjes/.conda/envs/mobsuite_v3_1_9/lib/python3.11/site-packages/mob_suite/utils.py:1260]
2025-06-23 15:31:39,776 root INFO: Blasting contigs against reference sequence db: /home/kgontjes/.conda/envs/mobsuite_v3_1_9/lib/python3.11/site-packages/mob_suite/databases/ncbi_plasmid_full_seqs.fas [in /home/kgontjes/.conda/envs/mobsuite_v3_1_9/lib/python3.11/site-packages/mob_suite/mob_recon.py:1264]
/home/kgontjes/.conda/envs/mobsuite_v3_1_9/lib/python3.11/site-packages/mob_suite/utils.py:338: FutureWarning: the 'line_terminator'' keyword is deprecated, use 'lineterminator' instead.
  blast_df.to_csv(blast_results_file, sep='\t', header=True, line_terminator='\n', index=False)
2025-06-23 15:33:10,924 root INFO: Filtering contig blast results: /nfs/turbo/umms-esnitkin/Project_Penn_KPC/Analysis/Combination_resistance/pre-intro-blbli-resistance-ms/data/mobsuite_hybrid/PCMP_H339/__tmp/contig_blast_results.txt [in /home/kgontjes/.conda/envs/mobsuite_v3_1_9/lib/python3.11/site-packages/mob_suite/mob_recon.py:1269]
2025-06-23 15:33:11,399 root INFO: Assigning contigs to plasmid groups [in /home/kgontjes/.conda/envs/mobsuite_v3_1_9/lib/python3.11/site-packages/mob_suite/mob_recon.py:1284]
2025-06-23 15:33:22,301 root INFO: Writting contig results to /nfs/turbo/umms-esnitkin/Project_Penn_KPC/Analysis/Combination_resistance/pre-intro-blbli-resistance-ms/data/mobsuite_hybrid/PCMP_H339/contig_report.txt [in /home/kgontjes/.conda/envs/mobsuite_v3_1_9/lib/python3.11/site-packages/mob_suite/mob_recon.py:1387]
2025-06-23 15:33:23,973 root INFO: Writting plasmid sequences to /nfs/turbo/umms-esnitkin/Project_Penn_KPC/Analysis/Combination_resistance/pre-intro-blbli-resistance-ms/data/mobsuite_hybrid/PCMP_H339/plasmid_AA274.fasta [in /home/kgontjes/.conda/envs/mobsuite_v3_1_9/lib/python3.11/site-packages/mob_suite/utils.py:971]
2025-06-23 15:33:24,850 root INFO: Writting plasmid sequences to /nfs/turbo/umms-esnitkin/Project_Penn_KPC/Analysis/Combination_resistance/pre-intro-blbli-resistance-ms/data/mobsuite_hybrid/PCMP_H339/plasmid_AA941.fasta [in /home/kgontjes/.conda/envs/mobsuite_v3_1_9/lib/python3.11/site-packages/mob_suite/utils.py:971]
2025-06-23 15:33:25,944 root INFO: Writting plasmid sequences to /nfs/turbo/umms-esnitkin/Project_Penn_KPC/Analysis/Combination_resistance/pre-intro-blbli-resistance-ms/data/mobsuite_hybrid/PCMP_H339/plasmid_AC741.fasta [in /home/kgontjes/.conda/envs/mobsuite_v3_1_9/lib/python3.11/site-packages/mob_suite/utils.py:971]
2025-06-23 15:33:26,232 root INFO: Writting plasmid sequences to /nfs/turbo/umms-esnitkin/Project_Penn_KPC/Analysis/Combination_resistance/pre-intro-blbli-resistance-ms/data/mobsuite_hybrid/PCMP_H339/plasmid_AA541.fasta [in /home/kgontjes/.conda/envs/mobsuite_v3_1_9/lib/python3.11/site-packages/mob_suite/utils.py:971]
2025-06-23 15:33:27,887 root INFO: Writting chromosome sequences to /nfs/turbo/umms-esnitkin/Project_Penn_KPC/Analysis/Combination_resistance/pre-intro-blbli-resistance-ms/data/mobsuite_hybrid/PCMP_H339/chromosome.fasta [in /home/kgontjes/.conda/envs/mobsuite_v3_1_9/lib/python3.11/site-packages/mob_suite/mob_recon.py:1404]
/home/kgontjes/.conda/envs/mobsuite_v3_1_9/lib/python3.11/site-packages/mob_suite/utils.py:338: FutureWarning: the 'line_terminator'' keyword is deprecated, use 'lineterminator' instead.
  blast_df.to_csv(blast_results_file, sep='\t', header=True, line_terminator='\n', index=False)
2025-06-23 15:33:29,059 root INFO: Creating plasmid biomarkers report ... [in /home/kgontjes/.conda/envs/mobsuite_v3_1_9/lib/python3.11/site-packages/mob_suite/utils.py:1382]
2025-06-23 15:33:29,309 root INFO: Writting plasmid biomarkers report contaning 45 biomarkers [in /home/kgontjes/.conda/envs/mobsuite_v3_1_9/lib/python3.11/site-packages/mob_suite/mob_recon.py:1478]
2025-06-23 15:33:29,313 root INFO: Cleaning up temporary files /nfs/turbo/umms-esnitkin/Project_Penn_KPC/Analysis/Combination_resistance/pre-intro-blbli-resistance-ms/data/mobsuite_hybrid/PCMP_H339/__tmp [in /home/kgontjes/.conda/envs/mobsuite_v3_1_9/lib/python3.11/site-packages/mob_suite/mob_recon.py:1484]
2025-06-23 15:33:29,338 mob_suite.mob_recon INFO: MOB-recon completed and results written to /nfs/turbo/umms-esnitkin/Project_Penn_KPC/Analysis/Combination_resistance/pre-intro-blbli-resistance-ms/data/mobsuite_hybrid/PCMP_H339 [in /home/kgontjes/.conda/envs/mobsuite_v3_1_9/lib/python3.11/site-packages/mob_suite/mob_recon.py:1486]
Not 1_3794baf8a7a491eb7163b27aeffff374_circular=true_215273 to cluster AA275 assigned as already present in cluster AA274
2025-06-23 15:29:09,989 mob_suite.mob_recon INFO: MOB-recon version 3.1.9  [in /home/kgontjes/.conda/envs/mobsuite_v3_1_9/lib/python3.11/site-packages/mob_suite/mob_recon.py:984]
2025-06-23 15:29:09,989 mob_suite.mob_recon INFO: SUCCESS: Found program blastn at /home/kgontjes/.conda/envs/mobsuite_v3_1_9/bin/blastn [in /home/kgontjes/.conda/envs/mobsuite_v3_1_9/lib/python3.11/site-packages/mob_suite/utils.py:597]
2025-06-23 15:29:09,989 mob_suite.mob_recon INFO: SUCCESS: Found program makeblastdb at /home/kgontjes/.conda/envs/mobsuite_v3_1_9/bin/makeblastdb [in /home/kgontjes/.conda/envs/mobsuite_v3_1_9/lib/python3.11/site-packages/mob_suite/utils.py:597]
2025-06-23 15:29:09,989 mob_suite.mob_recon INFO: SUCCESS: Found program tblastn at /home/kgontjes/.conda/envs/mobsuite_v3_1_9/bin/tblastn [in /home/kgontjes/.conda/envs/mobsuite_v3_1_9/lib/python3.11/site-packages/mob_suite/utils.py:597]
2025-06-23 15:29:09,992 mob_suite.mob_recon INFO: Processing fasta file /nfs/turbo/umms-esnitkin/Project_Penn_KPC/Sequence_data/assembly/hybrid/polypolish/PCMP_H434/PCMP_H434/PCMP_H434_flye_medaka_polypolish.fasta [in /home/kgontjes/.conda/envs/mobsuite_v3_1_9/lib/python3.11/site-packages/mob_suite/mob_recon.py:1011]
2025-06-23 15:29:09,992 mob_suite.mob_recon INFO: Analysis directory /nfs/turbo/umms-esnitkin/Project_Penn_KPC/Analysis/Combination_resistance/pre-intro-blbli-resistance-ms/data/mobsuite_hybrid/PCMP_H434 [in /home/kgontjes/.conda/envs/mobsuite_v3_1_9/lib/python3.11/site-packages/mob_suite/mob_recon.py:1012]
2025-06-23 15:29:12,025 mob_suite.mob_recon INFO: Writing cleaned header input fasta file from /nfs/turbo/umms-esnitkin/Project_Penn_KPC/Sequence_data/assembly/hybrid/polypolish/PCMP_H434/PCMP_H434/PCMP_H434_flye_medaka_polypolish.fasta to /nfs/turbo/umms-esnitkin/Project_Penn_KPC/Analysis/Combination_resistance/pre-intro-blbli-resistance-ms/data/mobsuite_hybrid/PCMP_H434/__tmp/fixed.input.fasta [in /home/kgontjes/.conda/envs/mobsuite_v3_1_9/lib/python3.11/site-packages/mob_suite/mob_recon.py:1107]
2025-06-23 15:29:12,510 root INFO: Blasting replicon sequences /home/kgontjes/.conda/envs/mobsuite_v3_1_9/lib/python3.11/site-packages/mob_suite/databases/rep.dna.fas against /nfs/turbo/umms-esnitkin/Project_Penn_KPC/Analysis/Combination_resistance/pre-intro-blbli-resistance-ms/data/mobsuite_hybrid/PCMP_H434/__tmp/fixed.input.fasta [in /home/kgontjes/.conda/envs/mobsuite_v3_1_9/lib/python3.11/site-packages/mob_suite/utils.py:1163]
/home/kgontjes/.conda/envs/mobsuite_v3_1_9/lib/python3.11/site-packages/mob_suite/utils.py:338: FutureWarning: the 'line_terminator'' keyword is deprecated, use 'lineterminator' instead.
  blast_df.to_csv(blast_results_file, sep='\t', header=True, line_terminator='\n', index=False)
2025-06-23 15:29:13,231 root INFO: Filtering replicon blast results /nfs/turbo/umms-esnitkin/Project_Penn_KPC/Analysis/Combination_resistance/pre-intro-blbli-resistance-ms/data/mobsuite_hybrid/PCMP_H434/__tmp/replicon_blast_results.txt  [in /home/kgontjes/.conda/envs/mobsuite_v3_1_9/lib/python3.11/site-packages/mob_suite/utils.py:1168]
2025-06-23 15:29:13,395 root INFO: Blasting relaxase sequences /home/kgontjes/.conda/envs/mobsuite_v3_1_9/lib/python3.11/site-packages/mob_suite/databases/mob.proteins.faa against /nfs/turbo/umms-esnitkin/Project_Penn_KPC/Analysis/Combination_resistance/pre-intro-blbli-resistance-ms/data/mobsuite_hybrid/PCMP_H434/__tmp/fixed.input.fasta [in /home/kgontjes/.conda/envs/mobsuite_v3_1_9/lib/python3.11/site-packages/mob_suite/utils.py:1186]
/home/kgontjes/.conda/envs/mobsuite_v3_1_9/lib/python3.11/site-packages/mob_suite/utils.py:365: FutureWarning: the 'line_terminator'' keyword is deprecated, use 'lineterminator' instead.
  blast_df.to_csv(blast_results_file, sep='\t', header=True, line_terminator='\n', index=False)
2025-06-23 15:30:47,525 root INFO: Filtering relaxase blast results /nfs/turbo/umms-esnitkin/Project_Penn_KPC/Analysis/Combination_resistance/pre-intro-blbli-resistance-ms/data/mobsuite_hybrid/PCMP_H434/__tmp/mob_blast_results.txt  [in /home/kgontjes/.conda/envs/mobsuite_v3_1_9/lib/python3.11/site-packages/mob_suite/utils.py:1191]
2025-06-23 15:30:47,580 root INFO: Blasting MPF sequences /home/kgontjes/.conda/envs/mobsuite_v3_1_9/lib/python3.11/site-packages/mob_suite/databases/mpf.proteins.faa against /nfs/turbo/umms-esnitkin/Project_Penn_KPC/Analysis/Combination_resistance/pre-intro-blbli-resistance-ms/data/mobsuite_hybrid/PCMP_H434/__tmp/fixed.input.fasta [in /home/kgontjes/.conda/envs/mobsuite_v3_1_9/lib/python3.11/site-packages/mob_suite/utils.py:1210]
/home/kgontjes/.conda/envs/mobsuite_v3_1_9/lib/python3.11/site-packages/mob_suite/utils.py:365: FutureWarning: the 'line_terminator'' keyword is deprecated, use 'lineterminator' instead.
  blast_df.to_csv(blast_results_file, sep='\t', header=True, line_terminator='\n', index=False)
2025-06-23 15:31:53,513 root INFO: Filtering MPF blast results /nfs/turbo/umms-esnitkin/Project_Penn_KPC/Analysis/Combination_resistance/pre-intro-blbli-resistance-ms/data/mobsuite_hybrid/PCMP_H434/__tmp/mpf_blast_results.txt  [in /home/kgontjes/.conda/envs/mobsuite_v3_1_9/lib/python3.11/site-packages/mob_suite/utils.py:1225]
2025-06-23 15:31:53,514 root INFO: Blasting orit sequences /home/kgontjes/.conda/envs/mobsuite_v3_1_9/lib/python3.11/site-packages/mob_suite/databases/orit.fas against /nfs/turbo/umms-esnitkin/Project_Penn_KPC/Analysis/Combination_resistance/pre-intro-blbli-resistance-ms/data/mobsuite_hybrid/PCMP_H434/__tmp/fixed.input.fasta [in /home/kgontjes/.conda/envs/mobsuite_v3_1_9/lib/python3.11/site-packages/mob_suite/utils.py:1234]
/home/kgontjes/.conda/envs/mobsuite_v3_1_9/lib/python3.11/site-packages/mob_suite/utils.py:338: FutureWarning: the 'line_terminator'' keyword is deprecated, use 'lineterminator' instead.
  blast_df.to_csv(blast_results_file, sep='\t', header=True, line_terminator='\n', index=False)
2025-06-23 15:31:53,740 root INFO: Filtering orit blast results /nfs/turbo/umms-esnitkin/Project_Penn_KPC/Analysis/Combination_resistance/pre-intro-blbli-resistance-ms/data/mobsuite_hybrid/PCMP_H434/__tmp/orit_blast_results.txt  [in /home/kgontjes/.conda/envs/mobsuite_v3_1_9/lib/python3.11/site-packages/mob_suite/utils.py:1239]
2025-06-23 15:31:53,769 root INFO: Blasting contigs against repetitive sequences db: /home/kgontjes/.conda/envs/mobsuite_v3_1_9/lib/python3.11/site-packages/mob_suite/databases/repetitive.dna.fas [in /home/kgontjes/.conda/envs/mobsuite_v3_1_9/lib/python3.11/site-packages/mob_suite/utils.py:1256]
/home/kgontjes/.conda/envs/mobsuite_v3_1_9/lib/python3.11/site-packages/mob_suite/utils.py:338: FutureWarning: the 'line_terminator'' keyword is deprecated, use 'lineterminator' instead.
  blast_df.to_csv(blast_results_file, sep='\t', header=True, line_terminator='\n', index=False)
2025-06-23 15:31:54,861 root INFO: Filtering repetitive blast results /nfs/turbo/umms-esnitkin/Project_Penn_KPC/Analysis/Combination_resistance/pre-intro-blbli-resistance-ms/data/mobsuite_hybrid/PCMP_H434/__tmp/repetitive_blast_results.txt  [in /home/kgontjes/.conda/envs/mobsuite_v3_1_9/lib/python3.11/site-packages/mob_suite/utils.py:1260]
2025-06-23 15:31:54,866 root INFO: Blasting contigs against reference sequence db: /home/kgontjes/.conda/envs/mobsuite_v3_1_9/lib/python3.11/site-packages/mob_suite/databases/ncbi_plasmid_full_seqs.fas [in /home/kgontjes/.conda/envs/mobsuite_v3_1_9/lib/python3.11/site-packages/mob_suite/mob_recon.py:1264]
/home/kgontjes/.conda/envs/mobsuite_v3_1_9/lib/python3.11/site-packages/mob_suite/utils.py:338: FutureWarning: the 'line_terminator'' keyword is deprecated, use 'lineterminator' instead.
  blast_df.to_csv(blast_results_file, sep='\t', header=True, line_terminator='\n', index=False)
2025-06-23 15:33:11,874 root INFO: Filtering contig blast results: /nfs/turbo/umms-esnitkin/Project_Penn_KPC/Analysis/Combination_resistance/pre-intro-blbli-resistance-ms/data/mobsuite_hybrid/PCMP_H434/__tmp/contig_blast_results.txt [in /home/kgontjes/.conda/envs/mobsuite_v3_1_9/lib/python3.11/site-packages/mob_suite/mob_recon.py:1269]
2025-06-23 15:33:12,697 root INFO: Assigning contigs to plasmid groups [in /home/kgontjes/.conda/envs/mobsuite_v3_1_9/lib/python3.11/site-packages/mob_suite/mob_recon.py:1284]
2025-06-23 15:33:25,076 root INFO: Writting contig results to /nfs/turbo/umms-esnitkin/Project_Penn_KPC/Analysis/Combination_resistance/pre-intro-blbli-resistance-ms/data/mobsuite_hybrid/PCMP_H434/contig_report.txt [in /home/kgontjes/.conda/envs/mobsuite_v3_1_9/lib/python3.11/site-packages/mob_suite/mob_recon.py:1387]
2025-06-23 15:33:26,659 root INFO: Writting plasmid sequences to /nfs/turbo/umms-esnitkin/Project_Penn_KPC/Analysis/Combination_resistance/pre-intro-blbli-resistance-ms/data/mobsuite_hybrid/PCMP_H434/plasmid_AA274.fasta [in /home/kgontjes/.conda/envs/mobsuite_v3_1_9/lib/python3.11/site-packages/mob_suite/utils.py:971]
2025-06-23 15:33:27,183 root INFO: Writting plasmid sequences to /nfs/turbo/umms-esnitkin/Project_Penn_KPC/Analysis/Combination_resistance/pre-intro-blbli-resistance-ms/data/mobsuite_hybrid/PCMP_H434/plasmid_AA552.fasta [in /home/kgontjes/.conda/envs/mobsuite_v3_1_9/lib/python3.11/site-packages/mob_suite/utils.py:971]
2025-06-23 15:33:28,424 root INFO: Writting plasmid sequences to /nfs/turbo/umms-esnitkin/Project_Penn_KPC/Analysis/Combination_resistance/pre-intro-blbli-resistance-ms/data/mobsuite_hybrid/PCMP_H434/plasmid_AA324.fasta [in /home/kgontjes/.conda/envs/mobsuite_v3_1_9/lib/python3.11/site-packages/mob_suite/utils.py:971]
2025-06-23 15:33:30,977 root INFO: Writting plasmid sequences to /nfs/turbo/umms-esnitkin/Project_Penn_KPC/Analysis/Combination_resistance/pre-intro-blbli-resistance-ms/data/mobsuite_hybrid/PCMP_H434/plasmid_AA941.fasta [in /home/kgontjes/.conda/envs/mobsuite_v3_1_9/lib/python3.11/site-packages/mob_suite/utils.py:971]
2025-06-23 15:33:31,984 root INFO: Writting chromosome sequences to /nfs/turbo/umms-esnitkin/Project_Penn_KPC/Analysis/Combination_resistance/pre-intro-blbli-resistance-ms/data/mobsuite_hybrid/PCMP_H434/chromosome.fasta [in /home/kgontjes/.conda/envs/mobsuite_v3_1_9/lib/python3.11/site-packages/mob_suite/mob_recon.py:1404]
/home/kgontjes/.conda/envs/mobsuite_v3_1_9/lib/python3.11/site-packages/mob_suite/utils.py:338: FutureWarning: the 'line_terminator'' keyword is deprecated, use 'lineterminator' instead.
  blast_df.to_csv(blast_results_file, sep='\t', header=True, line_terminator='\n', index=False)
2025-06-23 15:33:33,069 root INFO: Creating plasmid biomarkers report ... [in /home/kgontjes/.conda/envs/mobsuite_v3_1_9/lib/python3.11/site-packages/mob_suite/utils.py:1382]
2025-06-23 15:33:33,377 root INFO: Writting plasmid biomarkers report contaning 49 biomarkers [in /home/kgontjes/.conda/envs/mobsuite_v3_1_9/lib/python3.11/site-packages/mob_suite/mob_recon.py:1478]
2025-06-23 15:33:33,381 root INFO: Cleaning up temporary files /nfs/turbo/umms-esnitkin/Project_Penn_KPC/Analysis/Combination_resistance/pre-intro-blbli-resistance-ms/data/mobsuite_hybrid/PCMP_H434/__tmp [in /home/kgontjes/.conda/envs/mobsuite_v3_1_9/lib/python3.11/site-packages/mob_suite/mob_recon.py:1484]
2025-06-23 15:33:33,405 mob_suite.mob_recon INFO: MOB-recon completed and results written to /nfs/turbo/umms-esnitkin/Project_Penn_KPC/Analysis/Combination_resistance/pre-intro-blbli-resistance-ms/data/mobsuite_hybrid/PCMP_H434 [in /home/kgontjes/.conda/envs/mobsuite_v3_1_9/lib/python3.11/site-packages/mob_suite/mob_recon.py:1486]
