mob_recon 3.1.9
mob_typer 3.1.9
PCMP_H148
mob_recon --infile /nfs/turbo/umms-esnitkin/Project_Penn_KPC/Sequence_data/assembly/ONT/medaka/PCMP_H148/PCMP_H148\_medaka.fasta --outdir /nfs/turbo/umms-esnitkin/Project_Penn_KPC/Analysis/Combination_resistance/pre-intro-blbli-resistance-ms/data/mobsuite_ONT/PCMP_H148 
PCMP_H15
mob_recon --infile /nfs/turbo/umms-esnitkin/Project_Penn_KPC/Sequence_data/assembly/ONT/medaka/PCMP_H15/PCMP_H15\_medaka.fasta --outdir /nfs/turbo/umms-esnitkin/Project_Penn_KPC/Analysis/Combination_resistance/pre-intro-blbli-resistance-ms/data/mobsuite_ONT/PCMP_H15 
PCMP_H173
mob_recon --infile /nfs/turbo/umms-esnitkin/Project_Penn_KPC/Sequence_data/assembly/ONT/medaka/PCMP_H173/PCMP_H173\_medaka.fasta --outdir /nfs/turbo/umms-esnitkin/Project_Penn_KPC/Analysis/Combination_resistance/pre-intro-blbli-resistance-ms/data/mobsuite_ONT/PCMP_H173 
PCMP_H276
mob_recon --infile /nfs/turbo/umms-esnitkin/Project_Penn_KPC/Sequence_data/assembly/ONT/medaka/PCMP_H276/PCMP_H276\_medaka.fasta --outdir /nfs/turbo/umms-esnitkin/Project_Penn_KPC/Analysis/Combination_resistance/pre-intro-blbli-resistance-ms/data/mobsuite_ONT/PCMP_H276 
PCMP_H307
mob_recon --infile /nfs/turbo/umms-esnitkin/Project_Penn_KPC/Sequence_data/assembly/ONT/medaka/PCMP_H307/PCMP_H307\_medaka.fasta --outdir /nfs/turbo/umms-esnitkin/Project_Penn_KPC/Analysis/Combination_resistance/pre-intro-blbli-resistance-ms/data/mobsuite_ONT/PCMP_H307 
PCMP_H339
mob_recon --infile /nfs/turbo/umms-esnitkin/Project_Penn_KPC/Sequence_data/assembly/ONT/medaka/PCMP_H339/PCMP_H339\_medaka.fasta --outdir /nfs/turbo/umms-esnitkin/Project_Penn_KPC/Analysis/Combination_resistance/pre-intro-blbli-resistance-ms/data/mobsuite_ONT/PCMP_H339 
PCMP_H416
mob_recon --infile /nfs/turbo/umms-esnitkin/Project_Penn_KPC/Sequence_data/assembly/ONT/medaka/PCMP_H416/PCMP_H416\_medaka.fasta --outdir /nfs/turbo/umms-esnitkin/Project_Penn_KPC/Analysis/Combination_resistance/pre-intro-blbli-resistance-ms/data/mobsuite_ONT/PCMP_H416 
PCMP_H434
mob_recon --infile /nfs/turbo/umms-esnitkin/Project_Penn_KPC/Sequence_data/assembly/ONT/medaka/PCMP_H434/PCMP_H434\_medaka.fasta --outdir /nfs/turbo/umms-esnitkin/Project_Penn_KPC/Analysis/Combination_resistance/pre-intro-blbli-resistance-ms/data/mobsuite_ONT/PCMP_H434 
2025-05-08 11:32:04,594 mob_suite.mob_recon INFO: MOB-recon version 3.1.9  [in /home/kgontjes/.conda/envs/mobsuite_v3_1_9/lib/python3.11/site-packages/mob_suite/mob_recon.py:984]
2025-05-08 11:32:04,594 mob_suite.mob_recon INFO: SUCCESS: Found program blastn at /home/kgontjes/.conda/envs/mobsuite_v3_1_9/bin/blastn [in /home/kgontjes/.conda/envs/mobsuite_v3_1_9/lib/python3.11/site-packages/mob_suite/utils.py:597]
2025-05-08 11:32:04,594 mob_suite.mob_recon INFO: SUCCESS: Found program makeblastdb at /home/kgontjes/.conda/envs/mobsuite_v3_1_9/bin/makeblastdb [in /home/kgontjes/.conda/envs/mobsuite_v3_1_9/lib/python3.11/site-packages/mob_suite/utils.py:597]
2025-05-08 11:32:04,594 mob_suite.mob_recon INFO: SUCCESS: Found program tblastn at /home/kgontjes/.conda/envs/mobsuite_v3_1_9/bin/tblastn [in /home/kgontjes/.conda/envs/mobsuite_v3_1_9/lib/python3.11/site-packages/mob_suite/utils.py:597]
2025-05-08 11:32:04,595 mob_suite.mob_recon INFO: Processing fasta file /nfs/turbo/umms-esnitkin/Project_Penn_KPC/Sequence_data/assembly/ONT/medaka/PCMP_H173/PCMP_H173_medaka.fasta [in /home/kgontjes/.conda/envs/mobsuite_v3_1_9/lib/python3.11/site-packages/mob_suite/mob_recon.py:1011]
2025-05-08 11:32:04,595 mob_suite.mob_recon INFO: Analysis directory /nfs/turbo/umms-esnitkin/Project_Penn_KPC/Analysis/Combination_resistance/pre-intro-blbli-resistance-ms/data/mobsuite_ONT/PCMP_H173 [in /home/kgontjes/.conda/envs/mobsuite_v3_1_9/lib/python3.11/site-packages/mob_suite/mob_recon.py:1012]
2025-05-08 11:32:06,943 mob_suite.mob_recon INFO: Writing cleaned header input fasta file from /nfs/turbo/umms-esnitkin/Project_Penn_KPC/Sequence_data/assembly/ONT/medaka/PCMP_H173/PCMP_H173_medaka.fasta to /nfs/turbo/umms-esnitkin/Project_Penn_KPC/Analysis/Combination_resistance/pre-intro-blbli-resistance-ms/data/mobsuite_ONT/PCMP_H173/__tmp/fixed.input.fasta [in /home/kgontjes/.conda/envs/mobsuite_v3_1_9/lib/python3.11/site-packages/mob_suite/mob_recon.py:1107]
2025-05-08 11:32:07,814 root INFO: Blasting replicon sequences /home/kgontjes/.conda/envs/mobsuite_v3_1_9/lib/python3.11/site-packages/mob_suite/databases/rep.dna.fas against /nfs/turbo/umms-esnitkin/Project_Penn_KPC/Analysis/Combination_resistance/pre-intro-blbli-resistance-ms/data/mobsuite_ONT/PCMP_H173/__tmp/fixed.input.fasta [in /home/kgontjes/.conda/envs/mobsuite_v3_1_9/lib/python3.11/site-packages/mob_suite/utils.py:1163]
/home/kgontjes/.conda/envs/mobsuite_v3_1_9/lib/python3.11/site-packages/mob_suite/utils.py:338: FutureWarning: the 'line_terminator'' keyword is deprecated, use 'lineterminator' instead.
  blast_df.to_csv(blast_results_file, sep='\t', header=True, line_terminator='\n', index=False)
2025-05-08 11:32:08,690 root INFO: Filtering replicon blast results /nfs/turbo/umms-esnitkin/Project_Penn_KPC/Analysis/Combination_resistance/pre-intro-blbli-resistance-ms/data/mobsuite_ONT/PCMP_H173/__tmp/replicon_blast_results.txt  [in /home/kgontjes/.conda/envs/mobsuite_v3_1_9/lib/python3.11/site-packages/mob_suite/utils.py:1168]
2025-05-08 11:32:08,747 root INFO: Blasting relaxase sequences /home/kgontjes/.conda/envs/mobsuite_v3_1_9/lib/python3.11/site-packages/mob_suite/databases/mob.proteins.faa against /nfs/turbo/umms-esnitkin/Project_Penn_KPC/Analysis/Combination_resistance/pre-intro-blbli-resistance-ms/data/mobsuite_ONT/PCMP_H173/__tmp/fixed.input.fasta [in /home/kgontjes/.conda/envs/mobsuite_v3_1_9/lib/python3.11/site-packages/mob_suite/utils.py:1186]
/home/kgontjes/.conda/envs/mobsuite_v3_1_9/lib/python3.11/site-packages/mob_suite/utils.py:365: FutureWarning: the 'line_terminator'' keyword is deprecated, use 'lineterminator' instead.
  blast_df.to_csv(blast_results_file, sep='\t', header=True, line_terminator='\n', index=False)
2025-05-08 11:33:39,321 root INFO: Filtering relaxase blast results /nfs/turbo/umms-esnitkin/Project_Penn_KPC/Analysis/Combination_resistance/pre-intro-blbli-resistance-ms/data/mobsuite_ONT/PCMP_H173/__tmp/mob_blast_results.txt  [in /home/kgontjes/.conda/envs/mobsuite_v3_1_9/lib/python3.11/site-packages/mob_suite/utils.py:1191]
2025-05-08 11:33:39,337 root INFO: Blasting MPF sequences /home/kgontjes/.conda/envs/mobsuite_v3_1_9/lib/python3.11/site-packages/mob_suite/databases/mpf.proteins.faa against /nfs/turbo/umms-esnitkin/Project_Penn_KPC/Analysis/Combination_resistance/pre-intro-blbli-resistance-ms/data/mobsuite_ONT/PCMP_H173/__tmp/fixed.input.fasta [in /home/kgontjes/.conda/envs/mobsuite_v3_1_9/lib/python3.11/site-packages/mob_suite/utils.py:1210]
/home/kgontjes/.conda/envs/mobsuite_v3_1_9/lib/python3.11/site-packages/mob_suite/utils.py:365: FutureWarning: the 'line_terminator'' keyword is deprecated, use 'lineterminator' instead.
  blast_df.to_csv(blast_results_file, sep='\t', header=True, line_terminator='\n', index=False)
2025-05-08 11:34:43,941 root INFO: Filtering MPF blast results /nfs/turbo/umms-esnitkin/Project_Penn_KPC/Analysis/Combination_resistance/pre-intro-blbli-resistance-ms/data/mobsuite_ONT/PCMP_H173/__tmp/mpf_blast_results.txt  [in /home/kgontjes/.conda/envs/mobsuite_v3_1_9/lib/python3.11/site-packages/mob_suite/utils.py:1225]
2025-05-08 11:34:43,941 root INFO: Blasting orit sequences /home/kgontjes/.conda/envs/mobsuite_v3_1_9/lib/python3.11/site-packages/mob_suite/databases/orit.fas against /nfs/turbo/umms-esnitkin/Project_Penn_KPC/Analysis/Combination_resistance/pre-intro-blbli-resistance-ms/data/mobsuite_ONT/PCMP_H173/__tmp/fixed.input.fasta [in /home/kgontjes/.conda/envs/mobsuite_v3_1_9/lib/python3.11/site-packages/mob_suite/utils.py:1234]
/home/kgontjes/.conda/envs/mobsuite_v3_1_9/lib/python3.11/site-packages/mob_suite/utils.py:338: FutureWarning: the 'line_terminator'' keyword is deprecated, use 'lineterminator' instead.
  blast_df.to_csv(blast_results_file, sep='\t', header=True, line_terminator='\n', index=False)
2025-05-08 11:34:44,173 root INFO: Filtering orit blast results /nfs/turbo/umms-esnitkin/Project_Penn_KPC/Analysis/Combination_resistance/pre-intro-blbli-resistance-ms/data/mobsuite_ONT/PCMP_H173/__tmp/orit_blast_results.txt  [in /home/kgontjes/.conda/envs/mobsuite_v3_1_9/lib/python3.11/site-packages/mob_suite/utils.py:1239]
2025-05-08 11:34:44,198 root INFO: Blasting contigs against repetitive sequences db: /home/kgontjes/.conda/envs/mobsuite_v3_1_9/lib/python3.11/site-packages/mob_suite/databases/repetitive.dna.fas [in /home/kgontjes/.conda/envs/mobsuite_v3_1_9/lib/python3.11/site-packages/mob_suite/utils.py:1256]
/home/kgontjes/.conda/envs/mobsuite_v3_1_9/lib/python3.11/site-packages/mob_suite/utils.py:338: FutureWarning: the 'line_terminator'' keyword is deprecated, use 'lineterminator' instead.
  blast_df.to_csv(blast_results_file, sep='\t', header=True, line_terminator='\n', index=False)
2025-05-08 11:34:45,268 root INFO: Filtering repetitive blast results /nfs/turbo/umms-esnitkin/Project_Penn_KPC/Analysis/Combination_resistance/pre-intro-blbli-resistance-ms/data/mobsuite_ONT/PCMP_H173/__tmp/repetitive_blast_results.txt  [in /home/kgontjes/.conda/envs/mobsuite_v3_1_9/lib/python3.11/site-packages/mob_suite/utils.py:1260]
2025-05-08 11:34:45,274 root INFO: Blasting contigs against reference sequence db: /home/kgontjes/.conda/envs/mobsuite_v3_1_9/lib/python3.11/site-packages/mob_suite/databases/ncbi_plasmid_full_seqs.fas [in /home/kgontjes/.conda/envs/mobsuite_v3_1_9/lib/python3.11/site-packages/mob_suite/mob_recon.py:1264]
/home/kgontjes/.conda/envs/mobsuite_v3_1_9/lib/python3.11/site-packages/mob_suite/utils.py:338: FutureWarning: the 'line_terminator'' keyword is deprecated, use 'lineterminator' instead.
  blast_df.to_csv(blast_results_file, sep='\t', header=True, line_terminator='\n', index=False)
2025-05-08 11:35:33,981 root INFO: Filtering contig blast results: /nfs/turbo/umms-esnitkin/Project_Penn_KPC/Analysis/Combination_resistance/pre-intro-blbli-resistance-ms/data/mobsuite_ONT/PCMP_H173/__tmp/contig_blast_results.txt [in /home/kgontjes/.conda/envs/mobsuite_v3_1_9/lib/python3.11/site-packages/mob_suite/mob_recon.py:1269]
2025-05-08 11:35:34,221 root INFO: Assigning contigs to plasmid groups [in /home/kgontjes/.conda/envs/mobsuite_v3_1_9/lib/python3.11/site-packages/mob_suite/mob_recon.py:1284]
2025-05-08 11:35:36,948 root INFO: Writting contig results to /nfs/turbo/umms-esnitkin/Project_Penn_KPC/Analysis/Combination_resistance/pre-intro-blbli-resistance-ms/data/mobsuite_ONT/PCMP_H173/contig_report.txt [in /home/kgontjes/.conda/envs/mobsuite_v3_1_9/lib/python3.11/site-packages/mob_suite/mob_recon.py:1387]
2025-05-08 11:35:39,213 root INFO: Writting plasmid sequences to /nfs/turbo/umms-esnitkin/Project_Penn_KPC/Analysis/Combination_resistance/pre-intro-blbli-resistance-ms/data/mobsuite_ONT/PCMP_H173/plasmid_AA552.fasta [in /home/kgontjes/.conda/envs/mobsuite_v3_1_9/lib/python3.11/site-packages/mob_suite/utils.py:971]
2025-05-08 11:35:41,735 root INFO: Writting chromosome sequences to /nfs/turbo/umms-esnitkin/Project_Penn_KPC/Analysis/Combination_resistance/pre-intro-blbli-resistance-ms/data/mobsuite_ONT/PCMP_H173/chromosome.fasta [in /home/kgontjes/.conda/envs/mobsuite_v3_1_9/lib/python3.11/site-packages/mob_suite/mob_recon.py:1404]
/home/kgontjes/.conda/envs/mobsuite_v3_1_9/lib/python3.11/site-packages/mob_suite/utils.py:338: FutureWarning: the 'line_terminator'' keyword is deprecated, use 'lineterminator' instead.
  blast_df.to_csv(blast_results_file, sep='\t', header=True, line_terminator='\n', index=False)
2025-05-08 11:35:42,935 root INFO: Creating plasmid biomarkers report ... [in /home/kgontjes/.conda/envs/mobsuite_v3_1_9/lib/python3.11/site-packages/mob_suite/utils.py:1382]
2025-05-08 11:35:43,050 root INFO: Writting plasmid biomarkers report contaning 13 biomarkers [in /home/kgontjes/.conda/envs/mobsuite_v3_1_9/lib/python3.11/site-packages/mob_suite/mob_recon.py:1478]
2025-05-08 11:35:43,053 root INFO: Cleaning up temporary files /nfs/turbo/umms-esnitkin/Project_Penn_KPC/Analysis/Combination_resistance/pre-intro-blbli-resistance-ms/data/mobsuite_ONT/PCMP_H173/__tmp [in /home/kgontjes/.conda/envs/mobsuite_v3_1_9/lib/python3.11/site-packages/mob_suite/mob_recon.py:1484]
2025-05-08 11:35:43,075 mob_suite.mob_recon INFO: MOB-recon completed and results written to /nfs/turbo/umms-esnitkin/Project_Penn_KPC/Analysis/Combination_resistance/pre-intro-blbli-resistance-ms/data/mobsuite_ONT/PCMP_H173 [in /home/kgontjes/.conda/envs/mobsuite_v3_1_9/lib/python3.11/site-packages/mob_suite/mob_recon.py:1486]
2025-05-08 11:32:04,507 mob_suite.mob_recon INFO: MOB-recon version 3.1.9  [in /home/kgontjes/.conda/envs/mobsuite_v3_1_9/lib/python3.11/site-packages/mob_suite/mob_recon.py:984]
2025-05-08 11:32:04,508 mob_suite.mob_recon INFO: SUCCESS: Found program blastn at /home/kgontjes/.conda/envs/mobsuite_v3_1_9/bin/blastn [in /home/kgontjes/.conda/envs/mobsuite_v3_1_9/lib/python3.11/site-packages/mob_suite/utils.py:597]
2025-05-08 11:32:04,510 mob_suite.mob_recon INFO: SUCCESS: Found program makeblastdb at /home/kgontjes/.conda/envs/mobsuite_v3_1_9/bin/makeblastdb [in /home/kgontjes/.conda/envs/mobsuite_v3_1_9/lib/python3.11/site-packages/mob_suite/utils.py:597]
2025-05-08 11:32:04,511 mob_suite.mob_recon INFO: SUCCESS: Found program tblastn at /home/kgontjes/.conda/envs/mobsuite_v3_1_9/bin/tblastn [in /home/kgontjes/.conda/envs/mobsuite_v3_1_9/lib/python3.11/site-packages/mob_suite/utils.py:597]
2025-05-08 11:32:04,512 mob_suite.mob_recon INFO: Processing fasta file /nfs/turbo/umms-esnitkin/Project_Penn_KPC/Sequence_data/assembly/ONT/medaka/PCMP_H148/PCMP_H148_medaka.fasta [in /home/kgontjes/.conda/envs/mobsuite_v3_1_9/lib/python3.11/site-packages/mob_suite/mob_recon.py:1011]
2025-05-08 11:32:04,512 mob_suite.mob_recon INFO: Analysis directory /nfs/turbo/umms-esnitkin/Project_Penn_KPC/Analysis/Combination_resistance/pre-intro-blbli-resistance-ms/data/mobsuite_ONT/PCMP_H148 [in /home/kgontjes/.conda/envs/mobsuite_v3_1_9/lib/python3.11/site-packages/mob_suite/mob_recon.py:1012]
2025-05-08 11:32:06,740 mob_suite.mob_recon INFO: Writing cleaned header input fasta file from /nfs/turbo/umms-esnitkin/Project_Penn_KPC/Sequence_data/assembly/ONT/medaka/PCMP_H148/PCMP_H148_medaka.fasta to /nfs/turbo/umms-esnitkin/Project_Penn_KPC/Analysis/Combination_resistance/pre-intro-blbli-resistance-ms/data/mobsuite_ONT/PCMP_H148/__tmp/fixed.input.fasta [in /home/kgontjes/.conda/envs/mobsuite_v3_1_9/lib/python3.11/site-packages/mob_suite/mob_recon.py:1107]
2025-05-08 11:32:07,846 root INFO: Blasting replicon sequences /home/kgontjes/.conda/envs/mobsuite_v3_1_9/lib/python3.11/site-packages/mob_suite/databases/rep.dna.fas against /nfs/turbo/umms-esnitkin/Project_Penn_KPC/Analysis/Combination_resistance/pre-intro-blbli-resistance-ms/data/mobsuite_ONT/PCMP_H148/__tmp/fixed.input.fasta [in /home/kgontjes/.conda/envs/mobsuite_v3_1_9/lib/python3.11/site-packages/mob_suite/utils.py:1163]
/home/kgontjes/.conda/envs/mobsuite_v3_1_9/lib/python3.11/site-packages/mob_suite/utils.py:338: FutureWarning: the 'line_terminator'' keyword is deprecated, use 'lineterminator' instead.
  blast_df.to_csv(blast_results_file, sep='\t', header=True, line_terminator='\n', index=False)
2025-05-08 11:32:08,598 root INFO: Filtering replicon blast results /nfs/turbo/umms-esnitkin/Project_Penn_KPC/Analysis/Combination_resistance/pre-intro-blbli-resistance-ms/data/mobsuite_ONT/PCMP_H148/__tmp/replicon_blast_results.txt  [in /home/kgontjes/.conda/envs/mobsuite_v3_1_9/lib/python3.11/site-packages/mob_suite/utils.py:1168]
2025-05-08 11:32:08,648 root INFO: Blasting relaxase sequences /home/kgontjes/.conda/envs/mobsuite_v3_1_9/lib/python3.11/site-packages/mob_suite/databases/mob.proteins.faa against /nfs/turbo/umms-esnitkin/Project_Penn_KPC/Analysis/Combination_resistance/pre-intro-blbli-resistance-ms/data/mobsuite_ONT/PCMP_H148/__tmp/fixed.input.fasta [in /home/kgontjes/.conda/envs/mobsuite_v3_1_9/lib/python3.11/site-packages/mob_suite/utils.py:1186]
/home/kgontjes/.conda/envs/mobsuite_v3_1_9/lib/python3.11/site-packages/mob_suite/utils.py:365: FutureWarning: the 'line_terminator'' keyword is deprecated, use 'lineterminator' instead.
  blast_df.to_csv(blast_results_file, sep='\t', header=True, line_terminator='\n', index=False)
2025-05-08 11:33:36,110 root INFO: Filtering relaxase blast results /nfs/turbo/umms-esnitkin/Project_Penn_KPC/Analysis/Combination_resistance/pre-intro-blbli-resistance-ms/data/mobsuite_ONT/PCMP_H148/__tmp/mob_blast_results.txt  [in /home/kgontjes/.conda/envs/mobsuite_v3_1_9/lib/python3.11/site-packages/mob_suite/utils.py:1191]
2025-05-08 11:33:36,136 root INFO: Blasting MPF sequences /home/kgontjes/.conda/envs/mobsuite_v3_1_9/lib/python3.11/site-packages/mob_suite/databases/mpf.proteins.faa against /nfs/turbo/umms-esnitkin/Project_Penn_KPC/Analysis/Combination_resistance/pre-intro-blbli-resistance-ms/data/mobsuite_ONT/PCMP_H148/__tmp/fixed.input.fasta [in /home/kgontjes/.conda/envs/mobsuite_v3_1_9/lib/python3.11/site-packages/mob_suite/utils.py:1210]
/home/kgontjes/.conda/envs/mobsuite_v3_1_9/lib/python3.11/site-packages/mob_suite/utils.py:365: FutureWarning: the 'line_terminator'' keyword is deprecated, use 'lineterminator' instead.
  blast_df.to_csv(blast_results_file, sep='\t', header=True, line_terminator='\n', index=False)
2025-05-08 11:34:38,361 root INFO: Filtering MPF blast results /nfs/turbo/umms-esnitkin/Project_Penn_KPC/Analysis/Combination_resistance/pre-intro-blbli-resistance-ms/data/mobsuite_ONT/PCMP_H148/__tmp/mpf_blast_results.txt  [in /home/kgontjes/.conda/envs/mobsuite_v3_1_9/lib/python3.11/site-packages/mob_suite/utils.py:1225]
2025-05-08 11:34:38,362 root INFO: Blasting orit sequences /home/kgontjes/.conda/envs/mobsuite_v3_1_9/lib/python3.11/site-packages/mob_suite/databases/orit.fas against /nfs/turbo/umms-esnitkin/Project_Penn_KPC/Analysis/Combination_resistance/pre-intro-blbli-resistance-ms/data/mobsuite_ONT/PCMP_H148/__tmp/fixed.input.fasta [in /home/kgontjes/.conda/envs/mobsuite_v3_1_9/lib/python3.11/site-packages/mob_suite/utils.py:1234]
/home/kgontjes/.conda/envs/mobsuite_v3_1_9/lib/python3.11/site-packages/mob_suite/utils.py:338: FutureWarning: the 'line_terminator'' keyword is deprecated, use 'lineterminator' instead.
  blast_df.to_csv(blast_results_file, sep='\t', header=True, line_terminator='\n', index=False)
2025-05-08 11:34:38,564 root INFO: Filtering orit blast results /nfs/turbo/umms-esnitkin/Project_Penn_KPC/Analysis/Combination_resistance/pre-intro-blbli-resistance-ms/data/mobsuite_ONT/PCMP_H148/__tmp/orit_blast_results.txt  [in /home/kgontjes/.conda/envs/mobsuite_v3_1_9/lib/python3.11/site-packages/mob_suite/utils.py:1239]
2025-05-08 11:34:38,590 root INFO: Blasting contigs against repetitive sequences db: /home/kgontjes/.conda/envs/mobsuite_v3_1_9/lib/python3.11/site-packages/mob_suite/databases/repetitive.dna.fas [in /home/kgontjes/.conda/envs/mobsuite_v3_1_9/lib/python3.11/site-packages/mob_suite/utils.py:1256]
/home/kgontjes/.conda/envs/mobsuite_v3_1_9/lib/python3.11/site-packages/mob_suite/utils.py:338: FutureWarning: the 'line_terminator'' keyword is deprecated, use 'lineterminator' instead.
  blast_df.to_csv(blast_results_file, sep='\t', header=True, line_terminator='\n', index=False)
2025-05-08 11:34:39,600 root INFO: Filtering repetitive blast results /nfs/turbo/umms-esnitkin/Project_Penn_KPC/Analysis/Combination_resistance/pre-intro-blbli-resistance-ms/data/mobsuite_ONT/PCMP_H148/__tmp/repetitive_blast_results.txt  [in /home/kgontjes/.conda/envs/mobsuite_v3_1_9/lib/python3.11/site-packages/mob_suite/utils.py:1260]
2025-05-08 11:34:39,605 root INFO: Blasting contigs against reference sequence db: /home/kgontjes/.conda/envs/mobsuite_v3_1_9/lib/python3.11/site-packages/mob_suite/databases/ncbi_plasmid_full_seqs.fas [in /home/kgontjes/.conda/envs/mobsuite_v3_1_9/lib/python3.11/site-packages/mob_suite/mob_recon.py:1264]
/home/kgontjes/.conda/envs/mobsuite_v3_1_9/lib/python3.11/site-packages/mob_suite/utils.py:338: FutureWarning: the 'line_terminator'' keyword is deprecated, use 'lineterminator' instead.
  blast_df.to_csv(blast_results_file, sep='\t', header=True, line_terminator='\n', index=False)
2025-05-08 11:35:33,228 root INFO: Filtering contig blast results: /nfs/turbo/umms-esnitkin/Project_Penn_KPC/Analysis/Combination_resistance/pre-intro-blbli-resistance-ms/data/mobsuite_ONT/PCMP_H148/__tmp/contig_blast_results.txt [in /home/kgontjes/.conda/envs/mobsuite_v3_1_9/lib/python3.11/site-packages/mob_suite/mob_recon.py:1269]
2025-05-08 11:35:33,435 root INFO: Assigning contigs to plasmid groups [in /home/kgontjes/.conda/envs/mobsuite_v3_1_9/lib/python3.11/site-packages/mob_suite/mob_recon.py:1284]
2025-05-08 11:35:39,894 root INFO: Writting contig results to /nfs/turbo/umms-esnitkin/Project_Penn_KPC/Analysis/Combination_resistance/pre-intro-blbli-resistance-ms/data/mobsuite_ONT/PCMP_H148/contig_report.txt [in /home/kgontjes/.conda/envs/mobsuite_v3_1_9/lib/python3.11/site-packages/mob_suite/mob_recon.py:1387]
2025-05-08 11:35:41,560 root INFO: Writting plasmid sequences to /nfs/turbo/umms-esnitkin/Project_Penn_KPC/Analysis/Combination_resistance/pre-intro-blbli-resistance-ms/data/mobsuite_ONT/PCMP_H148/plasmid_AA018.fasta [in /home/kgontjes/.conda/envs/mobsuite_v3_1_9/lib/python3.11/site-packages/mob_suite/utils.py:971]
2025-05-08 11:35:42,065 root INFO: Writting plasmid sequences to /nfs/turbo/umms-esnitkin/Project_Penn_KPC/Analysis/Combination_resistance/pre-intro-blbli-resistance-ms/data/mobsuite_ONT/PCMP_H148/plasmid_AA552.fasta [in /home/kgontjes/.conda/envs/mobsuite_v3_1_9/lib/python3.11/site-packages/mob_suite/utils.py:971]
2025-05-08 11:35:44,433 root INFO: Writting plasmid sequences to /nfs/turbo/umms-esnitkin/Project_Penn_KPC/Analysis/Combination_resistance/pre-intro-blbli-resistance-ms/data/mobsuite_ONT/PCMP_H148/plasmid_AA941.fasta [in /home/kgontjes/.conda/envs/mobsuite_v3_1_9/lib/python3.11/site-packages/mob_suite/utils.py:971]
2025-05-08 11:35:45,578 root INFO: Writting chromosome sequences to /nfs/turbo/umms-esnitkin/Project_Penn_KPC/Analysis/Combination_resistance/pre-intro-blbli-resistance-ms/data/mobsuite_ONT/PCMP_H148/chromosome.fasta [in /home/kgontjes/.conda/envs/mobsuite_v3_1_9/lib/python3.11/site-packages/mob_suite/mob_recon.py:1404]
/home/kgontjes/.conda/envs/mobsuite_v3_1_9/lib/python3.11/site-packages/mob_suite/utils.py:338: FutureWarning: the 'line_terminator'' keyword is deprecated, use 'lineterminator' instead.
  blast_df.to_csv(blast_results_file, sep='\t', header=True, line_terminator='\n', index=False)
2025-05-08 11:35:46,745 root INFO: Creating plasmid biomarkers report ... [in /home/kgontjes/.conda/envs/mobsuite_v3_1_9/lib/python3.11/site-packages/mob_suite/utils.py:1382]
2025-05-08 11:35:46,925 root INFO: Writting plasmid biomarkers report contaning 26 biomarkers [in /home/kgontjes/.conda/envs/mobsuite_v3_1_9/lib/python3.11/site-packages/mob_suite/mob_recon.py:1478]
2025-05-08 11:35:46,932 root INFO: Cleaning up temporary files /nfs/turbo/umms-esnitkin/Project_Penn_KPC/Analysis/Combination_resistance/pre-intro-blbli-resistance-ms/data/mobsuite_ONT/PCMP_H148/__tmp [in /home/kgontjes/.conda/envs/mobsuite_v3_1_9/lib/python3.11/site-packages/mob_suite/mob_recon.py:1484]
2025-05-08 11:35:46,961 mob_suite.mob_recon INFO: MOB-recon completed and results written to /nfs/turbo/umms-esnitkin/Project_Penn_KPC/Analysis/Combination_resistance/pre-intro-blbli-resistance-ms/data/mobsuite_ONT/PCMP_H148 [in /home/kgontjes/.conda/envs/mobsuite_v3_1_9/lib/python3.11/site-packages/mob_suite/mob_recon.py:1486]
2025-05-08 11:32:04,589 mob_suite.mob_recon INFO: MOB-recon version 3.1.9  [in /home/kgontjes/.conda/envs/mobsuite_v3_1_9/lib/python3.11/site-packages/mob_suite/mob_recon.py:984]
2025-05-08 11:32:04,589 mob_suite.mob_recon INFO: SUCCESS: Found program blastn at /home/kgontjes/.conda/envs/mobsuite_v3_1_9/bin/blastn [in /home/kgontjes/.conda/envs/mobsuite_v3_1_9/lib/python3.11/site-packages/mob_suite/utils.py:597]
2025-05-08 11:32:04,589 mob_suite.mob_recon INFO: SUCCESS: Found program makeblastdb at /home/kgontjes/.conda/envs/mobsuite_v3_1_9/bin/makeblastdb [in /home/kgontjes/.conda/envs/mobsuite_v3_1_9/lib/python3.11/site-packages/mob_suite/utils.py:597]
2025-05-08 11:32:04,589 mob_suite.mob_recon INFO: SUCCESS: Found program tblastn at /home/kgontjes/.conda/envs/mobsuite_v3_1_9/bin/tblastn [in /home/kgontjes/.conda/envs/mobsuite_v3_1_9/lib/python3.11/site-packages/mob_suite/utils.py:597]
2025-05-08 11:32:04,591 mob_suite.mob_recon INFO: Processing fasta file /nfs/turbo/umms-esnitkin/Project_Penn_KPC/Sequence_data/assembly/ONT/medaka/PCMP_H276/PCMP_H276_medaka.fasta [in /home/kgontjes/.conda/envs/mobsuite_v3_1_9/lib/python3.11/site-packages/mob_suite/mob_recon.py:1011]
2025-05-08 11:32:04,591 mob_suite.mob_recon INFO: Analysis directory /nfs/turbo/umms-esnitkin/Project_Penn_KPC/Analysis/Combination_resistance/pre-intro-blbli-resistance-ms/data/mobsuite_ONT/PCMP_H276 [in /home/kgontjes/.conda/envs/mobsuite_v3_1_9/lib/python3.11/site-packages/mob_suite/mob_recon.py:1012]
2025-05-08 11:32:06,745 mob_suite.mob_recon INFO: Writing cleaned header input fasta file from /nfs/turbo/umms-esnitkin/Project_Penn_KPC/Sequence_data/assembly/ONT/medaka/PCMP_H276/PCMP_H276_medaka.fasta to /nfs/turbo/umms-esnitkin/Project_Penn_KPC/Analysis/Combination_resistance/pre-intro-blbli-resistance-ms/data/mobsuite_ONT/PCMP_H276/__tmp/fixed.input.fasta [in /home/kgontjes/.conda/envs/mobsuite_v3_1_9/lib/python3.11/site-packages/mob_suite/mob_recon.py:1107]
2025-05-08 11:32:07,810 root INFO: Blasting replicon sequences /home/kgontjes/.conda/envs/mobsuite_v3_1_9/lib/python3.11/site-packages/mob_suite/databases/rep.dna.fas against /nfs/turbo/umms-esnitkin/Project_Penn_KPC/Analysis/Combination_resistance/pre-intro-blbli-resistance-ms/data/mobsuite_ONT/PCMP_H276/__tmp/fixed.input.fasta [in /home/kgontjes/.conda/envs/mobsuite_v3_1_9/lib/python3.11/site-packages/mob_suite/utils.py:1163]
/home/kgontjes/.conda/envs/mobsuite_v3_1_9/lib/python3.11/site-packages/mob_suite/utils.py:338: FutureWarning: the 'line_terminator'' keyword is deprecated, use 'lineterminator' instead.
  blast_df.to_csv(blast_results_file, sep='\t', header=True, line_terminator='\n', index=False)
2025-05-08 11:32:08,598 root INFO: Filtering replicon blast results /nfs/turbo/umms-esnitkin/Project_Penn_KPC/Analysis/Combination_resistance/pre-intro-blbli-resistance-ms/data/mobsuite_ONT/PCMP_H276/__tmp/replicon_blast_results.txt  [in /home/kgontjes/.conda/envs/mobsuite_v3_1_9/lib/python3.11/site-packages/mob_suite/utils.py:1168]
2025-05-08 11:32:08,650 root INFO: Blasting relaxase sequences /home/kgontjes/.conda/envs/mobsuite_v3_1_9/lib/python3.11/site-packages/mob_suite/databases/mob.proteins.faa against /nfs/turbo/umms-esnitkin/Project_Penn_KPC/Analysis/Combination_resistance/pre-intro-blbli-resistance-ms/data/mobsuite_ONT/PCMP_H276/__tmp/fixed.input.fasta [in /home/kgontjes/.conda/envs/mobsuite_v3_1_9/lib/python3.11/site-packages/mob_suite/utils.py:1186]
/home/kgontjes/.conda/envs/mobsuite_v3_1_9/lib/python3.11/site-packages/mob_suite/utils.py:365: FutureWarning: the 'line_terminator'' keyword is deprecated, use 'lineterminator' instead.
  blast_df.to_csv(blast_results_file, sep='\t', header=True, line_terminator='\n', index=False)
2025-05-08 11:33:36,682 root INFO: Filtering relaxase blast results /nfs/turbo/umms-esnitkin/Project_Penn_KPC/Analysis/Combination_resistance/pre-intro-blbli-resistance-ms/data/mobsuite_ONT/PCMP_H276/__tmp/mob_blast_results.txt  [in /home/kgontjes/.conda/envs/mobsuite_v3_1_9/lib/python3.11/site-packages/mob_suite/utils.py:1191]
2025-05-08 11:33:36,706 root INFO: Blasting MPF sequences /home/kgontjes/.conda/envs/mobsuite_v3_1_9/lib/python3.11/site-packages/mob_suite/databases/mpf.proteins.faa against /nfs/turbo/umms-esnitkin/Project_Penn_KPC/Analysis/Combination_resistance/pre-intro-blbli-resistance-ms/data/mobsuite_ONT/PCMP_H276/__tmp/fixed.input.fasta [in /home/kgontjes/.conda/envs/mobsuite_v3_1_9/lib/python3.11/site-packages/mob_suite/utils.py:1210]
/home/kgontjes/.conda/envs/mobsuite_v3_1_9/lib/python3.11/site-packages/mob_suite/utils.py:365: FutureWarning: the 'line_terminator'' keyword is deprecated, use 'lineterminator' instead.
  blast_df.to_csv(blast_results_file, sep='\t', header=True, line_terminator='\n', index=False)
2025-05-08 11:34:37,337 root INFO: Filtering MPF blast results /nfs/turbo/umms-esnitkin/Project_Penn_KPC/Analysis/Combination_resistance/pre-intro-blbli-resistance-ms/data/mobsuite_ONT/PCMP_H276/__tmp/mpf_blast_results.txt  [in /home/kgontjes/.conda/envs/mobsuite_v3_1_9/lib/python3.11/site-packages/mob_suite/utils.py:1225]
2025-05-08 11:34:37,338 root INFO: Blasting orit sequences /home/kgontjes/.conda/envs/mobsuite_v3_1_9/lib/python3.11/site-packages/mob_suite/databases/orit.fas against /nfs/turbo/umms-esnitkin/Project_Penn_KPC/Analysis/Combination_resistance/pre-intro-blbli-resistance-ms/data/mobsuite_ONT/PCMP_H276/__tmp/fixed.input.fasta [in /home/kgontjes/.conda/envs/mobsuite_v3_1_9/lib/python3.11/site-packages/mob_suite/utils.py:1234]
/home/kgontjes/.conda/envs/mobsuite_v3_1_9/lib/python3.11/site-packages/mob_suite/utils.py:338: FutureWarning: the 'line_terminator'' keyword is deprecated, use 'lineterminator' instead.
  blast_df.to_csv(blast_results_file, sep='\t', header=True, line_terminator='\n', index=False)
2025-05-08 11:34:37,558 root INFO: Filtering orit blast results /nfs/turbo/umms-esnitkin/Project_Penn_KPC/Analysis/Combination_resistance/pre-intro-blbli-resistance-ms/data/mobsuite_ONT/PCMP_H276/__tmp/orit_blast_results.txt  [in /home/kgontjes/.conda/envs/mobsuite_v3_1_9/lib/python3.11/site-packages/mob_suite/utils.py:1239]
2025-05-08 11:34:37,583 root INFO: Blasting contigs against repetitive sequences db: /home/kgontjes/.conda/envs/mobsuite_v3_1_9/lib/python3.11/site-packages/mob_suite/databases/repetitive.dna.fas [in /home/kgontjes/.conda/envs/mobsuite_v3_1_9/lib/python3.11/site-packages/mob_suite/utils.py:1256]
/home/kgontjes/.conda/envs/mobsuite_v3_1_9/lib/python3.11/site-packages/mob_suite/utils.py:338: FutureWarning: the 'line_terminator'' keyword is deprecated, use 'lineterminator' instead.
  blast_df.to_csv(blast_results_file, sep='\t', header=True, line_terminator='\n', index=False)
2025-05-08 11:34:38,605 root INFO: Filtering repetitive blast results /nfs/turbo/umms-esnitkin/Project_Penn_KPC/Analysis/Combination_resistance/pre-intro-blbli-resistance-ms/data/mobsuite_ONT/PCMP_H276/__tmp/repetitive_blast_results.txt  [in /home/kgontjes/.conda/envs/mobsuite_v3_1_9/lib/python3.11/site-packages/mob_suite/utils.py:1260]
2025-05-08 11:34:38,610 root INFO: Blasting contigs against reference sequence db: /home/kgontjes/.conda/envs/mobsuite_v3_1_9/lib/python3.11/site-packages/mob_suite/databases/ncbi_plasmid_full_seqs.fas [in /home/kgontjes/.conda/envs/mobsuite_v3_1_9/lib/python3.11/site-packages/mob_suite/mob_recon.py:1264]
/home/kgontjes/.conda/envs/mobsuite_v3_1_9/lib/python3.11/site-packages/mob_suite/utils.py:338: FutureWarning: the 'line_terminator'' keyword is deprecated, use 'lineterminator' instead.
  blast_df.to_csv(blast_results_file, sep='\t', header=True, line_terminator='\n', index=False)
2025-05-08 11:35:35,075 root INFO: Filtering contig blast results: /nfs/turbo/umms-esnitkin/Project_Penn_KPC/Analysis/Combination_resistance/pre-intro-blbli-resistance-ms/data/mobsuite_ONT/PCMP_H276/__tmp/contig_blast_results.txt [in /home/kgontjes/.conda/envs/mobsuite_v3_1_9/lib/python3.11/site-packages/mob_suite/mob_recon.py:1269]
2025-05-08 11:35:35,488 root INFO: Assigning contigs to plasmid groups [in /home/kgontjes/.conda/envs/mobsuite_v3_1_9/lib/python3.11/site-packages/mob_suite/mob_recon.py:1284]
2025-05-08 11:35:41,488 root INFO: Writting contig results to /nfs/turbo/umms-esnitkin/Project_Penn_KPC/Analysis/Combination_resistance/pre-intro-blbli-resistance-ms/data/mobsuite_ONT/PCMP_H276/contig_report.txt [in /home/kgontjes/.conda/envs/mobsuite_v3_1_9/lib/python3.11/site-packages/mob_suite/mob_recon.py:1387]
2025-05-08 11:35:43,115 root INFO: Writting plasmid sequences to /nfs/turbo/umms-esnitkin/Project_Penn_KPC/Analysis/Combination_resistance/pre-intro-blbli-resistance-ms/data/mobsuite_ONT/PCMP_H276/plasmid_AA018.fasta [in /home/kgontjes/.conda/envs/mobsuite_v3_1_9/lib/python3.11/site-packages/mob_suite/utils.py:971]
2025-05-08 11:35:43,629 root INFO: Writting plasmid sequences to /nfs/turbo/umms-esnitkin/Project_Penn_KPC/Analysis/Combination_resistance/pre-intro-blbli-resistance-ms/data/mobsuite_ONT/PCMP_H276/plasmid_AA552.fasta [in /home/kgontjes/.conda/envs/mobsuite_v3_1_9/lib/python3.11/site-packages/mob_suite/utils.py:971]
2025-05-08 11:35:45,964 root INFO: Writting plasmid sequences to /nfs/turbo/umms-esnitkin/Project_Penn_KPC/Analysis/Combination_resistance/pre-intro-blbli-resistance-ms/data/mobsuite_ONT/PCMP_H276/plasmid_AA941.fasta [in /home/kgontjes/.conda/envs/mobsuite_v3_1_9/lib/python3.11/site-packages/mob_suite/utils.py:971]
2025-05-08 11:35:47,131 root INFO: Writting chromosome sequences to /nfs/turbo/umms-esnitkin/Project_Penn_KPC/Analysis/Combination_resistance/pre-intro-blbli-resistance-ms/data/mobsuite_ONT/PCMP_H276/chromosome.fasta [in /home/kgontjes/.conda/envs/mobsuite_v3_1_9/lib/python3.11/site-packages/mob_suite/mob_recon.py:1404]
/home/kgontjes/.conda/envs/mobsuite_v3_1_9/lib/python3.11/site-packages/mob_suite/utils.py:338: FutureWarning: the 'line_terminator'' keyword is deprecated, use 'lineterminator' instead.
  blast_df.to_csv(blast_results_file, sep='\t', header=True, line_terminator='\n', index=False)
2025-05-08 11:35:48,532 root INFO: Creating plasmid biomarkers report ... [in /home/kgontjes/.conda/envs/mobsuite_v3_1_9/lib/python3.11/site-packages/mob_suite/utils.py:1382]
2025-05-08 11:35:48,907 root INFO: Writting plasmid biomarkers report contaning 28 biomarkers [in /home/kgontjes/.conda/envs/mobsuite_v3_1_9/lib/python3.11/site-packages/mob_suite/mob_recon.py:1478]
2025-05-08 11:35:48,915 root INFO: Cleaning up temporary files /nfs/turbo/umms-esnitkin/Project_Penn_KPC/Analysis/Combination_resistance/pre-intro-blbli-resistance-ms/data/mobsuite_ONT/PCMP_H276/__tmp [in /home/kgontjes/.conda/envs/mobsuite_v3_1_9/lib/python3.11/site-packages/mob_suite/mob_recon.py:1484]
2025-05-08 11:35:48,951 mob_suite.mob_recon INFO: MOB-recon completed and results written to /nfs/turbo/umms-esnitkin/Project_Penn_KPC/Analysis/Combination_resistance/pre-intro-blbli-resistance-ms/data/mobsuite_ONT/PCMP_H276 [in /home/kgontjes/.conda/envs/mobsuite_v3_1_9/lib/python3.11/site-packages/mob_suite/mob_recon.py:1486]
2025-05-08 11:32:04,568 mob_suite.mob_recon INFO: MOB-recon version 3.1.9  [in /home/kgontjes/.conda/envs/mobsuite_v3_1_9/lib/python3.11/site-packages/mob_suite/mob_recon.py:984]
2025-05-08 11:32:04,568 mob_suite.mob_recon INFO: SUCCESS: Found program blastn at /home/kgontjes/.conda/envs/mobsuite_v3_1_9/bin/blastn [in /home/kgontjes/.conda/envs/mobsuite_v3_1_9/lib/python3.11/site-packages/mob_suite/utils.py:597]
2025-05-08 11:32:04,568 mob_suite.mob_recon INFO: SUCCESS: Found program makeblastdb at /home/kgontjes/.conda/envs/mobsuite_v3_1_9/bin/makeblastdb [in /home/kgontjes/.conda/envs/mobsuite_v3_1_9/lib/python3.11/site-packages/mob_suite/utils.py:597]
2025-05-08 11:32:04,568 mob_suite.mob_recon INFO: SUCCESS: Found program tblastn at /home/kgontjes/.conda/envs/mobsuite_v3_1_9/bin/tblastn [in /home/kgontjes/.conda/envs/mobsuite_v3_1_9/lib/python3.11/site-packages/mob_suite/utils.py:597]
2025-05-08 11:32:04,569 mob_suite.mob_recon INFO: Processing fasta file /nfs/turbo/umms-esnitkin/Project_Penn_KPC/Sequence_data/assembly/ONT/medaka/PCMP_H15/PCMP_H15_medaka.fasta [in /home/kgontjes/.conda/envs/mobsuite_v3_1_9/lib/python3.11/site-packages/mob_suite/mob_recon.py:1011]
2025-05-08 11:32:04,569 mob_suite.mob_recon INFO: Analysis directory /nfs/turbo/umms-esnitkin/Project_Penn_KPC/Analysis/Combination_resistance/pre-intro-blbli-resistance-ms/data/mobsuite_ONT/PCMP_H15 [in /home/kgontjes/.conda/envs/mobsuite_v3_1_9/lib/python3.11/site-packages/mob_suite/mob_recon.py:1012]
2025-05-08 11:32:06,665 mob_suite.mob_recon INFO: Writing cleaned header input fasta file from /nfs/turbo/umms-esnitkin/Project_Penn_KPC/Sequence_data/assembly/ONT/medaka/PCMP_H15/PCMP_H15_medaka.fasta to /nfs/turbo/umms-esnitkin/Project_Penn_KPC/Analysis/Combination_resistance/pre-intro-blbli-resistance-ms/data/mobsuite_ONT/PCMP_H15/__tmp/fixed.input.fasta [in /home/kgontjes/.conda/envs/mobsuite_v3_1_9/lib/python3.11/site-packages/mob_suite/mob_recon.py:1107]
2025-05-08 11:32:07,829 root INFO: Blasting replicon sequences /home/kgontjes/.conda/envs/mobsuite_v3_1_9/lib/python3.11/site-packages/mob_suite/databases/rep.dna.fas against /nfs/turbo/umms-esnitkin/Project_Penn_KPC/Analysis/Combination_resistance/pre-intro-blbli-resistance-ms/data/mobsuite_ONT/PCMP_H15/__tmp/fixed.input.fasta [in /home/kgontjes/.conda/envs/mobsuite_v3_1_9/lib/python3.11/site-packages/mob_suite/utils.py:1163]
/home/kgontjes/.conda/envs/mobsuite_v3_1_9/lib/python3.11/site-packages/mob_suite/utils.py:338: FutureWarning: the 'line_terminator'' keyword is deprecated, use 'lineterminator' instead.
  blast_df.to_csv(blast_results_file, sep='\t', header=True, line_terminator='\n', index=False)
2025-05-08 11:32:08,598 root INFO: Filtering replicon blast results /nfs/turbo/umms-esnitkin/Project_Penn_KPC/Analysis/Combination_resistance/pre-intro-blbli-resistance-ms/data/mobsuite_ONT/PCMP_H15/__tmp/replicon_blast_results.txt  [in /home/kgontjes/.conda/envs/mobsuite_v3_1_9/lib/python3.11/site-packages/mob_suite/utils.py:1168]
2025-05-08 11:32:08,650 root INFO: Blasting relaxase sequences /home/kgontjes/.conda/envs/mobsuite_v3_1_9/lib/python3.11/site-packages/mob_suite/databases/mob.proteins.faa against /nfs/turbo/umms-esnitkin/Project_Penn_KPC/Analysis/Combination_resistance/pre-intro-blbli-resistance-ms/data/mobsuite_ONT/PCMP_H15/__tmp/fixed.input.fasta [in /home/kgontjes/.conda/envs/mobsuite_v3_1_9/lib/python3.11/site-packages/mob_suite/utils.py:1186]
/home/kgontjes/.conda/envs/mobsuite_v3_1_9/lib/python3.11/site-packages/mob_suite/utils.py:365: FutureWarning: the 'line_terminator'' keyword is deprecated, use 'lineterminator' instead.
  blast_df.to_csv(blast_results_file, sep='\t', header=True, line_terminator='\n', index=False)
2025-05-08 11:33:37,950 root INFO: Filtering relaxase blast results /nfs/turbo/umms-esnitkin/Project_Penn_KPC/Analysis/Combination_resistance/pre-intro-blbli-resistance-ms/data/mobsuite_ONT/PCMP_H15/__tmp/mob_blast_results.txt  [in /home/kgontjes/.conda/envs/mobsuite_v3_1_9/lib/python3.11/site-packages/mob_suite/utils.py:1191]
2025-05-08 11:33:37,973 root INFO: Blasting MPF sequences /home/kgontjes/.conda/envs/mobsuite_v3_1_9/lib/python3.11/site-packages/mob_suite/databases/mpf.proteins.faa against /nfs/turbo/umms-esnitkin/Project_Penn_KPC/Analysis/Combination_resistance/pre-intro-blbli-resistance-ms/data/mobsuite_ONT/PCMP_H15/__tmp/fixed.input.fasta [in /home/kgontjes/.conda/envs/mobsuite_v3_1_9/lib/python3.11/site-packages/mob_suite/utils.py:1210]
/home/kgontjes/.conda/envs/mobsuite_v3_1_9/lib/python3.11/site-packages/mob_suite/utils.py:365: FutureWarning: the 'line_terminator'' keyword is deprecated, use 'lineterminator' instead.
  blast_df.to_csv(blast_results_file, sep='\t', header=True, line_terminator='\n', index=False)
2025-05-08 11:34:40,695 root INFO: Filtering MPF blast results /nfs/turbo/umms-esnitkin/Project_Penn_KPC/Analysis/Combination_resistance/pre-intro-blbli-resistance-ms/data/mobsuite_ONT/PCMP_H15/__tmp/mpf_blast_results.txt  [in /home/kgontjes/.conda/envs/mobsuite_v3_1_9/lib/python3.11/site-packages/mob_suite/utils.py:1225]
2025-05-08 11:34:40,696 root INFO: Blasting orit sequences /home/kgontjes/.conda/envs/mobsuite_v3_1_9/lib/python3.11/site-packages/mob_suite/databases/orit.fas against /nfs/turbo/umms-esnitkin/Project_Penn_KPC/Analysis/Combination_resistance/pre-intro-blbli-resistance-ms/data/mobsuite_ONT/PCMP_H15/__tmp/fixed.input.fasta [in /home/kgontjes/.conda/envs/mobsuite_v3_1_9/lib/python3.11/site-packages/mob_suite/utils.py:1234]
/home/kgontjes/.conda/envs/mobsuite_v3_1_9/lib/python3.11/site-packages/mob_suite/utils.py:338: FutureWarning: the 'line_terminator'' keyword is deprecated, use 'lineterminator' instead.
  blast_df.to_csv(blast_results_file, sep='\t', header=True, line_terminator='\n', index=False)
2025-05-08 11:34:40,896 root INFO: Filtering orit blast results /nfs/turbo/umms-esnitkin/Project_Penn_KPC/Analysis/Combination_resistance/pre-intro-blbli-resistance-ms/data/mobsuite_ONT/PCMP_H15/__tmp/orit_blast_results.txt  [in /home/kgontjes/.conda/envs/mobsuite_v3_1_9/lib/python3.11/site-packages/mob_suite/utils.py:1239]
2025-05-08 11:34:40,912 root INFO: Blasting contigs against repetitive sequences db: /home/kgontjes/.conda/envs/mobsuite_v3_1_9/lib/python3.11/site-packages/mob_suite/databases/repetitive.dna.fas [in /home/kgontjes/.conda/envs/mobsuite_v3_1_9/lib/python3.11/site-packages/mob_suite/utils.py:1256]
/home/kgontjes/.conda/envs/mobsuite_v3_1_9/lib/python3.11/site-packages/mob_suite/utils.py:338: FutureWarning: the 'line_terminator'' keyword is deprecated, use 'lineterminator' instead.
  blast_df.to_csv(blast_results_file, sep='\t', header=True, line_terminator='\n', index=False)
2025-05-08 11:34:42,052 root INFO: Filtering repetitive blast results /nfs/turbo/umms-esnitkin/Project_Penn_KPC/Analysis/Combination_resistance/pre-intro-blbli-resistance-ms/data/mobsuite_ONT/PCMP_H15/__tmp/repetitive_blast_results.txt  [in /home/kgontjes/.conda/envs/mobsuite_v3_1_9/lib/python3.11/site-packages/mob_suite/utils.py:1260]
2025-05-08 11:34:42,057 root INFO: Blasting contigs against reference sequence db: /home/kgontjes/.conda/envs/mobsuite_v3_1_9/lib/python3.11/site-packages/mob_suite/databases/ncbi_plasmid_full_seqs.fas [in /home/kgontjes/.conda/envs/mobsuite_v3_1_9/lib/python3.11/site-packages/mob_suite/mob_recon.py:1264]
/home/kgontjes/.conda/envs/mobsuite_v3_1_9/lib/python3.11/site-packages/mob_suite/utils.py:338: FutureWarning: the 'line_terminator'' keyword is deprecated, use 'lineterminator' instead.
  blast_df.to_csv(blast_results_file, sep='\t', header=True, line_terminator='\n', index=False)
2025-05-08 11:35:50,521 root INFO: Filtering contig blast results: /nfs/turbo/umms-esnitkin/Project_Penn_KPC/Analysis/Combination_resistance/pre-intro-blbli-resistance-ms/data/mobsuite_ONT/PCMP_H15/__tmp/contig_blast_results.txt [in /home/kgontjes/.conda/envs/mobsuite_v3_1_9/lib/python3.11/site-packages/mob_suite/mob_recon.py:1269]
2025-05-08 11:35:51,344 root INFO: Assigning contigs to plasmid groups [in /home/kgontjes/.conda/envs/mobsuite_v3_1_9/lib/python3.11/site-packages/mob_suite/mob_recon.py:1284]
2025-05-08 11:35:58,211 root INFO: Writting contig results to /nfs/turbo/umms-esnitkin/Project_Penn_KPC/Analysis/Combination_resistance/pre-intro-blbli-resistance-ms/data/mobsuite_ONT/PCMP_H15/contig_report.txt [in /home/kgontjes/.conda/envs/mobsuite_v3_1_9/lib/python3.11/site-packages/mob_suite/mob_recon.py:1387]
2025-05-08 11:36:00,879 root INFO: Writting plasmid sequences to /nfs/turbo/umms-esnitkin/Project_Penn_KPC/Analysis/Combination_resistance/pre-intro-blbli-resistance-ms/data/mobsuite_ONT/PCMP_H15/plasmid_AA860.fasta [in /home/kgontjes/.conda/envs/mobsuite_v3_1_9/lib/python3.11/site-packages/mob_suite/utils.py:971]
2025-05-08 11:36:03,232 root INFO: Writting plasmid sequences to /nfs/turbo/umms-esnitkin/Project_Penn_KPC/Analysis/Combination_resistance/pre-intro-blbli-resistance-ms/data/mobsuite_ONT/PCMP_H15/plasmid_AA018.fasta [in /home/kgontjes/.conda/envs/mobsuite_v3_1_9/lib/python3.11/site-packages/mob_suite/utils.py:971]
2025-05-08 11:36:03,787 root INFO: Writting plasmid sequences to /nfs/turbo/umms-esnitkin/Project_Penn_KPC/Analysis/Combination_resistance/pre-intro-blbli-resistance-ms/data/mobsuite_ONT/PCMP_H15/plasmid_AA941.fasta [in /home/kgontjes/.conda/envs/mobsuite_v3_1_9/lib/python3.11/site-packages/mob_suite/utils.py:971]
2025-05-08 11:36:04,935 root INFO: Writting chromosome sequences to /nfs/turbo/umms-esnitkin/Project_Penn_KPC/Analysis/Combination_resistance/pre-intro-blbli-resistance-ms/data/mobsuite_ONT/PCMP_H15/chromosome.fasta [in /home/kgontjes/.conda/envs/mobsuite_v3_1_9/lib/python3.11/site-packages/mob_suite/mob_recon.py:1404]
/home/kgontjes/.conda/envs/mobsuite_v3_1_9/lib/python3.11/site-packages/mob_suite/utils.py:338: FutureWarning: the 'line_terminator'' keyword is deprecated, use 'lineterminator' instead.
  blast_df.to_csv(blast_results_file, sep='\t', header=True, line_terminator='\n', index=False)
2025-05-08 11:36:06,777 root INFO: Creating plasmid biomarkers report ... [in /home/kgontjes/.conda/envs/mobsuite_v3_1_9/lib/python3.11/site-packages/mob_suite/utils.py:1382]
2025-05-08 11:36:06,933 root INFO: Writting plasmid biomarkers report contaning 31 biomarkers [in /home/kgontjes/.conda/envs/mobsuite_v3_1_9/lib/python3.11/site-packages/mob_suite/mob_recon.py:1478]
2025-05-08 11:36:06,938 root INFO: Cleaning up temporary files /nfs/turbo/umms-esnitkin/Project_Penn_KPC/Analysis/Combination_resistance/pre-intro-blbli-resistance-ms/data/mobsuite_ONT/PCMP_H15/__tmp [in /home/kgontjes/.conda/envs/mobsuite_v3_1_9/lib/python3.11/site-packages/mob_suite/mob_recon.py:1484]
2025-05-08 11:36:06,976 mob_suite.mob_recon INFO: MOB-recon completed and results written to /nfs/turbo/umms-esnitkin/Project_Penn_KPC/Analysis/Combination_resistance/pre-intro-blbli-resistance-ms/data/mobsuite_ONT/PCMP_H15 [in /home/kgontjes/.conda/envs/mobsuite_v3_1_9/lib/python3.11/site-packages/mob_suite/mob_recon.py:1486]
Not 1_06f85c1931901cfe7010014475f055af_circular=true_71031 to cluster AA552 assigned as already present in cluster AA552
Not 2_8b09eacc67784f34888c7373f15fdb48_circular=true_27691 to cluster AA552 assigned as already present in cluster AA552
2025-05-08 11:35:50,932 mob_suite.mob_recon INFO: MOB-recon version 3.1.9  [in /home/kgontjes/.conda/envs/mobsuite_v3_1_9/lib/python3.11/site-packages/mob_suite/mob_recon.py:984]
2025-05-08 11:35:50,932 mob_suite.mob_recon INFO: SUCCESS: Found program blastn at /home/kgontjes/.conda/envs/mobsuite_v3_1_9/bin/blastn [in /home/kgontjes/.conda/envs/mobsuite_v3_1_9/lib/python3.11/site-packages/mob_suite/utils.py:597]
2025-05-08 11:35:50,932 mob_suite.mob_recon INFO: SUCCESS: Found program makeblastdb at /home/kgontjes/.conda/envs/mobsuite_v3_1_9/bin/makeblastdb [in /home/kgontjes/.conda/envs/mobsuite_v3_1_9/lib/python3.11/site-packages/mob_suite/utils.py:597]
2025-05-08 11:35:50,932 mob_suite.mob_recon INFO: SUCCESS: Found program tblastn at /home/kgontjes/.conda/envs/mobsuite_v3_1_9/bin/tblastn [in /home/kgontjes/.conda/envs/mobsuite_v3_1_9/lib/python3.11/site-packages/mob_suite/utils.py:597]
2025-05-08 11:35:50,933 mob_suite.mob_recon INFO: Processing fasta file /nfs/turbo/umms-esnitkin/Project_Penn_KPC/Sequence_data/assembly/ONT/medaka/PCMP_H416/PCMP_H416_medaka.fasta [in /home/kgontjes/.conda/envs/mobsuite_v3_1_9/lib/python3.11/site-packages/mob_suite/mob_recon.py:1011]
2025-05-08 11:35:50,933 mob_suite.mob_recon INFO: Analysis directory /nfs/turbo/umms-esnitkin/Project_Penn_KPC/Analysis/Combination_resistance/pre-intro-blbli-resistance-ms/data/mobsuite_ONT/PCMP_H416 [in /home/kgontjes/.conda/envs/mobsuite_v3_1_9/lib/python3.11/site-packages/mob_suite/mob_recon.py:1012]
2025-05-08 11:35:53,178 mob_suite.mob_recon INFO: Writing cleaned header input fasta file from /nfs/turbo/umms-esnitkin/Project_Penn_KPC/Sequence_data/assembly/ONT/medaka/PCMP_H416/PCMP_H416_medaka.fasta to /nfs/turbo/umms-esnitkin/Project_Penn_KPC/Analysis/Combination_resistance/pre-intro-blbli-resistance-ms/data/mobsuite_ONT/PCMP_H416/__tmp/fixed.input.fasta [in /home/kgontjes/.conda/envs/mobsuite_v3_1_9/lib/python3.11/site-packages/mob_suite/mob_recon.py:1107]
2025-05-08 11:35:53,744 root INFO: Blasting replicon sequences /home/kgontjes/.conda/envs/mobsuite_v3_1_9/lib/python3.11/site-packages/mob_suite/databases/rep.dna.fas against /nfs/turbo/umms-esnitkin/Project_Penn_KPC/Analysis/Combination_resistance/pre-intro-blbli-resistance-ms/data/mobsuite_ONT/PCMP_H416/__tmp/fixed.input.fasta [in /home/kgontjes/.conda/envs/mobsuite_v3_1_9/lib/python3.11/site-packages/mob_suite/utils.py:1163]
/home/kgontjes/.conda/envs/mobsuite_v3_1_9/lib/python3.11/site-packages/mob_suite/utils.py:338: FutureWarning: the 'line_terminator'' keyword is deprecated, use 'lineterminator' instead.
  blast_df.to_csv(blast_results_file, sep='\t', header=True, line_terminator='\n', index=False)
2025-05-08 11:35:54,718 root INFO: Filtering replicon blast results /nfs/turbo/umms-esnitkin/Project_Penn_KPC/Analysis/Combination_resistance/pre-intro-blbli-resistance-ms/data/mobsuite_ONT/PCMP_H416/__tmp/replicon_blast_results.txt  [in /home/kgontjes/.conda/envs/mobsuite_v3_1_9/lib/python3.11/site-packages/mob_suite/utils.py:1168]
2025-05-08 11:35:54,767 root INFO: Blasting relaxase sequences /home/kgontjes/.conda/envs/mobsuite_v3_1_9/lib/python3.11/site-packages/mob_suite/databases/mob.proteins.faa against /nfs/turbo/umms-esnitkin/Project_Penn_KPC/Analysis/Combination_resistance/pre-intro-blbli-resistance-ms/data/mobsuite_ONT/PCMP_H416/__tmp/fixed.input.fasta [in /home/kgontjes/.conda/envs/mobsuite_v3_1_9/lib/python3.11/site-packages/mob_suite/utils.py:1186]
/home/kgontjes/.conda/envs/mobsuite_v3_1_9/lib/python3.11/site-packages/mob_suite/utils.py:365: FutureWarning: the 'line_terminator'' keyword is deprecated, use 'lineterminator' instead.
  blast_df.to_csv(blast_results_file, sep='\t', header=True, line_terminator='\n', index=False)
2025-05-08 11:37:22,477 root INFO: Filtering relaxase blast results /nfs/turbo/umms-esnitkin/Project_Penn_KPC/Analysis/Combination_resistance/pre-intro-blbli-resistance-ms/data/mobsuite_ONT/PCMP_H416/__tmp/mob_blast_results.txt  [in /home/kgontjes/.conda/envs/mobsuite_v3_1_9/lib/python3.11/site-packages/mob_suite/utils.py:1191]
2025-05-08 11:37:22,494 root INFO: Blasting MPF sequences /home/kgontjes/.conda/envs/mobsuite_v3_1_9/lib/python3.11/site-packages/mob_suite/databases/mpf.proteins.faa against /nfs/turbo/umms-esnitkin/Project_Penn_KPC/Analysis/Combination_resistance/pre-intro-blbli-resistance-ms/data/mobsuite_ONT/PCMP_H416/__tmp/fixed.input.fasta [in /home/kgontjes/.conda/envs/mobsuite_v3_1_9/lib/python3.11/site-packages/mob_suite/utils.py:1210]
/home/kgontjes/.conda/envs/mobsuite_v3_1_9/lib/python3.11/site-packages/mob_suite/utils.py:365: FutureWarning: the 'line_terminator'' keyword is deprecated, use 'lineterminator' instead.
  blast_df.to_csv(blast_results_file, sep='\t', header=True, line_terminator='\n', index=False)
2025-05-08 11:38:20,534 root INFO: Filtering MPF blast results /nfs/turbo/umms-esnitkin/Project_Penn_KPC/Analysis/Combination_resistance/pre-intro-blbli-resistance-ms/data/mobsuite_ONT/PCMP_H416/__tmp/mpf_blast_results.txt  [in /home/kgontjes/.conda/envs/mobsuite_v3_1_9/lib/python3.11/site-packages/mob_suite/utils.py:1225]
2025-05-08 11:38:20,534 root INFO: Blasting orit sequences /home/kgontjes/.conda/envs/mobsuite_v3_1_9/lib/python3.11/site-packages/mob_suite/databases/orit.fas against /nfs/turbo/umms-esnitkin/Project_Penn_KPC/Analysis/Combination_resistance/pre-intro-blbli-resistance-ms/data/mobsuite_ONT/PCMP_H416/__tmp/fixed.input.fasta [in /home/kgontjes/.conda/envs/mobsuite_v3_1_9/lib/python3.11/site-packages/mob_suite/utils.py:1234]
/home/kgontjes/.conda/envs/mobsuite_v3_1_9/lib/python3.11/site-packages/mob_suite/utils.py:338: FutureWarning: the 'line_terminator'' keyword is deprecated, use 'lineterminator' instead.
  blast_df.to_csv(blast_results_file, sep='\t', header=True, line_terminator='\n', index=False)
2025-05-08 11:38:20,730 root INFO: Filtering orit blast results /nfs/turbo/umms-esnitkin/Project_Penn_KPC/Analysis/Combination_resistance/pre-intro-blbli-resistance-ms/data/mobsuite_ONT/PCMP_H416/__tmp/orit_blast_results.txt  [in /home/kgontjes/.conda/envs/mobsuite_v3_1_9/lib/python3.11/site-packages/mob_suite/utils.py:1239]
2025-05-08 11:38:20,758 root INFO: Blasting contigs against repetitive sequences db: /home/kgontjes/.conda/envs/mobsuite_v3_1_9/lib/python3.11/site-packages/mob_suite/databases/repetitive.dna.fas [in /home/kgontjes/.conda/envs/mobsuite_v3_1_9/lib/python3.11/site-packages/mob_suite/utils.py:1256]
/home/kgontjes/.conda/envs/mobsuite_v3_1_9/lib/python3.11/site-packages/mob_suite/utils.py:338: FutureWarning: the 'line_terminator'' keyword is deprecated, use 'lineterminator' instead.
  blast_df.to_csv(blast_results_file, sep='\t', header=True, line_terminator='\n', index=False)
2025-05-08 11:38:21,701 root INFO: Filtering repetitive blast results /nfs/turbo/umms-esnitkin/Project_Penn_KPC/Analysis/Combination_resistance/pre-intro-blbli-resistance-ms/data/mobsuite_ONT/PCMP_H416/__tmp/repetitive_blast_results.txt  [in /home/kgontjes/.conda/envs/mobsuite_v3_1_9/lib/python3.11/site-packages/mob_suite/utils.py:1260]
2025-05-08 11:38:21,706 root INFO: Blasting contigs against reference sequence db: /home/kgontjes/.conda/envs/mobsuite_v3_1_9/lib/python3.11/site-packages/mob_suite/databases/ncbi_plasmid_full_seqs.fas [in /home/kgontjes/.conda/envs/mobsuite_v3_1_9/lib/python3.11/site-packages/mob_suite/mob_recon.py:1264]
/home/kgontjes/.conda/envs/mobsuite_v3_1_9/lib/python3.11/site-packages/mob_suite/utils.py:338: FutureWarning: the 'line_terminator'' keyword is deprecated, use 'lineterminator' instead.
  blast_df.to_csv(blast_results_file, sep='\t', header=True, line_terminator='\n', index=False)
2025-05-08 11:39:04,508 root INFO: Filtering contig blast results: /nfs/turbo/umms-esnitkin/Project_Penn_KPC/Analysis/Combination_resistance/pre-intro-blbli-resistance-ms/data/mobsuite_ONT/PCMP_H416/__tmp/contig_blast_results.txt [in /home/kgontjes/.conda/envs/mobsuite_v3_1_9/lib/python3.11/site-packages/mob_suite/mob_recon.py:1269]
2025-05-08 11:39:04,640 root INFO: Assigning contigs to plasmid groups [in /home/kgontjes/.conda/envs/mobsuite_v3_1_9/lib/python3.11/site-packages/mob_suite/mob_recon.py:1284]
2025-05-08 11:39:07,021 root INFO: Writting contig results to /nfs/turbo/umms-esnitkin/Project_Penn_KPC/Analysis/Combination_resistance/pre-intro-blbli-resistance-ms/data/mobsuite_ONT/PCMP_H416/contig_report.txt [in /home/kgontjes/.conda/envs/mobsuite_v3_1_9/lib/python3.11/site-packages/mob_suite/mob_recon.py:1387]
2025-05-08 11:39:08,783 root INFO: Writting plasmid sequences to /nfs/turbo/umms-esnitkin/Project_Penn_KPC/Analysis/Combination_resistance/pre-intro-blbli-resistance-ms/data/mobsuite_ONT/PCMP_H416/plasmid_AA552.fasta [in /home/kgontjes/.conda/envs/mobsuite_v3_1_9/lib/python3.11/site-packages/mob_suite/utils.py:971]
2025-05-08 11:39:10,989 root INFO: Writting chromosome sequences to /nfs/turbo/umms-esnitkin/Project_Penn_KPC/Analysis/Combination_resistance/pre-intro-blbli-resistance-ms/data/mobsuite_ONT/PCMP_H416/chromosome.fasta [in /home/kgontjes/.conda/envs/mobsuite_v3_1_9/lib/python3.11/site-packages/mob_suite/mob_recon.py:1404]
/home/kgontjes/.conda/envs/mobsuite_v3_1_9/lib/python3.11/site-packages/mob_suite/utils.py:338: FutureWarning: the 'line_terminator'' keyword is deprecated, use 'lineterminator' instead.
  blast_df.to_csv(blast_results_file, sep='\t', header=True, line_terminator='\n', index=False)
2025-05-08 11:39:12,205 root INFO: Creating plasmid biomarkers report ... [in /home/kgontjes/.conda/envs/mobsuite_v3_1_9/lib/python3.11/site-packages/mob_suite/utils.py:1382]
2025-05-08 11:39:12,318 root INFO: Writting plasmid biomarkers report contaning 13 biomarkers [in /home/kgontjes/.conda/envs/mobsuite_v3_1_9/lib/python3.11/site-packages/mob_suite/mob_recon.py:1478]
2025-05-08 11:39:12,322 root INFO: Cleaning up temporary files /nfs/turbo/umms-esnitkin/Project_Penn_KPC/Analysis/Combination_resistance/pre-intro-blbli-resistance-ms/data/mobsuite_ONT/PCMP_H416/__tmp [in /home/kgontjes/.conda/envs/mobsuite_v3_1_9/lib/python3.11/site-packages/mob_suite/mob_recon.py:1484]
2025-05-08 11:39:12,345 mob_suite.mob_recon INFO: MOB-recon completed and results written to /nfs/turbo/umms-esnitkin/Project_Penn_KPC/Analysis/Combination_resistance/pre-intro-blbli-resistance-ms/data/mobsuite_ONT/PCMP_H416 [in /home/kgontjes/.conda/envs/mobsuite_v3_1_9/lib/python3.11/site-packages/mob_suite/mob_recon.py:1486]
Not 4_0f577201a2057c14136ceb37852d5506_circular=false_6213 to cluster AB595 assigned as already present in cluster AB595
Not 1_a33245a68b87fc7c11e92692af0d5d7e_circular=true_75266 to cluster AA552 assigned as already present in cluster AA552
Not 2_6e798814be435f471f8e624295c2efdf_circular=true_13842 to cluster AA552 assigned as already present in cluster AA552
Not 3_04c18f3f6abc3394b1bc68fc8f1e384f_circular=false_7861 to cluster AA552 assigned as already present in cluster AA941
2025-05-08 11:35:44,699 mob_suite.mob_recon INFO: MOB-recon version 3.1.9  [in /home/kgontjes/.conda/envs/mobsuite_v3_1_9/lib/python3.11/site-packages/mob_suite/mob_recon.py:984]
2025-05-08 11:35:44,699 mob_suite.mob_recon INFO: SUCCESS: Found program blastn at /home/kgontjes/.conda/envs/mobsuite_v3_1_9/bin/blastn [in /home/kgontjes/.conda/envs/mobsuite_v3_1_9/lib/python3.11/site-packages/mob_suite/utils.py:597]
2025-05-08 11:35:44,699 mob_suite.mob_recon INFO: SUCCESS: Found program makeblastdb at /home/kgontjes/.conda/envs/mobsuite_v3_1_9/bin/makeblastdb [in /home/kgontjes/.conda/envs/mobsuite_v3_1_9/lib/python3.11/site-packages/mob_suite/utils.py:597]
2025-05-08 11:35:44,699 mob_suite.mob_recon INFO: SUCCESS: Found program tblastn at /home/kgontjes/.conda/envs/mobsuite_v3_1_9/bin/tblastn [in /home/kgontjes/.conda/envs/mobsuite_v3_1_9/lib/python3.11/site-packages/mob_suite/utils.py:597]
2025-05-08 11:35:44,701 mob_suite.mob_recon INFO: Processing fasta file /nfs/turbo/umms-esnitkin/Project_Penn_KPC/Sequence_data/assembly/ONT/medaka/PCMP_H307/PCMP_H307_medaka.fasta [in /home/kgontjes/.conda/envs/mobsuite_v3_1_9/lib/python3.11/site-packages/mob_suite/mob_recon.py:1011]
2025-05-08 11:35:44,701 mob_suite.mob_recon INFO: Analysis directory /nfs/turbo/umms-esnitkin/Project_Penn_KPC/Analysis/Combination_resistance/pre-intro-blbli-resistance-ms/data/mobsuite_ONT/PCMP_H307 [in /home/kgontjes/.conda/envs/mobsuite_v3_1_9/lib/python3.11/site-packages/mob_suite/mob_recon.py:1012]
2025-05-08 11:35:46,781 mob_suite.mob_recon INFO: Writing cleaned header input fasta file from /nfs/turbo/umms-esnitkin/Project_Penn_KPC/Sequence_data/assembly/ONT/medaka/PCMP_H307/PCMP_H307_medaka.fasta to /nfs/turbo/umms-esnitkin/Project_Penn_KPC/Analysis/Combination_resistance/pre-intro-blbli-resistance-ms/data/mobsuite_ONT/PCMP_H307/__tmp/fixed.input.fasta [in /home/kgontjes/.conda/envs/mobsuite_v3_1_9/lib/python3.11/site-packages/mob_suite/mob_recon.py:1107]
2025-05-08 11:35:47,281 root INFO: Blasting replicon sequences /home/kgontjes/.conda/envs/mobsuite_v3_1_9/lib/python3.11/site-packages/mob_suite/databases/rep.dna.fas against /nfs/turbo/umms-esnitkin/Project_Penn_KPC/Analysis/Combination_resistance/pre-intro-blbli-resistance-ms/data/mobsuite_ONT/PCMP_H307/__tmp/fixed.input.fasta [in /home/kgontjes/.conda/envs/mobsuite_v3_1_9/lib/python3.11/site-packages/mob_suite/utils.py:1163]
/home/kgontjes/.conda/envs/mobsuite_v3_1_9/lib/python3.11/site-packages/mob_suite/utils.py:338: FutureWarning: the 'line_terminator'' keyword is deprecated, use 'lineterminator' instead.
  blast_df.to_csv(blast_results_file, sep='\t', header=True, line_terminator='\n', index=False)
2025-05-08 11:35:48,062 root INFO: Filtering replicon blast results /nfs/turbo/umms-esnitkin/Project_Penn_KPC/Analysis/Combination_resistance/pre-intro-blbli-resistance-ms/data/mobsuite_ONT/PCMP_H307/__tmp/replicon_blast_results.txt  [in /home/kgontjes/.conda/envs/mobsuite_v3_1_9/lib/python3.11/site-packages/mob_suite/utils.py:1168]
2025-05-08 11:35:48,107 root INFO: Blasting relaxase sequences /home/kgontjes/.conda/envs/mobsuite_v3_1_9/lib/python3.11/site-packages/mob_suite/databases/mob.proteins.faa against /nfs/turbo/umms-esnitkin/Project_Penn_KPC/Analysis/Combination_resistance/pre-intro-blbli-resistance-ms/data/mobsuite_ONT/PCMP_H307/__tmp/fixed.input.fasta [in /home/kgontjes/.conda/envs/mobsuite_v3_1_9/lib/python3.11/site-packages/mob_suite/utils.py:1186]
/home/kgontjes/.conda/envs/mobsuite_v3_1_9/lib/python3.11/site-packages/mob_suite/utils.py:365: FutureWarning: the 'line_terminator'' keyword is deprecated, use 'lineterminator' instead.
  blast_df.to_csv(blast_results_file, sep='\t', header=True, line_terminator='\n', index=False)
2025-05-08 11:37:19,480 root INFO: Filtering relaxase blast results /nfs/turbo/umms-esnitkin/Project_Penn_KPC/Analysis/Combination_resistance/pre-intro-blbli-resistance-ms/data/mobsuite_ONT/PCMP_H307/__tmp/mob_blast_results.txt  [in /home/kgontjes/.conda/envs/mobsuite_v3_1_9/lib/python3.11/site-packages/mob_suite/utils.py:1191]
2025-05-08 11:37:19,496 root INFO: Blasting MPF sequences /home/kgontjes/.conda/envs/mobsuite_v3_1_9/lib/python3.11/site-packages/mob_suite/databases/mpf.proteins.faa against /nfs/turbo/umms-esnitkin/Project_Penn_KPC/Analysis/Combination_resistance/pre-intro-blbli-resistance-ms/data/mobsuite_ONT/PCMP_H307/__tmp/fixed.input.fasta [in /home/kgontjes/.conda/envs/mobsuite_v3_1_9/lib/python3.11/site-packages/mob_suite/utils.py:1210]
/home/kgontjes/.conda/envs/mobsuite_v3_1_9/lib/python3.11/site-packages/mob_suite/utils.py:365: FutureWarning: the 'line_terminator'' keyword is deprecated, use 'lineterminator' instead.
  blast_df.to_csv(blast_results_file, sep='\t', header=True, line_terminator='\n', index=False)
2025-05-08 11:38:20,478 root INFO: Filtering MPF blast results /nfs/turbo/umms-esnitkin/Project_Penn_KPC/Analysis/Combination_resistance/pre-intro-blbli-resistance-ms/data/mobsuite_ONT/PCMP_H307/__tmp/mpf_blast_results.txt  [in /home/kgontjes/.conda/envs/mobsuite_v3_1_9/lib/python3.11/site-packages/mob_suite/utils.py:1225]
2025-05-08 11:38:20,479 root INFO: Blasting orit sequences /home/kgontjes/.conda/envs/mobsuite_v3_1_9/lib/python3.11/site-packages/mob_suite/databases/orit.fas against /nfs/turbo/umms-esnitkin/Project_Penn_KPC/Analysis/Combination_resistance/pre-intro-blbli-resistance-ms/data/mobsuite_ONT/PCMP_H307/__tmp/fixed.input.fasta [in /home/kgontjes/.conda/envs/mobsuite_v3_1_9/lib/python3.11/site-packages/mob_suite/utils.py:1234]
/home/kgontjes/.conda/envs/mobsuite_v3_1_9/lib/python3.11/site-packages/mob_suite/utils.py:338: FutureWarning: the 'line_terminator'' keyword is deprecated, use 'lineterminator' instead.
  blast_df.to_csv(blast_results_file, sep='\t', header=True, line_terminator='\n', index=False)
2025-05-08 11:38:20,692 root INFO: Filtering orit blast results /nfs/turbo/umms-esnitkin/Project_Penn_KPC/Analysis/Combination_resistance/pre-intro-blbli-resistance-ms/data/mobsuite_ONT/PCMP_H307/__tmp/orit_blast_results.txt  [in /home/kgontjes/.conda/envs/mobsuite_v3_1_9/lib/python3.11/site-packages/mob_suite/utils.py:1239]
2025-05-08 11:38:20,724 root INFO: Blasting contigs against repetitive sequences db: /home/kgontjes/.conda/envs/mobsuite_v3_1_9/lib/python3.11/site-packages/mob_suite/databases/repetitive.dna.fas [in /home/kgontjes/.conda/envs/mobsuite_v3_1_9/lib/python3.11/site-packages/mob_suite/utils.py:1256]
/home/kgontjes/.conda/envs/mobsuite_v3_1_9/lib/python3.11/site-packages/mob_suite/utils.py:338: FutureWarning: the 'line_terminator'' keyword is deprecated, use 'lineterminator' instead.
  blast_df.to_csv(blast_results_file, sep='\t', header=True, line_terminator='\n', index=False)
2025-05-08 11:38:21,695 root INFO: Filtering repetitive blast results /nfs/turbo/umms-esnitkin/Project_Penn_KPC/Analysis/Combination_resistance/pre-intro-blbli-resistance-ms/data/mobsuite_ONT/PCMP_H307/__tmp/repetitive_blast_results.txt  [in /home/kgontjes/.conda/envs/mobsuite_v3_1_9/lib/python3.11/site-packages/mob_suite/utils.py:1260]
2025-05-08 11:38:21,700 root INFO: Blasting contigs against reference sequence db: /home/kgontjes/.conda/envs/mobsuite_v3_1_9/lib/python3.11/site-packages/mob_suite/databases/ncbi_plasmid_full_seqs.fas [in /home/kgontjes/.conda/envs/mobsuite_v3_1_9/lib/python3.11/site-packages/mob_suite/mob_recon.py:1264]
/home/kgontjes/.conda/envs/mobsuite_v3_1_9/lib/python3.11/site-packages/mob_suite/utils.py:338: FutureWarning: the 'line_terminator'' keyword is deprecated, use 'lineterminator' instead.
  blast_df.to_csv(blast_results_file, sep='\t', header=True, line_terminator='\n', index=False)
2025-05-08 11:39:07,656 root INFO: Filtering contig blast results: /nfs/turbo/umms-esnitkin/Project_Penn_KPC/Analysis/Combination_resistance/pre-intro-blbli-resistance-ms/data/mobsuite_ONT/PCMP_H307/__tmp/contig_blast_results.txt [in /home/kgontjes/.conda/envs/mobsuite_v3_1_9/lib/python3.11/site-packages/mob_suite/mob_recon.py:1269]
2025-05-08 11:39:07,838 root INFO: Assigning contigs to plasmid groups [in /home/kgontjes/.conda/envs/mobsuite_v3_1_9/lib/python3.11/site-packages/mob_suite/mob_recon.py:1284]
2025-05-08 11:39:12,751 root INFO: Writting contig results to /nfs/turbo/umms-esnitkin/Project_Penn_KPC/Analysis/Combination_resistance/pre-intro-blbli-resistance-ms/data/mobsuite_ONT/PCMP_H307/contig_report.txt [in /home/kgontjes/.conda/envs/mobsuite_v3_1_9/lib/python3.11/site-packages/mob_suite/mob_recon.py:1387]
2025-05-08 11:39:14,347 root INFO: Writting plasmid sequences to /nfs/turbo/umms-esnitkin/Project_Penn_KPC/Analysis/Combination_resistance/pre-intro-blbli-resistance-ms/data/mobsuite_ONT/PCMP_H307/plasmid_AA552.fasta [in /home/kgontjes/.conda/envs/mobsuite_v3_1_9/lib/python3.11/site-packages/mob_suite/utils.py:971]
2025-05-08 11:39:17,122 root INFO: Writting plasmid sequences to /nfs/turbo/umms-esnitkin/Project_Penn_KPC/Analysis/Combination_resistance/pre-intro-blbli-resistance-ms/data/mobsuite_ONT/PCMP_H307/plasmid_AA941.fasta [in /home/kgontjes/.conda/envs/mobsuite_v3_1_9/lib/python3.11/site-packages/mob_suite/utils.py:971]
2025-05-08 11:39:18,244 root INFO: Writting plasmid sequences to /nfs/turbo/umms-esnitkin/Project_Penn_KPC/Analysis/Combination_resistance/pre-intro-blbli-resistance-ms/data/mobsuite_ONT/PCMP_H307/plasmid_AB595.fasta [in /home/kgontjes/.conda/envs/mobsuite_v3_1_9/lib/python3.11/site-packages/mob_suite/utils.py:971]
2025-05-08 11:39:20,527 root INFO: Writting chromosome sequences to /nfs/turbo/umms-esnitkin/Project_Penn_KPC/Analysis/Combination_resistance/pre-intro-blbli-resistance-ms/data/mobsuite_ONT/PCMP_H307/chromosome.fasta [in /home/kgontjes/.conda/envs/mobsuite_v3_1_9/lib/python3.11/site-packages/mob_suite/mob_recon.py:1404]
/home/kgontjes/.conda/envs/mobsuite_v3_1_9/lib/python3.11/site-packages/mob_suite/utils.py:338: FutureWarning: the 'line_terminator'' keyword is deprecated, use 'lineterminator' instead.
  blast_df.to_csv(blast_results_file, sep='\t', header=True, line_terminator='\n', index=False)
2025-05-08 11:39:21,601 root INFO: Creating plasmid biomarkers report ... [in /home/kgontjes/.conda/envs/mobsuite_v3_1_9/lib/python3.11/site-packages/mob_suite/utils.py:1382]
2025-05-08 11:39:21,715 root INFO: Writting plasmid biomarkers report contaning 20 biomarkers [in /home/kgontjes/.conda/envs/mobsuite_v3_1_9/lib/python3.11/site-packages/mob_suite/mob_recon.py:1478]
2025-05-08 11:39:21,718 root INFO: Cleaning up temporary files /nfs/turbo/umms-esnitkin/Project_Penn_KPC/Analysis/Combination_resistance/pre-intro-blbli-resistance-ms/data/mobsuite_ONT/PCMP_H307/__tmp [in /home/kgontjes/.conda/envs/mobsuite_v3_1_9/lib/python3.11/site-packages/mob_suite/mob_recon.py:1484]
2025-05-08 11:39:21,738 mob_suite.mob_recon INFO: MOB-recon completed and results written to /nfs/turbo/umms-esnitkin/Project_Penn_KPC/Analysis/Combination_resistance/pre-intro-blbli-resistance-ms/data/mobsuite_ONT/PCMP_H307 [in /home/kgontjes/.conda/envs/mobsuite_v3_1_9/lib/python3.11/site-packages/mob_suite/mob_recon.py:1486]
Not 4_6dd241c66a1067bc8358d234e7eff6ec_circular=false_14343 to cluster AA032 assigned as already present in cluster AA274
Not 8_fed4bcbadf543bb15724c134aa5bc8e8_circular=false_5602 to cluster AA032 assigned as already present in cluster AA541
Not 1_11eb0d6f8a2bab143bc4f3345aa9117d_circular=true_337605 to cluster AA275 assigned as already present in cluster AA274
Not 4_6dd241c66a1067bc8358d234e7eff6ec_circular=false_14343 to cluster AA275 assigned as already present in cluster AA274
2025-05-08 11:35:48,138 mob_suite.mob_recon INFO: MOB-recon version 3.1.9  [in /home/kgontjes/.conda/envs/mobsuite_v3_1_9/lib/python3.11/site-packages/mob_suite/mob_recon.py:984]
2025-05-08 11:35:48,139 mob_suite.mob_recon INFO: SUCCESS: Found program blastn at /home/kgontjes/.conda/envs/mobsuite_v3_1_9/bin/blastn [in /home/kgontjes/.conda/envs/mobsuite_v3_1_9/lib/python3.11/site-packages/mob_suite/utils.py:597]
2025-05-08 11:35:48,139 mob_suite.mob_recon INFO: SUCCESS: Found program makeblastdb at /home/kgontjes/.conda/envs/mobsuite_v3_1_9/bin/makeblastdb [in /home/kgontjes/.conda/envs/mobsuite_v3_1_9/lib/python3.11/site-packages/mob_suite/utils.py:597]
2025-05-08 11:35:48,139 mob_suite.mob_recon INFO: SUCCESS: Found program tblastn at /home/kgontjes/.conda/envs/mobsuite_v3_1_9/bin/tblastn [in /home/kgontjes/.conda/envs/mobsuite_v3_1_9/lib/python3.11/site-packages/mob_suite/utils.py:597]
2025-05-08 11:35:48,140 mob_suite.mob_recon INFO: Processing fasta file /nfs/turbo/umms-esnitkin/Project_Penn_KPC/Sequence_data/assembly/ONT/medaka/PCMP_H339/PCMP_H339_medaka.fasta [in /home/kgontjes/.conda/envs/mobsuite_v3_1_9/lib/python3.11/site-packages/mob_suite/mob_recon.py:1011]
2025-05-08 11:35:48,140 mob_suite.mob_recon INFO: Analysis directory /nfs/turbo/umms-esnitkin/Project_Penn_KPC/Analysis/Combination_resistance/pre-intro-blbli-resistance-ms/data/mobsuite_ONT/PCMP_H339 [in /home/kgontjes/.conda/envs/mobsuite_v3_1_9/lib/python3.11/site-packages/mob_suite/mob_recon.py:1012]
2025-05-08 11:35:50,299 mob_suite.mob_recon INFO: Writing cleaned header input fasta file from /nfs/turbo/umms-esnitkin/Project_Penn_KPC/Sequence_data/assembly/ONT/medaka/PCMP_H339/PCMP_H339_medaka.fasta to /nfs/turbo/umms-esnitkin/Project_Penn_KPC/Analysis/Combination_resistance/pre-intro-blbli-resistance-ms/data/mobsuite_ONT/PCMP_H339/__tmp/fixed.input.fasta [in /home/kgontjes/.conda/envs/mobsuite_v3_1_9/lib/python3.11/site-packages/mob_suite/mob_recon.py:1107]
2025-05-08 11:35:50,968 root INFO: Blasting replicon sequences /home/kgontjes/.conda/envs/mobsuite_v3_1_9/lib/python3.11/site-packages/mob_suite/databases/rep.dna.fas against /nfs/turbo/umms-esnitkin/Project_Penn_KPC/Analysis/Combination_resistance/pre-intro-blbli-resistance-ms/data/mobsuite_ONT/PCMP_H339/__tmp/fixed.input.fasta [in /home/kgontjes/.conda/envs/mobsuite_v3_1_9/lib/python3.11/site-packages/mob_suite/utils.py:1163]
/home/kgontjes/.conda/envs/mobsuite_v3_1_9/lib/python3.11/site-packages/mob_suite/utils.py:338: FutureWarning: the 'line_terminator'' keyword is deprecated, use 'lineterminator' instead.
  blast_df.to_csv(blast_results_file, sep='\t', header=True, line_terminator='\n', index=False)
2025-05-08 11:35:51,693 root INFO: Filtering replicon blast results /nfs/turbo/umms-esnitkin/Project_Penn_KPC/Analysis/Combination_resistance/pre-intro-blbli-resistance-ms/data/mobsuite_ONT/PCMP_H339/__tmp/replicon_blast_results.txt  [in /home/kgontjes/.conda/envs/mobsuite_v3_1_9/lib/python3.11/site-packages/mob_suite/utils.py:1168]
2025-05-08 11:35:51,769 root INFO: Blasting relaxase sequences /home/kgontjes/.conda/envs/mobsuite_v3_1_9/lib/python3.11/site-packages/mob_suite/databases/mob.proteins.faa against /nfs/turbo/umms-esnitkin/Project_Penn_KPC/Analysis/Combination_resistance/pre-intro-blbli-resistance-ms/data/mobsuite_ONT/PCMP_H339/__tmp/fixed.input.fasta [in /home/kgontjes/.conda/envs/mobsuite_v3_1_9/lib/python3.11/site-packages/mob_suite/utils.py:1186]
/home/kgontjes/.conda/envs/mobsuite_v3_1_9/lib/python3.11/site-packages/mob_suite/utils.py:365: FutureWarning: the 'line_terminator'' keyword is deprecated, use 'lineterminator' instead.
  blast_df.to_csv(blast_results_file, sep='\t', header=True, line_terminator='\n', index=False)
2025-05-08 11:37:32,803 root INFO: Filtering relaxase blast results /nfs/turbo/umms-esnitkin/Project_Penn_KPC/Analysis/Combination_resistance/pre-intro-blbli-resistance-ms/data/mobsuite_ONT/PCMP_H339/__tmp/mob_blast_results.txt  [in /home/kgontjes/.conda/envs/mobsuite_v3_1_9/lib/python3.11/site-packages/mob_suite/utils.py:1191]
2025-05-08 11:37:32,849 root INFO: Blasting MPF sequences /home/kgontjes/.conda/envs/mobsuite_v3_1_9/lib/python3.11/site-packages/mob_suite/databases/mpf.proteins.faa against /nfs/turbo/umms-esnitkin/Project_Penn_KPC/Analysis/Combination_resistance/pre-intro-blbli-resistance-ms/data/mobsuite_ONT/PCMP_H339/__tmp/fixed.input.fasta [in /home/kgontjes/.conda/envs/mobsuite_v3_1_9/lib/python3.11/site-packages/mob_suite/utils.py:1210]
/home/kgontjes/.conda/envs/mobsuite_v3_1_9/lib/python3.11/site-packages/mob_suite/utils.py:365: FutureWarning: the 'line_terminator'' keyword is deprecated, use 'lineterminator' instead.
  blast_df.to_csv(blast_results_file, sep='\t', header=True, line_terminator='\n', index=False)
2025-05-08 11:38:36,566 root INFO: Filtering MPF blast results /nfs/turbo/umms-esnitkin/Project_Penn_KPC/Analysis/Combination_resistance/pre-intro-blbli-resistance-ms/data/mobsuite_ONT/PCMP_H339/__tmp/mpf_blast_results.txt  [in /home/kgontjes/.conda/envs/mobsuite_v3_1_9/lib/python3.11/site-packages/mob_suite/utils.py:1225]
2025-05-08 11:38:36,567 root INFO: Blasting orit sequences /home/kgontjes/.conda/envs/mobsuite_v3_1_9/lib/python3.11/site-packages/mob_suite/databases/orit.fas against /nfs/turbo/umms-esnitkin/Project_Penn_KPC/Analysis/Combination_resistance/pre-intro-blbli-resistance-ms/data/mobsuite_ONT/PCMP_H339/__tmp/fixed.input.fasta [in /home/kgontjes/.conda/envs/mobsuite_v3_1_9/lib/python3.11/site-packages/mob_suite/utils.py:1234]
/home/kgontjes/.conda/envs/mobsuite_v3_1_9/lib/python3.11/site-packages/mob_suite/utils.py:338: FutureWarning: the 'line_terminator'' keyword is deprecated, use 'lineterminator' instead.
  blast_df.to_csv(blast_results_file, sep='\t', header=True, line_terminator='\n', index=False)
2025-05-08 11:38:36,773 root INFO: Filtering orit blast results /nfs/turbo/umms-esnitkin/Project_Penn_KPC/Analysis/Combination_resistance/pre-intro-blbli-resistance-ms/data/mobsuite_ONT/PCMP_H339/__tmp/orit_blast_results.txt  [in /home/kgontjes/.conda/envs/mobsuite_v3_1_9/lib/python3.11/site-packages/mob_suite/utils.py:1239]
2025-05-08 11:38:36,804 root INFO: Blasting contigs against repetitive sequences db: /home/kgontjes/.conda/envs/mobsuite_v3_1_9/lib/python3.11/site-packages/mob_suite/databases/repetitive.dna.fas [in /home/kgontjes/.conda/envs/mobsuite_v3_1_9/lib/python3.11/site-packages/mob_suite/utils.py:1256]
/home/kgontjes/.conda/envs/mobsuite_v3_1_9/lib/python3.11/site-packages/mob_suite/utils.py:338: FutureWarning: the 'line_terminator'' keyword is deprecated, use 'lineterminator' instead.
  blast_df.to_csv(blast_results_file, sep='\t', header=True, line_terminator='\n', index=False)
2025-05-08 11:38:37,916 root INFO: Filtering repetitive blast results /nfs/turbo/umms-esnitkin/Project_Penn_KPC/Analysis/Combination_resistance/pre-intro-blbli-resistance-ms/data/mobsuite_ONT/PCMP_H339/__tmp/repetitive_blast_results.txt  [in /home/kgontjes/.conda/envs/mobsuite_v3_1_9/lib/python3.11/site-packages/mob_suite/utils.py:1260]
2025-05-08 11:38:37,922 root INFO: Blasting contigs against reference sequence db: /home/kgontjes/.conda/envs/mobsuite_v3_1_9/lib/python3.11/site-packages/mob_suite/databases/ncbi_plasmid_full_seqs.fas [in /home/kgontjes/.conda/envs/mobsuite_v3_1_9/lib/python3.11/site-packages/mob_suite/mob_recon.py:1264]
/home/kgontjes/.conda/envs/mobsuite_v3_1_9/lib/python3.11/site-packages/mob_suite/utils.py:338: FutureWarning: the 'line_terminator'' keyword is deprecated, use 'lineterminator' instead.
  blast_df.to_csv(blast_results_file, sep='\t', header=True, line_terminator='\n', index=False)
2025-05-08 11:40:06,606 root INFO: Filtering contig blast results: /nfs/turbo/umms-esnitkin/Project_Penn_KPC/Analysis/Combination_resistance/pre-intro-blbli-resistance-ms/data/mobsuite_ONT/PCMP_H339/__tmp/contig_blast_results.txt [in /home/kgontjes/.conda/envs/mobsuite_v3_1_9/lib/python3.11/site-packages/mob_suite/mob_recon.py:1269]
2025-05-08 11:40:07,077 root INFO: Assigning contigs to plasmid groups [in /home/kgontjes/.conda/envs/mobsuite_v3_1_9/lib/python3.11/site-packages/mob_suite/mob_recon.py:1284]
2025-05-08 11:40:16,646 root INFO: Writting contig results to /nfs/turbo/umms-esnitkin/Project_Penn_KPC/Analysis/Combination_resistance/pre-intro-blbli-resistance-ms/data/mobsuite_ONT/PCMP_H339/contig_report.txt [in /home/kgontjes/.conda/envs/mobsuite_v3_1_9/lib/python3.11/site-packages/mob_suite/mob_recon.py:1387]
2025-05-08 11:40:18,230 root INFO: Writting plasmid sequences to /nfs/turbo/umms-esnitkin/Project_Penn_KPC/Analysis/Combination_resistance/pre-intro-blbli-resistance-ms/data/mobsuite_ONT/PCMP_H339/plasmid_AA274.fasta [in /home/kgontjes/.conda/envs/mobsuite_v3_1_9/lib/python3.11/site-packages/mob_suite/utils.py:971]
2025-05-08 11:40:19,146 root INFO: Writting plasmid sequences to /nfs/turbo/umms-esnitkin/Project_Penn_KPC/Analysis/Combination_resistance/pre-intro-blbli-resistance-ms/data/mobsuite_ONT/PCMP_H339/plasmid_AA941.fasta [in /home/kgontjes/.conda/envs/mobsuite_v3_1_9/lib/python3.11/site-packages/mob_suite/utils.py:971]
2025-05-08 11:40:20,287 root INFO: Writting plasmid sequences to /nfs/turbo/umms-esnitkin/Project_Penn_KPC/Analysis/Combination_resistance/pre-intro-blbli-resistance-ms/data/mobsuite_ONT/PCMP_H339/plasmid_AC741.fasta [in /home/kgontjes/.conda/envs/mobsuite_v3_1_9/lib/python3.11/site-packages/mob_suite/utils.py:971]
2025-05-08 11:40:20,570 root INFO: Writting plasmid sequences to /nfs/turbo/umms-esnitkin/Project_Penn_KPC/Analysis/Combination_resistance/pre-intro-blbli-resistance-ms/data/mobsuite_ONT/PCMP_H339/plasmid_AA541.fasta [in /home/kgontjes/.conda/envs/mobsuite_v3_1_9/lib/python3.11/site-packages/mob_suite/utils.py:971]
2025-05-08 11:40:22,924 root INFO: Writting chromosome sequences to /nfs/turbo/umms-esnitkin/Project_Penn_KPC/Analysis/Combination_resistance/pre-intro-blbli-resistance-ms/data/mobsuite_ONT/PCMP_H339/chromosome.fasta [in /home/kgontjes/.conda/envs/mobsuite_v3_1_9/lib/python3.11/site-packages/mob_suite/mob_recon.py:1404]
/home/kgontjes/.conda/envs/mobsuite_v3_1_9/lib/python3.11/site-packages/mob_suite/utils.py:338: FutureWarning: the 'line_terminator'' keyword is deprecated, use 'lineterminator' instead.
  blast_df.to_csv(blast_results_file, sep='\t', header=True, line_terminator='\n', index=False)
2025-05-08 11:40:24,076 root INFO: Creating plasmid biomarkers report ... [in /home/kgontjes/.conda/envs/mobsuite_v3_1_9/lib/python3.11/site-packages/mob_suite/utils.py:1382]
2025-05-08 11:40:24,326 root INFO: Writting plasmid biomarkers report contaning 45 biomarkers [in /home/kgontjes/.conda/envs/mobsuite_v3_1_9/lib/python3.11/site-packages/mob_suite/mob_recon.py:1478]
2025-05-08 11:40:24,330 root INFO: Cleaning up temporary files /nfs/turbo/umms-esnitkin/Project_Penn_KPC/Analysis/Combination_resistance/pre-intro-blbli-resistance-ms/data/mobsuite_ONT/PCMP_H339/__tmp [in /home/kgontjes/.conda/envs/mobsuite_v3_1_9/lib/python3.11/site-packages/mob_suite/mob_recon.py:1484]
2025-05-08 11:40:24,352 mob_suite.mob_recon INFO: MOB-recon completed and results written to /nfs/turbo/umms-esnitkin/Project_Penn_KPC/Analysis/Combination_resistance/pre-intro-blbli-resistance-ms/data/mobsuite_ONT/PCMP_H339 [in /home/kgontjes/.conda/envs/mobsuite_v3_1_9/lib/python3.11/site-packages/mob_suite/mob_recon.py:1486]
Not 1_a91ac4710b472815f63b006619a7edfb_circular=true_215296 to cluster AA275 assigned as already present in cluster AA274
2025-05-08 11:36:08,821 mob_suite.mob_recon INFO: MOB-recon version 3.1.9  [in /home/kgontjes/.conda/envs/mobsuite_v3_1_9/lib/python3.11/site-packages/mob_suite/mob_recon.py:984]
2025-05-08 11:36:08,822 mob_suite.mob_recon INFO: SUCCESS: Found program blastn at /home/kgontjes/.conda/envs/mobsuite_v3_1_9/bin/blastn [in /home/kgontjes/.conda/envs/mobsuite_v3_1_9/lib/python3.11/site-packages/mob_suite/utils.py:597]
2025-05-08 11:36:08,822 mob_suite.mob_recon INFO: SUCCESS: Found program makeblastdb at /home/kgontjes/.conda/envs/mobsuite_v3_1_9/bin/makeblastdb [in /home/kgontjes/.conda/envs/mobsuite_v3_1_9/lib/python3.11/site-packages/mob_suite/utils.py:597]
2025-05-08 11:36:08,822 mob_suite.mob_recon INFO: SUCCESS: Found program tblastn at /home/kgontjes/.conda/envs/mobsuite_v3_1_9/bin/tblastn [in /home/kgontjes/.conda/envs/mobsuite_v3_1_9/lib/python3.11/site-packages/mob_suite/utils.py:597]
2025-05-08 11:36:08,823 mob_suite.mob_recon INFO: Processing fasta file /nfs/turbo/umms-esnitkin/Project_Penn_KPC/Sequence_data/assembly/ONT/medaka/PCMP_H434/PCMP_H434_medaka.fasta [in /home/kgontjes/.conda/envs/mobsuite_v3_1_9/lib/python3.11/site-packages/mob_suite/mob_recon.py:1011]
2025-05-08 11:36:08,823 mob_suite.mob_recon INFO: Analysis directory /nfs/turbo/umms-esnitkin/Project_Penn_KPC/Analysis/Combination_resistance/pre-intro-blbli-resistance-ms/data/mobsuite_ONT/PCMP_H434 [in /home/kgontjes/.conda/envs/mobsuite_v3_1_9/lib/python3.11/site-packages/mob_suite/mob_recon.py:1012]
2025-05-08 11:36:11,023 mob_suite.mob_recon INFO: Writing cleaned header input fasta file from /nfs/turbo/umms-esnitkin/Project_Penn_KPC/Sequence_data/assembly/ONT/medaka/PCMP_H434/PCMP_H434_medaka.fasta to /nfs/turbo/umms-esnitkin/Project_Penn_KPC/Analysis/Combination_resistance/pre-intro-blbli-resistance-ms/data/mobsuite_ONT/PCMP_H434/__tmp/fixed.input.fasta [in /home/kgontjes/.conda/envs/mobsuite_v3_1_9/lib/python3.11/site-packages/mob_suite/mob_recon.py:1107]
2025-05-08 11:36:11,587 root INFO: Blasting replicon sequences /home/kgontjes/.conda/envs/mobsuite_v3_1_9/lib/python3.11/site-packages/mob_suite/databases/rep.dna.fas against /nfs/turbo/umms-esnitkin/Project_Penn_KPC/Analysis/Combination_resistance/pre-intro-blbli-resistance-ms/data/mobsuite_ONT/PCMP_H434/__tmp/fixed.input.fasta [in /home/kgontjes/.conda/envs/mobsuite_v3_1_9/lib/python3.11/site-packages/mob_suite/utils.py:1163]
/home/kgontjes/.conda/envs/mobsuite_v3_1_9/lib/python3.11/site-packages/mob_suite/utils.py:338: FutureWarning: the 'line_terminator'' keyword is deprecated, use 'lineterminator' instead.
  blast_df.to_csv(blast_results_file, sep='\t', header=True, line_terminator='\n', index=False)
2025-05-08 11:36:12,380 root INFO: Filtering replicon blast results /nfs/turbo/umms-esnitkin/Project_Penn_KPC/Analysis/Combination_resistance/pre-intro-blbli-resistance-ms/data/mobsuite_ONT/PCMP_H434/__tmp/replicon_blast_results.txt  [in /home/kgontjes/.conda/envs/mobsuite_v3_1_9/lib/python3.11/site-packages/mob_suite/utils.py:1168]
2025-05-08 11:36:12,618 root INFO: Blasting relaxase sequences /home/kgontjes/.conda/envs/mobsuite_v3_1_9/lib/python3.11/site-packages/mob_suite/databases/mob.proteins.faa against /nfs/turbo/umms-esnitkin/Project_Penn_KPC/Analysis/Combination_resistance/pre-intro-blbli-resistance-ms/data/mobsuite_ONT/PCMP_H434/__tmp/fixed.input.fasta [in /home/kgontjes/.conda/envs/mobsuite_v3_1_9/lib/python3.11/site-packages/mob_suite/utils.py:1186]
/home/kgontjes/.conda/envs/mobsuite_v3_1_9/lib/python3.11/site-packages/mob_suite/utils.py:365: FutureWarning: the 'line_terminator'' keyword is deprecated, use 'lineterminator' instead.
  blast_df.to_csv(blast_results_file, sep='\t', header=True, line_terminator='\n', index=False)
2025-05-08 11:37:49,099 root INFO: Filtering relaxase blast results /nfs/turbo/umms-esnitkin/Project_Penn_KPC/Analysis/Combination_resistance/pre-intro-blbli-resistance-ms/data/mobsuite_ONT/PCMP_H434/__tmp/mob_blast_results.txt  [in /home/kgontjes/.conda/envs/mobsuite_v3_1_9/lib/python3.11/site-packages/mob_suite/utils.py:1191]
2025-05-08 11:37:49,155 root INFO: Blasting MPF sequences /home/kgontjes/.conda/envs/mobsuite_v3_1_9/lib/python3.11/site-packages/mob_suite/databases/mpf.proteins.faa against /nfs/turbo/umms-esnitkin/Project_Penn_KPC/Analysis/Combination_resistance/pre-intro-blbli-resistance-ms/data/mobsuite_ONT/PCMP_H434/__tmp/fixed.input.fasta [in /home/kgontjes/.conda/envs/mobsuite_v3_1_9/lib/python3.11/site-packages/mob_suite/utils.py:1210]
/home/kgontjes/.conda/envs/mobsuite_v3_1_9/lib/python3.11/site-packages/mob_suite/utils.py:365: FutureWarning: the 'line_terminator'' keyword is deprecated, use 'lineterminator' instead.
  blast_df.to_csv(blast_results_file, sep='\t', header=True, line_terminator='\n', index=False)
2025-05-08 11:38:58,837 root INFO: Filtering MPF blast results /nfs/turbo/umms-esnitkin/Project_Penn_KPC/Analysis/Combination_resistance/pre-intro-blbli-resistance-ms/data/mobsuite_ONT/PCMP_H434/__tmp/mpf_blast_results.txt  [in /home/kgontjes/.conda/envs/mobsuite_v3_1_9/lib/python3.11/site-packages/mob_suite/utils.py:1225]
2025-05-08 11:38:58,838 root INFO: Blasting orit sequences /home/kgontjes/.conda/envs/mobsuite_v3_1_9/lib/python3.11/site-packages/mob_suite/databases/orit.fas against /nfs/turbo/umms-esnitkin/Project_Penn_KPC/Analysis/Combination_resistance/pre-intro-blbli-resistance-ms/data/mobsuite_ONT/PCMP_H434/__tmp/fixed.input.fasta [in /home/kgontjes/.conda/envs/mobsuite_v3_1_9/lib/python3.11/site-packages/mob_suite/utils.py:1234]
/home/kgontjes/.conda/envs/mobsuite_v3_1_9/lib/python3.11/site-packages/mob_suite/utils.py:338: FutureWarning: the 'line_terminator'' keyword is deprecated, use 'lineterminator' instead.
  blast_df.to_csv(blast_results_file, sep='\t', header=True, line_terminator='\n', index=False)
2025-05-08 11:38:59,105 root INFO: Filtering orit blast results /nfs/turbo/umms-esnitkin/Project_Penn_KPC/Analysis/Combination_resistance/pre-intro-blbli-resistance-ms/data/mobsuite_ONT/PCMP_H434/__tmp/orit_blast_results.txt  [in /home/kgontjes/.conda/envs/mobsuite_v3_1_9/lib/python3.11/site-packages/mob_suite/utils.py:1239]
2025-05-08 11:38:59,137 root INFO: Blasting contigs against repetitive sequences db: /home/kgontjes/.conda/envs/mobsuite_v3_1_9/lib/python3.11/site-packages/mob_suite/databases/repetitive.dna.fas [in /home/kgontjes/.conda/envs/mobsuite_v3_1_9/lib/python3.11/site-packages/mob_suite/utils.py:1256]
/home/kgontjes/.conda/envs/mobsuite_v3_1_9/lib/python3.11/site-packages/mob_suite/utils.py:338: FutureWarning: the 'line_terminator'' keyword is deprecated, use 'lineterminator' instead.
  blast_df.to_csv(blast_results_file, sep='\t', header=True, line_terminator='\n', index=False)
2025-05-08 11:39:00,391 root INFO: Filtering repetitive blast results /nfs/turbo/umms-esnitkin/Project_Penn_KPC/Analysis/Combination_resistance/pre-intro-blbli-resistance-ms/data/mobsuite_ONT/PCMP_H434/__tmp/repetitive_blast_results.txt  [in /home/kgontjes/.conda/envs/mobsuite_v3_1_9/lib/python3.11/site-packages/mob_suite/utils.py:1260]
2025-05-08 11:39:00,396 root INFO: Blasting contigs against reference sequence db: /home/kgontjes/.conda/envs/mobsuite_v3_1_9/lib/python3.11/site-packages/mob_suite/databases/ncbi_plasmid_full_seqs.fas [in /home/kgontjes/.conda/envs/mobsuite_v3_1_9/lib/python3.11/site-packages/mob_suite/mob_recon.py:1264]
/home/kgontjes/.conda/envs/mobsuite_v3_1_9/lib/python3.11/site-packages/mob_suite/utils.py:338: FutureWarning: the 'line_terminator'' keyword is deprecated, use 'lineterminator' instead.
  blast_df.to_csv(blast_results_file, sep='\t', header=True, line_terminator='\n', index=False)
2025-05-08 11:40:24,317 root INFO: Filtering contig blast results: /nfs/turbo/umms-esnitkin/Project_Penn_KPC/Analysis/Combination_resistance/pre-intro-blbli-resistance-ms/data/mobsuite_ONT/PCMP_H434/__tmp/contig_blast_results.txt [in /home/kgontjes/.conda/envs/mobsuite_v3_1_9/lib/python3.11/site-packages/mob_suite/mob_recon.py:1269]
2025-05-08 11:40:25,109 root INFO: Assigning contigs to plasmid groups [in /home/kgontjes/.conda/envs/mobsuite_v3_1_9/lib/python3.11/site-packages/mob_suite/mob_recon.py:1284]
2025-05-08 11:40:35,032 root INFO: Writting contig results to /nfs/turbo/umms-esnitkin/Project_Penn_KPC/Analysis/Combination_resistance/pre-intro-blbli-resistance-ms/data/mobsuite_ONT/PCMP_H434/contig_report.txt [in /home/kgontjes/.conda/envs/mobsuite_v3_1_9/lib/python3.11/site-packages/mob_suite/mob_recon.py:1387]
2025-05-08 11:40:36,686 root INFO: Writting plasmid sequences to /nfs/turbo/umms-esnitkin/Project_Penn_KPC/Analysis/Combination_resistance/pre-intro-blbli-resistance-ms/data/mobsuite_ONT/PCMP_H434/plasmid_AA274.fasta [in /home/kgontjes/.conda/envs/mobsuite_v3_1_9/lib/python3.11/site-packages/mob_suite/utils.py:971]
2025-05-08 11:40:37,443 root INFO: Writting plasmid sequences to /nfs/turbo/umms-esnitkin/Project_Penn_KPC/Analysis/Combination_resistance/pre-intro-blbli-resistance-ms/data/mobsuite_ONT/PCMP_H434/plasmid_AA552.fasta [in /home/kgontjes/.conda/envs/mobsuite_v3_1_9/lib/python3.11/site-packages/mob_suite/utils.py:971]
2025-05-08 11:40:39,766 root INFO: Writting plasmid sequences to /nfs/turbo/umms-esnitkin/Project_Penn_KPC/Analysis/Combination_resistance/pre-intro-blbli-resistance-ms/data/mobsuite_ONT/PCMP_H434/plasmid_AA324.fasta [in /home/kgontjes/.conda/envs/mobsuite_v3_1_9/lib/python3.11/site-packages/mob_suite/utils.py:971]
2025-05-08 11:40:42,916 root INFO: Writting plasmid sequences to /nfs/turbo/umms-esnitkin/Project_Penn_KPC/Analysis/Combination_resistance/pre-intro-blbli-resistance-ms/data/mobsuite_ONT/PCMP_H434/plasmid_AA941.fasta [in /home/kgontjes/.conda/envs/mobsuite_v3_1_9/lib/python3.11/site-packages/mob_suite/utils.py:971]
2025-05-08 11:40:44,030 root INFO: Writting chromosome sequences to /nfs/turbo/umms-esnitkin/Project_Penn_KPC/Analysis/Combination_resistance/pre-intro-blbli-resistance-ms/data/mobsuite_ONT/PCMP_H434/chromosome.fasta [in /home/kgontjes/.conda/envs/mobsuite_v3_1_9/lib/python3.11/site-packages/mob_suite/mob_recon.py:1404]
/home/kgontjes/.conda/envs/mobsuite_v3_1_9/lib/python3.11/site-packages/mob_suite/utils.py:338: FutureWarning: the 'line_terminator'' keyword is deprecated, use 'lineterminator' instead.
  blast_df.to_csv(blast_results_file, sep='\t', header=True, line_terminator='\n', index=False)
2025-05-08 11:40:45,320 root INFO: Creating plasmid biomarkers report ... [in /home/kgontjes/.conda/envs/mobsuite_v3_1_9/lib/python3.11/site-packages/mob_suite/utils.py:1382]
2025-05-08 11:40:45,644 root INFO: Writting plasmid biomarkers report contaning 49 biomarkers [in /home/kgontjes/.conda/envs/mobsuite_v3_1_9/lib/python3.11/site-packages/mob_suite/mob_recon.py:1478]
2025-05-08 11:40:45,648 root INFO: Cleaning up temporary files /nfs/turbo/umms-esnitkin/Project_Penn_KPC/Analysis/Combination_resistance/pre-intro-blbli-resistance-ms/data/mobsuite_ONT/PCMP_H434/__tmp [in /home/kgontjes/.conda/envs/mobsuite_v3_1_9/lib/python3.11/site-packages/mob_suite/mob_recon.py:1484]
2025-05-08 11:40:45,670 mob_suite.mob_recon INFO: MOB-recon completed and results written to /nfs/turbo/umms-esnitkin/Project_Penn_KPC/Analysis/Combination_resistance/pre-intro-blbli-resistance-ms/data/mobsuite_ONT/PCMP_H434 [in /home/kgontjes/.conda/envs/mobsuite_v3_1_9/lib/python3.11/site-packages/mob_suite/mob_recon.py:1486]
